Starting at time :0
Constraints Added : 0
Time in Secs : 9.11
Objective Distaince : 23368.1
Subtour from Atlanta : 19
Full Tour:
1	20
2	9
3	14
4	24
5	10
6	1
7	13
8	19
9	6
10	21
11	23
12	7
13	17
14	4
15	11
16	22
17	2
18	3
19	16
20	8
21	15
22	5
23	12
24	18
--------------------------
Constraints Added : 1
Time in Secs : 10.998
Objective Distaince : 23368.1
Subtour from Atlanta : 19
Full Tour:
1	6
2	17
3	18
4	14
5	22
6	9
7	12
8	20
9	2
10	5
11	15
12	23
13	7
14	3
15	21
16	19
17	13
18	24
19	8
20	1
21	10
22	16
23	11
24	4
--------------------------
Constraints Added : 2
Time in Secs : 13.431
Objective Distaince : 23505.2
Subtour from Atlanta : 19
Full Tour:
1	20
2	9
3	18
4	24
5	10
6	1
7	13
8	19
9	6
10	21
11	23
12	7
13	17
14	3
15	11
16	22
17	2
18	4
19	16
20	8
21	15
22	5
23	12
24	14
--------------------------
Constraints Added : 3
Time in Secs : 15.783
Objective Distaince : 23625.1
Subtour from Atlanta : 19
Full Tour:
1	6
2	17
3	4
4	24
5	22
6	9
7	12
8	20
9	2
10	5
11	15
12	23
13	7
14	3
15	21
16	19
17	13
18	14
19	8
20	1
21	10
22	16
23	11
24	18
--------------------------
Constraints Added : 4
Time in Secs : 29.542
Objective Distaince : 23769.7
Subtour from Atlanta : 19
Full Tour:
1	6
2	17
3	24
4	18
5	22
6	9
7	12
8	20
9	2
10	5
11	15
12	23
13	7
14	3
15	21
16	19
17	13
18	14
19	8
20	1
21	10
22	16
23	11
24	4
--------------------------
Constraints Added : 5
Time in Secs : 32.351
Objective Distaince : 25353.6
Subtour from Atlanta : 24
Full Tour:
1	19
2	9
3	4
4	17
5	10
6	1
7	23
8	20
9	6
10	21
11	8
12	24
13	7
14	3
15	11
16	22
17	2
18	14
19	16
20	13
21	15
22	5
23	12
24	18
--------------------------
