Starting at time :0
Constraints Added : 0
Time in Secs : 82.401
Objective Distaince : 32019.6
Subtour from Atlanta : 23
Full Tour:
1	9
2	42
3	34
4	35
5	29
6	37
7	28
8	38
9	8
10	24
11	12
12	15
13	25
14	23
15	40
16	22
17	43
18	7
19	27
20	47
21	13
22	3
23	11
24	32
25	14
26	4
27	17
28	36
29	2
30	6
31	44
32	39
33	20
34	41
35	45
36	46
37	19
38	31
39	48
40	1
41	16
42	26
43	30
44	18
45	10
46	33
47	21
48	5
--------------------------
Constraints Added : 1
Time in Secs : 481.017
Objective Distaince : 32019.6
Subtour from Atlanta : 23
Full Tour:
1	40
2	29
3	34
4	26
5	48
6	30
7	18
8	9
9	1
10	45
11	23
12	11
13	21
14	25
15	12
16	22
17	27
18	44
19	37
20	33
21	47
22	3
23	14
24	10
25	13
26	42
27	19
28	7
29	5
30	43
31	38
32	24
33	46
34	41
35	4
36	28
37	6
38	8
39	32
40	15
41	16
42	2
43	17
44	31
45	35
46	36
47	20
48	39
--------------------------
Constraints Added : 2
Time in Secs : 553.324
Objective Distaince : 32019.6
Subtour from Atlanta : 23
Full Tour:
1	40
2	29
3	22
4	26
5	48
6	37
7	18
8	9
9	1
10	45
11	23
12	11
13	21
14	25
15	12
16	41
17	43
18	44
19	27
20	33
21	47
22	16
23	14
24	10
25	13
26	42
27	17
28	7
29	5
30	6
31	38
32	24
33	46
34	3
35	4
36	28
37	19
38	8
39	32
40	15
41	34
42	2
43	30
44	31
45	35
46	36
47	20
48	39
--------------------------
Constraints Added : 3
Time in Secs : 603.447
Objective Distaince : 32202
Subtour from Atlanta : 23
Full Tour:
1	9
2	26
3	22
4	35
5	29
6	37
7	28
8	38
9	8
10	42
11	12
12	15
13	25
14	23
15	40
16	41
17	43
18	7
19	27
20	47
21	13
22	16
23	11
24	32
25	14
26	4
27	17
28	36
29	2
30	6
31	44
32	39
33	20
34	3
35	45
36	46
37	19
38	31
39	48
40	1
41	34
42	24
43	30
44	18
45	10
46	33
47	21
48	5
--------------------------
Constraints Added : 4
Time in Secs : 656.191
Objective Distaince : 32311.7
Subtour from Atlanta : 28
Full Tour:
1	9
2	26
3	23
4	35
5	29
6	30
7	28
8	38
9	8
10	42
11	12
12	15
13	25
14	34
15	40
16	22
17	27
18	7
19	37
20	47
21	13
22	3
23	11
24	32
25	14
26	4
27	19
28	36
29	2
30	43
31	44
32	39
33	20
34	41
35	45
36	46
37	6
38	31
39	48
40	1
41	16
42	24
43	17
44	18
45	10
46	33
47	21
48	5
--------------------------
Constraints Added : 5
Time in Secs : 746.267
Objective Distaince : 32422.7
Subtour from Atlanta : 28
Full Tour:
1	9
2	4
3	23
4	26
5	29
6	30
7	28
8	38
9	8
10	42
11	12
12	15
13	25
14	34
15	40
16	22
17	27
18	7
19	37
20	47
21	13
22	3
23	11
24	32
25	14
26	35
27	19
28	36
29	2
30	43
31	44
32	39
33	20
34	41
35	45
36	46
37	6
38	31
39	48
40	1
41	16
42	24
43	17
44	18
45	10
46	33
47	21
48	5
--------------------------
Constraints Added : 6
Time in Secs : 821.46
Objective Distaince : 33105.7
Subtour from Atlanta : 28
Full Tour:
1	9
2	5
3	23
4	35
5	48
6	30
7	28
8	38
9	8
10	26
11	12
12	15
13	25
14	34
15	40
16	22
17	27
18	7
19	37
20	47
21	13
22	3
23	11
24	42
25	14
26	4
27	19
28	36
29	2
30	43
31	44
32	24
33	20
34	41
35	45
36	46
37	6
38	31
39	32
40	1
41	16
42	29
43	17
44	18
45	10
46	33
47	21
48	39
--------------------------
Constraints Added : 7
Time in Secs : 906.559
Objective Distaince : 33240.8
Subtour from Atlanta : 28
Full Tour:
1	9
2	10
3	23
4	35
5	29
6	37
7	28
8	38
9	8
10	42
11	12
12	15
13	25
14	34
15	40
16	22
17	43
18	7
19	27
20	47
21	13
22	3
23	11
24	32
25	14
26	4
27	17
28	36
29	2
30	6
31	44
32	39
33	20
34	41
35	45
36	46
37	19
38	31
39	48
40	1
41	16
42	26
43	30
44	18
45	24
46	33
47	21
48	5
--------------------------
Constraints Added : 8
Time in Secs : 964.873
Objective Distaince : 33482.3
Subtour from Atlanta : 28
Full Tour:
1	9
2	10
3	23
4	42
5	29
6	30
7	28
8	38
9	8
10	45
11	12
12	15
13	25
14	34
15	40
16	22
17	27
18	7
19	37
20	47
21	13
22	3
23	11
24	32
25	14
26	4
27	19
28	36
29	2
30	43
31	44
32	39
33	20
34	41
35	26
36	46
37	6
38	31
39	48
40	1
41	16
42	24
43	17
44	18
45	35
46	33
47	21
48	5
--------------------------
Constraints Added : 9
Time in Secs : 1071.58
Objective Distaince : 33536.8
Subtour from Atlanta : 34
Full Tour:
1	38
2	41
3	16
4	42
5	29
6	30
7	28
8	1
9	8
10	45
11	12
12	15
13	23
14	25
15	40
16	22
17	27
18	7
19	37
20	47
21	32
22	9
23	11
24	10
25	13
26	4
27	19
28	36
29	2
30	43
31	44
32	39
33	20
34	14
35	26
36	46
37	6
38	31
39	48
40	3
41	34
42	24
43	17
44	18
45	35
46	33
47	21
48	5
--------------------------
Constraints Added : 10
Time in Secs : 1151.22
Objective Distaince : 33554.3
Subtour from Atlanta : 34
Full Tour:
1	38
2	41
3	16
4	45
5	29
6	30
7	28
8	1
9	8
10	24
11	12
12	15
13	23
14	25
15	40
16	22
17	27
18	7
19	37
20	47
21	32
22	9
23	11
24	42
25	13
26	4
27	19
28	36
29	2
30	43
31	44
32	39
33	20
34	14
35	10
36	46
37	6
38	31
39	48
40	3
41	34
42	26
43	17
44	18
45	35
46	33
47	21
48	5
--------------------------
Constraints Added : 11
Time in Secs : 1249.62
Objective Distaince : 33554.3
Subtour from Atlanta : 34
Full Tour:
1	38
2	41
3	16
4	45
5	29
6	37
7	28
8	1
9	8
10	24
11	12
12	15
13	23
14	25
15	40
16	22
17	43
18	7
19	27
20	47
21	32
22	9
23	11
24	42
25	13
26	4
27	17
28	36
29	2
30	6
31	44
32	39
33	20
34	14
35	10
36	46
37	19
38	31
39	48
40	3
41	34
42	26
43	30
44	18
45	35
46	33
47	21
48	5
--------------------------
Constraints Added : 12
Time in Secs : 1310.2
Objective Distaince : 33633.2
Subtour from Atlanta : 34
Full Tour:
1	38
2	41
3	16
4	10
5	29
6	37
7	28
8	1
9	8
10	42
11	12
12	15
13	23
14	25
15	40
16	22
17	43
18	7
19	27
20	47
21	32
22	9
23	11
24	45
25	13
26	4
27	17
28	36
29	2
30	6
31	44
32	39
33	20
34	14
35	26
36	46
37	19
38	31
39	48
40	3
41	34
42	24
43	30
44	18
45	35
46	33
47	21
48	5
--------------------------
Constraints Added : 13
Time in Secs : 1422.33
Objective Distaince : 33823.3
Subtour from Atlanta : 34
Full Tour:
1	38
2	41
3	16
4	10
5	29
6	19
7	28
8	1
9	8
10	42
11	12
12	15
13	23
14	25
15	40
16	22
17	43
18	7
19	37
20	47
21	32
22	9
23	11
24	45
25	13
26	4
27	17
28	36
29	2
30	6
31	44
32	39
33	20
34	14
35	26
36	46
37	27
38	31
39	48
40	3
41	34
42	24
43	30
44	18
45	35
46	33
47	21
48	5
--------------------------
Constraints Added : 14
Time in Secs : 1488.7
Objective Distaince : 33999.5
Subtour from Atlanta : 30
Full Tour:
1	9
2	48
3	23
4	2
5	29
6	19
7	28
8	38
9	8
10	45
11	12
12	15
13	14
14	34
15	40
16	22
17	43
18	7
19	37
20	47
21	32
22	3
23	11
24	10
25	13
26	4
27	17
28	36
29	42
30	6
31	44
32	39
33	20
34	41
35	26
36	46
37	27
38	31
39	25
40	1
41	16
42	24
43	30
44	18
45	35
46	33
47	21
48	5
--------------------------
Constraints Added : 15
Time in Secs : 1557.59
Objective Distaince : 34354.9
Subtour from Atlanta : 41
Full Tour:
1	38
2	41
3	16
4	2
5	29
6	19
7	28
8	1
9	8
10	45
11	12
12	15
13	23
14	25
15	40
16	22
17	43
18	7
19	37
20	47
21	32
22	9
23	11
24	10
25	13
26	4
27	17
28	36
29	42
30	6
31	44
32	39
33	20
34	14
35	26
36	46
37	27
38	31
39	48
40	3
41	34
42	24
43	30
44	18
45	35
46	33
47	21
48	5
--------------------------
Constraints Added : 16
Time in Secs : 1660.33
Objective Distaince : 34505.5
Subtour from Atlanta : 41
Full Tour:
1	38
2	41
3	16
4	2
5	29
6	27
7	28
8	1
9	8
10	45
11	12
12	15
13	23
14	25
15	40
16	22
17	43
18	7
19	37
20	47
21	32
22	9
23	11
24	10
25	13
26	4
27	17
28	36
29	42
30	19
31	44
32	39
33	20
34	14
35	26
36	46
37	6
38	31
39	48
40	3
41	34
42	24
43	30
44	18
45	35
46	33
47	21
48	5
--------------------------
Constraints Added : 17
Time in Secs : 1761.26
Objective Distaince : 34528.3
Subtour from Atlanta : 41
Full Tour:
1	38
2	41
3	16
4	2
5	29
6	43
7	28
8	1
9	8
10	45
11	12
12	15
13	23
14	25
15	40
16	22
17	27
18	7
19	37
20	47
21	32
22	9
23	11
24	10
25	13
26	4
27	19
28	36
29	42
30	6
31	44
32	39
33	20
34	14
35	26
36	46
37	30
38	31
39	48
40	3
41	34
42	24
43	17
44	18
45	35
46	33
47	21
48	5
--------------------------
Constraints Added : 18
Time in Secs : 1895.32
Objective Distaince : 34536
Subtour from Atlanta : 41
Full Tour:
1	38
2	41
3	16
4	2
5	29
6	27
7	28
8	1
9	8
10	45
11	12
12	15
13	23
14	25
15	40
16	22
17	19
18	7
19	37
20	47
21	32
22	9
23	11
24	10
25	13
26	4
27	43
28	36
29	42
30	6
31	44
32	39
33	20
34	14
35	26
36	46
37	30
38	31
39	48
40	3
41	34
42	24
43	17
44	18
45	35
46	33
47	21
48	5
--------------------------
Constraints Added : 19
Time in Secs : 2094.94
Objective Distaince : 34538.5
Subtour from Atlanta : 37
Full Tour:
1	38
2	41
3	16
4	2
5	29
6	28
7	18
8	1
9	8
10	45
11	12
12	15
13	23
14	25
15	40
16	22
17	27
18	36
19	37
20	47
21	32
22	9
23	11
24	10
25	13
26	4
27	19
28	7
29	42
30	43
31	44
32	39
33	20
34	14
35	26
36	30
37	6
38	31
39	48
40	3
41	34
42	24
43	17
44	46
45	35
46	33
47	21
48	5
--------------------------
Constraints Added : 20
Time in Secs : 2189.89
Objective Distaince : 34648.9
Subtour from Atlanta : 37
Full Tour:
1	38
2	41
3	16
4	2
5	29
6	36
7	28
8	1
9	8
10	45
11	12
12	15
13	23
14	25
15	40
16	22
17	27
18	7
19	37
20	47
21	32
22	9
23	11
24	10
25	13
26	4
27	19
28	30
29	42
30	43
31	44
32	39
33	20
34	14
35	26
36	18
37	6
38	31
39	48
40	3
41	34
42	24
43	17
44	46
45	35
46	33
47	21
48	5
--------------------------
Constraints Added : 21
Time in Secs : 2573.44
Objective Distaince : 34700.2
Subtour from Atlanta : 18
Full Tour:
1	40
2	34
3	23
4	2
5	29
6	27
7	18
8	9
9	1
10	45
11	47
12	11
13	21
14	25
15	12
16	22
17	37
18	44
19	30
20	33
21	32
22	3
23	14
24	10
25	13
26	4
27	43
28	7
29	42
30	6
31	38
32	39
33	46
34	41
35	26
36	28
37	19
38	8
39	48
40	15
41	16
42	24
43	17
44	31
45	35
46	36
47	20
48	5
--------------------------
Constraints Added : 22
Time in Secs : 2694.74
Objective Distaince : 34706.1
Subtour from Atlanta : 36
Full Tour:
1	38
2	41
3	16
4	2
5	29
6	27
7	44
8	1
9	8
10	45
11	12
12	15
13	23
14	25
15	40
16	22
17	37
18	36
19	30
20	47
21	32
22	9
23	11
24	10
25	13
26	4
27	43
28	7
29	42
30	6
31	46
32	39
33	20
34	14
35	26
36	28
37	19
38	31
39	48
40	3
41	34
42	24
43	17
44	18
45	35
46	33
47	21
48	5
--------------------------
Constraints Added : 23
Time in Secs : 2828.41
Objective Distaince : 34712.2
Subtour from Atlanta : 37
Full Tour:
1	38
2	41
3	16
4	2
5	29
6	7
7	18
8	1
9	8
10	45
11	12
12	15
13	23
14	25
15	40
16	22
17	27
18	36
19	37
20	47
21	32
22	9
23	11
24	10
25	13
26	4
27	19
28	30
29	42
30	43
31	44
32	39
33	20
34	14
35	26
36	28
37	6
38	31
39	48
40	3
41	34
42	24
43	17
44	46
45	35
46	33
47	21
48	5
--------------------------
Constraints Added : 24
Time in Secs : 2951.2
Objective Distaince : 34736.9
Subtour from Atlanta : 36
Full Tour:
1	38
2	41
3	16
4	2
5	29
6	17
7	44
8	1
9	8
10	45
11	12
12	15
13	23
14	25
15	40
16	22
17	27
18	36
19	37
20	47
21	32
22	9
23	11
24	10
25	13
26	4
27	43
28	7
29	42
30	19
31	46
32	39
33	20
34	14
35	26
36	28
37	6
38	31
39	48
40	3
41	34
42	24
43	30
44	18
45	35
46	33
47	21
48	5
--------------------------
Constraints Added : 25
Time in Secs : 3009.24
Objective Distaince : 34895.1
Subtour from Atlanta : 37
Full Tour:
1	38
2	41
3	16
4	2
5	29
6	18
7	36
8	1
9	8
10	45
11	12
12	15
13	23
14	25
15	40
16	22
17	27
18	7
19	37
20	47
21	32
22	9
23	11
24	10
25	13
26	4
27	19
28	30
29	42
30	43
31	44
32	39
33	20
34	14
35	26
36	28
37	6
38	31
39	48
40	3
41	34
42	24
43	17
44	46
45	35
46	33
47	21
48	5
--------------------------
Constraints Added : 26
Time in Secs : 3137.7
Objective Distaince : 34958.9
Subtour from Atlanta : 36
Full Tour:
1	38
2	41
3	16
4	2
5	29
6	7
7	44
8	1
9	8
10	45
11	12
12	15
13	23
14	25
15	40
16	22
17	27
18	36
19	37
20	47
21	32
22	9
23	11
24	10
25	13
26	4
27	19
28	30
29	42
30	43
31	46
32	39
33	20
34	14
35	26
36	28
37	6
38	31
39	48
40	3
41	34
42	24
43	17
44	18
45	35
46	33
47	21
48	5
--------------------------
Constraints Added : 27
Time in Secs : 3482.58
Objective Distaince : 35073.2
Subtour from Atlanta : 36
Full Tour:
1	38
2	41
3	16
4	2
5	29
6	36
7	44
8	1
9	8
10	45
11	12
12	15
13	23
14	25
15	40
16	22
17	27
18	28
19	37
20	47
21	32
22	9
23	11
24	10
25	13
26	4
27	19
28	30
29	42
30	43
31	46
32	39
33	20
34	14
35	26
36	7
37	6
38	31
39	48
40	3
41	34
42	24
43	17
44	18
45	35
46	33
47	21
48	5
--------------------------
Constraints Added : 28
Time in Secs : 3560.1
Objective Distaince : 35113.6
Subtour from Atlanta : 37
Full Tour:
1	38
2	41
3	16
4	2
5	29
6	36
7	30
8	1
9	8
10	45
11	12
12	15
13	23
14	25
15	40
16	22
17	27
18	7
19	37
20	47
21	32
22	9
23	11
24	10
25	13
26	4
27	19
28	18
29	42
30	43
31	44
32	39
33	20
34	14
35	26
36	28
37	6
38	31
39	48
40	3
41	34
42	24
43	17
44	46
45	35
46	33
47	21
48	5
--------------------------
Constraints Added : 29
Time in Secs : 3618.57
Objective Distaince : 35210.9
Subtour from Atlanta : 37
Full Tour:
1	38
2	41
3	16
4	2
5	29
6	18
7	30
8	1
9	8
10	45
11	12
12	15
13	23
14	25
15	40
16	22
17	27
18	36
19	37
20	47
21	32
22	9
23	11
24	10
25	13
26	4
27	19
28	7
29	42
30	43
31	44
32	39
33	20
34	14
35	26
36	28
37	6
38	31
39	48
40	3
41	34
42	24
43	17
44	46
45	35
46	33
47	21
48	5
--------------------------
Constraints Added : 30
Time in Secs : 3675.19
Objective Distaince : 35346.8
Subtour from Atlanta : 37
Full Tour:
1	38
2	41
3	16
4	2
5	29
6	18
7	6
8	1
9	8
10	45
11	12
12	15
13	23
14	25
15	40
16	22
17	27
18	36
19	37
20	47
21	32
22	9
23	11
24	10
25	13
26	4
27	19
28	7
29	42
30	43
31	44
32	39
33	20
34	14
35	26
36	28
37	30
38	31
39	48
40	3
41	34
42	24
43	17
44	46
45	35
46	33
47	21
48	5
--------------------------
Constraints Added : 31
Time in Secs : 3733.32
Objective Distaince : 35623
Subtour from Atlanta : 36
Full Tour:
1	38
2	41
3	16
4	2
5	29
6	44
7	6
8	1
9	8
10	45
11	12
12	15
13	23
14	25
15	40
16	22
17	27
18	36
19	37
20	47
21	32
22	9
23	11
24	10
25	13
26	4
27	19
28	7
29	42
30	43
31	46
32	39
33	20
34	14
35	26
36	28
37	30
38	31
39	48
40	3
41	34
42	24
43	17
44	18
45	35
46	33
47	21
48	5
--------------------------
Constraints Added : 32
Time in Secs : 3793.51
Objective Distaince : 35745.1
Subtour from Atlanta : 36
Full Tour:
1	38
2	41
3	16
4	2
5	29
6	44
7	37
8	1
9	8
10	45
11	12
12	15
13	23
14	25
15	40
16	22
17	27
18	36
19	17
20	47
21	32
22	9
23	11
24	10
25	13
26	4
27	43
28	7
29	42
30	6
31	46
32	39
33	20
34	14
35	26
36	28
37	19
38	31
39	48
40	3
41	34
42	24
43	30
44	18
45	35
46	33
47	21
48	5
--------------------------
Constraints Added : 33
Time in Secs : 3840.46
Objective Distaince : 35868.7
Subtour from Atlanta : 48
Full Tour:
1	38
2	41
3	16
4	2
5	29
6	46
7	37
8	1
9	8
10	45
11	12
12	15
13	23
14	25
15	40
16	22
17	27
18	36
19	17
20	47
21	32
22	9
23	11
24	10
25	13
26	4
27	43
28	7
29	42
30	6
31	44
32	39
33	20
34	14
35	26
36	28
37	19
38	31
39	48
40	3
41	34
42	24
43	30
44	18
45	35
46	33
47	21
48	5
--------------------------
