Starting at time :0
Constraints Added : 0
Time in Secs : 4.634
Objective Distaince : 31793.6
Subtour from Atlanta : 19
Full Tour:
1	9
2	29
3	22
4	26
5	48
6	37
7	18
8	38
9	8
10	45
11	12
12	15
13	25
14	23
15	40
16	41
17	43
18	36
19	27
20	47
21	13
22	16
23	11
24	10
25	14
26	42
27	17
28	7
29	5
30	6
31	44
32	24
33	20
34	3
35	4
36	28
37	19
38	31
39	32
40	1
41	34
42	2
43	30
44	46
45	35
46	33
47	21
48	39
--------------------------
Constraints Added : 1
Time in Secs : 7.161
Objective Distaince : 31793.6
Subtour from Atlanta : 19
Full Tour:
1	40
2	42
3	22
4	35
5	29
6	37
7	18
8	9
9	1
10	24
11	23
12	11
13	21
14	25
15	12
16	41
17	43
18	36
19	27
20	33
21	47
22	16
23	14
24	32
25	13
26	4
27	17
28	7
29	2
30	6
31	38
32	39
33	46
34	3
35	45
36	28
37	19
38	8
39	48
40	15
41	34
42	26
43	30
44	31
45	10
46	44
47	20
48	5
--------------------------
Constraints Added : 2
Time in Secs : 10.238
Objective Distaince : 31793.6
Subtour from Atlanta : 19
Full Tour:
1	40
2	42
3	34
4	35
5	29
6	37
7	18
8	9
9	1
10	24
11	23
12	11
13	21
14	25
15	12
16	22
17	43
18	36
19	27
20	33
21	47
22	3
23	14
24	32
25	13
26	4
27	17
28	7
29	2
30	6
31	38
32	39
33	46
34	41
35	45
36	28
37	19
38	8
39	48
40	15
41	16
42	26
43	30
44	31
45	10
46	44
47	20
48	5
--------------------------
Constraints Added : 3
Time in Secs : 13.53
Objective Distaince : 31976
Subtour from Atlanta : 19
Full Tour:
1	40
2	26
3	34
4	35
5	29
6	37
7	18
8	9
9	1
10	42
11	23
12	11
13	21
14	25
15	12
16	22
17	43
18	36
19	27
20	33
21	47
22	3
23	14
24	32
25	13
26	4
27	17
28	7
29	2
30	6
31	38
32	39
33	46
34	41
35	45
36	28
37	19
38	8
39	48
40	15
41	16
42	24
43	30
44	31
45	10
46	44
47	20
48	5
--------------------------
Constraints Added : 4
Time in Secs : 17.129
Objective Distaince : 32085.7
Subtour from Atlanta : 24
Full Tour:
1	9
2	26
3	23
4	35
5	29
6	37
7	18
8	38
9	8
10	42
11	12
12	15
13	25
14	34
15	40
16	22
17	43
18	36
19	27
20	47
21	13
22	3
23	11
24	32
25	14
26	4
27	17
28	7
29	2
30	6
31	44
32	39
33	20
34	41
35	45
36	28
37	19
38	31
39	48
40	1
41	16
42	24
43	30
44	46
45	10
46	33
47	21
48	5
--------------------------
Constraints Added : 5
Time in Secs : 20.155
Objective Distaince : 32196.6
Subtour from Atlanta : 24
Full Tour:
1	9
2	4
3	23
4	26
5	29
6	37
7	18
8	38
9	8
10	42
11	12
12	15
13	25
14	34
15	40
16	22
17	43
18	36
19	27
20	47
21	13
22	3
23	11
24	32
25	14
26	35
27	17
28	7
29	2
30	6
31	44
32	39
33	20
34	41
35	45
36	28
37	19
38	31
39	48
40	1
41	16
42	24
43	30
44	46
45	10
46	33
47	21
48	5
--------------------------
Constraints Added : 6
Time in Secs : 23.68
Objective Distaince : 32688.8
Subtour from Atlanta : 26
Full Tour:
1	9
2	48
3	23
4	35
5	29
6	37
7	28
8	38
9	8
10	24
11	12
12	15
13	14
14	34
15	40
16	22
17	43
18	7
19	27
20	47
21	32
22	3
23	11
24	42
25	13
26	4
27	17
28	36
29	2
30	6
31	44
32	39
33	20
34	41
35	45
36	18
37	19
38	31
39	25
40	1
41	16
42	26
43	30
44	46
45	10
46	33
47	21
48	5
--------------------------
Constraints Added : 7
Time in Secs : 26.853
Objective Distaince : 32745.8
Subtour from Atlanta : 26
Full Tour:
1	9
2	5
3	23
4	35
5	48
6	37
7	18
8	38
9	8
10	24
11	12
12	15
13	14
14	34
15	40
16	22
17	43
18	36
19	27
20	47
21	32
22	3
23	11
24	42
25	13
26	4
27	17
28	7
29	2
30	6
31	44
32	39
33	20
34	41
35	45
36	28
37	19
38	31
39	25
40	1
41	16
42	26
43	30
44	46
45	10
46	33
47	21
48	29
--------------------------
Constraints Added : 8
Time in Secs : 29.63
Objective Distaince : 32891.5
Subtour from Atlanta : 24
Full Tour:
1	9
2	5
3	23
4	45
5	48
6	37
7	18
8	38
9	8
10	42
11	12
12	15
13	25
14	34
15	40
16	22
17	43
18	36
19	27
20	47
21	13
22	3
23	11
24	10
25	14
26	4
27	17
28	7
29	2
30	6
31	44
32	24
33	20
34	41
35	26
36	28
37	19
38	31
39	32
40	1
41	16
42	29
43	30
44	46
45	35
46	33
47	21
48	39
--------------------------
Constraints Added : 9
Time in Secs : 33.078
Objective Distaince : 33120.1
Subtour from Atlanta : 24
Full Tour:
1	9
2	10
3	23
4	45
5	29
6	37
7	28
8	38
9	8
10	42
11	12
12	15
13	25
14	34
15	40
16	22
17	43
18	7
19	27
20	47
21	13
22	3
23	11
24	32
25	14
26	4
27	17
28	36
29	2
30	6
31	44
32	39
33	20
34	41
35	26
36	18
37	19
38	31
39	48
40	1
41	16
42	24
43	30
44	46
45	35
46	33
47	21
48	5
--------------------------
Constraints Added : 10
Time in Secs : 37.446
Objective Distaince : 33256.3
Subtour from Atlanta : 24
Full Tour:
1	9
2	10
3	23
4	42
5	29
6	37
7	18
8	38
9	8
10	45
11	12
12	15
13	25
14	34
15	40
16	22
17	43
18	36
19	27
20	47
21	13
22	3
23	11
24	32
25	14
26	4
27	17
28	7
29	2
30	6
31	44
32	39
33	20
34	41
35	26
36	28
37	19
38	31
39	48
40	1
41	16
42	24
43	30
44	46
45	35
46	33
47	21
48	5
--------------------------
Constraints Added : 11
Time in Secs : 42.001
Objective Distaince : 33310.8
Subtour from Atlanta : 30
Full Tour:
1	38
2	41
3	16
4	42
5	29
6	37
7	18
8	1
9	8
10	45
11	12
12	15
13	23
14	25
15	40
16	22
17	43
18	36
19	27
20	47
21	32
22	9
23	11
24	10
25	13
26	4
27	17
28	7
29	2
30	6
31	44
32	39
33	20
34	14
35	26
36	28
37	19
38	31
39	48
40	3
41	34
42	24
43	30
44	46
45	35
46	33
47	21
48	5
--------------------------
Constraints Added : 12
Time in Secs : 46.307
Objective Distaince : 33407.1
Subtour from Atlanta : 30
Full Tour:
1	38
2	41
3	16
4	10
5	29
6	30
7	18
8	1
9	8
10	42
11	12
12	15
13	23
14	25
15	40
16	22
17	27
18	36
19	37
20	47
21	32
22	9
23	11
24	45
25	13
26	4
27	19
28	7
29	2
30	43
31	44
32	39
33	20
34	14
35	26
36	28
37	6
38	31
39	48
40	3
41	34
42	24
43	17
44	46
45	35
46	33
47	21
48	5
--------------------------
Constraints Added : 13
Time in Secs : 51.345
Objective Distaince : 33407.1
Subtour from Atlanta : 30
Full Tour:
1	38
2	41
3	16
4	10
5	29
6	37
7	18
8	1
9	8
10	42
11	12
12	15
13	23
14	25
15	40
16	22
17	43
18	36
19	27
20	47
21	32
22	9
23	11
24	45
25	13
26	4
27	17
28	7
29	2
30	6
31	44
32	39
33	20
34	14
35	26
36	28
37	19
38	31
39	48
40	3
41	34
42	24
43	30
44	46
45	35
46	33
47	21
48	5
--------------------------
Constraints Added : 14
Time in Secs : 55.823
Objective Distaince : 33938.8
Subtour from Atlanta : 37
Full Tour:
1	38
2	41
3	16
4	2
5	29
6	37
7	28
8	1
9	8
10	45
11	12
12	15
13	23
14	25
15	40
16	22
17	43
18	7
19	27
20	47
21	32
22	9
23	11
24	10
25	13
26	4
27	17
28	36
29	42
30	6
31	44
32	39
33	20
34	14
35	26
36	18
37	19
38	31
39	48
40	3
41	34
42	24
43	30
44	46
45	35
46	33
47	21
48	5
--------------------------
Constraints Added : 15
Time in Secs : 60.924
Objective Distaince : 34128.9
Subtour from Atlanta : 37
Full Tour:
1	38
2	41
3	16
4	2
5	29
6	19
7	18
8	1
9	8
10	45
11	12
12	15
13	23
14	25
15	40
16	22
17	43
18	36
19	37
20	47
21	32
22	9
23	11
24	10
25	13
26	4
27	17
28	7
29	42
30	6
31	44
32	39
33	20
34	14
35	26
36	28
37	27
38	31
39	48
40	3
41	34
42	24
43	30
44	46
45	35
46	33
47	21
48	5
--------------------------
Constraints Added : 16
Time in Secs : 65.744
Objective Distaince : 34128.9
Subtour from Atlanta : 37
Full Tour:
1	38
2	41
3	16
4	2
5	29
6	19
7	28
8	1
9	8
10	45
11	12
12	15
13	23
14	25
15	40
16	22
17	43
18	7
19	37
20	47
21	32
22	9
23	11
24	10
25	13
26	4
27	17
28	36
29	42
30	6
31	44
32	39
33	20
34	14
35	26
36	18
37	27
38	31
39	48
40	3
41	34
42	24
43	30
44	46
45	35
46	33
47	21
48	5
--------------------------
Constraints Added : 17
Time in Secs : 70.736
Objective Distaince : 34279.4
Subtour from Atlanta : 37
Full Tour:
1	38
2	41
3	16
4	2
5	29
6	27
7	28
8	1
9	8
10	45
11	12
12	15
13	23
14	25
15	40
16	22
17	43
18	7
19	37
20	47
21	32
22	9
23	11
24	10
25	13
26	4
27	17
28	36
29	42
30	19
31	44
32	39
33	20
34	14
35	26
36	18
37	6
38	31
39	48
40	3
41	34
42	24
43	30
44	46
45	35
46	33
47	21
48	5
--------------------------
Constraints Added : 18
Time in Secs : 75.978
Objective Distaince : 34456.9
Subtour from Atlanta : 37
Full Tour:
1	38
2	41
3	16
4	2
5	29
6	27
7	36
8	1
9	8
10	45
11	12
12	15
13	23
14	25
15	40
16	22
17	43
18	7
19	37
20	47
21	32
22	9
23	11
24	10
25	13
26	4
27	17
28	18
29	42
30	19
31	44
32	39
33	20
34	14
35	26
36	28
37	6
38	31
39	48
40	3
41	34
42	24
43	30
44	46
45	35
46	33
47	21
48	5
--------------------------
Constraints Added : 19
Time in Secs : 82.39
Objective Distaince : 34479.8
Subtour from Atlanta : 37
Full Tour:
1	38
2	41
3	16
4	2
5	29
6	43
7	36
8	1
9	8
10	45
11	12
12	15
13	23
14	25
15	40
16	22
17	27
18	7
19	37
20	47
21	32
22	9
23	11
24	10
25	13
26	4
27	19
28	18
29	42
30	6
31	44
32	39
33	20
34	14
35	26
36	28
37	30
38	31
39	48
40	3
41	34
42	24
43	17
44	46
45	35
46	33
47	21
48	5
--------------------------
Constraints Added : 20
Time in Secs : 86.586
Objective Distaince : 34549
Subtour from Atlanta : 36
Full Tour:
1	38
2	41
3	16
4	2
5	29
6	43
7	44
8	1
9	8
10	45
11	12
12	15
13	23
14	25
15	40
16	22
17	27
18	36
19	37
20	47
21	32
22	9
23	11
24	10
25	13
26	4
27	19
28	7
29	42
30	6
31	46
32	39
33	20
34	14
35	26
36	28
37	30
38	31
39	48
40	3
41	34
42	24
43	17
44	18
45	35
46	33
47	21
48	5
--------------------------
Constraints Added : 21
Time in Secs : 92.28
Objective Distaince : 34642.5
Subtour from Atlanta : 36
Full Tour:
1	38
2	41
3	16
4	2
5	29
6	17
7	44
8	1
9	8
10	45
11	12
12	15
13	23
14	25
15	40
16	22
17	43
18	36
19	37
20	47
21	32
22	9
23	11
24	10
25	13
26	4
27	19
28	7
29	42
30	6
31	46
32	39
33	20
34	14
35	26
36	28
37	30
38	31
39	48
40	3
41	34
42	24
43	27
44	18
45	35
46	33
47	21
48	5
--------------------------
Constraints Added : 22
Time in Secs : 96.867
Objective Distaince : 34713.4
Subtour from Atlanta : 37
Full Tour:
1	38
2	41
3	16
4	2
5	29
6	28
7	30
8	1
9	8
10	45
11	12
12	15
13	23
14	25
15	40
16	22
17	27
18	7
19	37
20	47
21	32
22	9
23	11
24	10
25	13
26	4
27	19
28	36
29	42
30	43
31	44
32	39
33	20
34	14
35	26
36	18
37	6
38	31
39	48
40	3
41	34
42	24
43	17
44	46
45	35
46	33
47	21
48	5
--------------------------
Constraints Added : 23
Time in Secs : 102.015
Objective Distaince : 34891.5
Subtour from Atlanta : 41
Full Tour:
1	38
2	41
3	16
4	2
5	29
6	17
7	46
8	1
9	8
10	45
11	12
12	15
13	23
14	25
15	40
16	22
17	43
18	36
19	37
20	47
21	32
22	9
23	11
24	10
25	13
26	4
27	19
28	7
29	42
30	6
31	44
32	39
33	20
34	14
35	26
36	28
37	30
38	31
39	48
40	3
41	34
42	24
43	27
44	18
45	35
46	33
47	21
48	5
--------------------------
Constraints Added : 24
Time in Secs : 106.617
Objective Distaince : 34985.8
Subtour from Atlanta : 41
Full Tour:
1	38
2	41
3	16
4	2
5	29
6	17
7	46
8	1
9	8
10	45
11	12
12	15
13	23
14	25
15	40
16	22
17	27
18	36
19	37
20	47
21	32
22	9
23	11
24	10
25	13
26	4
27	43
28	7
29	42
30	19
31	44
32	39
33	20
34	14
35	26
36	28
37	6
38	31
39	48
40	3
41	34
42	24
43	30
44	18
45	35
46	33
47	21
48	5
--------------------------
Constraints Added : 25
Time in Secs : 110.174
Objective Distaince : 35113.6
Subtour from Atlanta : 37
Full Tour:
1	38
2	41
3	16
4	2
5	29
6	36
7	30
8	1
9	8
10	45
11	12
12	15
13	23
14	25
15	40
16	22
17	27
18	7
19	37
20	47
21	32
22	9
23	11
24	10
25	13
26	4
27	19
28	18
29	42
30	43
31	44
32	39
33	20
34	14
35	26
36	28
37	6
38	31
39	48
40	3
41	34
42	24
43	17
44	46
45	35
46	33
47	21
48	5
--------------------------
Constraints Added : 26
Time in Secs : 114.745
Objective Distaince : 35116
Subtour from Atlanta : 39
Full Tour:
1	38
2	41
3	16
4	2
5	29
6	36
7	46
8	1
9	8
10	45
11	12
12	15
13	23
14	25
15	40
16	22
17	27
18	7
19	37
20	47
21	32
22	9
23	11
24	10
25	13
26	4
27	19
28	30
29	42
30	43
31	44
32	39
33	20
34	14
35	26
36	28
37	6
38	31
39	48
40	3
41	34
42	24
43	17
44	18
45	35
46	33
47	21
48	5
--------------------------
Constraints Added : 27
Time in Secs : 119.347
Objective Distaince : 35207.9
Subtour from Atlanta : 48
Full Tour:
1	38
2	41
3	16
4	2
5	29
6	7
7	46
8	1
9	8
10	45
11	12
12	15
13	23
14	25
15	40
16	22
17	27
18	36
19	37
20	47
21	32
22	9
23	11
24	10
25	13
26	4
27	19
28	30
29	42
30	43
31	44
32	39
33	20
34	14
35	26
36	28
37	6
38	31
39	48
40	3
41	34
42	24
43	17
44	18
45	35
46	33
47	21
48	5
--------------------------
