Starting at time :0
Constraints Added : 0
Time in Secs : 1.201
Objective Distaince : 26566.2
Subtour from Atlanta : 2
Full Tour:
1	38
2	29
3	22
4	26
5	48
6	30
7	18
8	9
9	8
10	24
11	23
12	20
13	25
14	13
15	40
16	3
17	43
18	7
19	37
20	12
21	47
22	16
23	11
24	42
25	14
26	4
27	17
28	36
29	2
30	6
31	44
32	39
33	46
34	41
35	45
36	28
37	19
38	1
39	32
40	15
41	34
42	10
43	27
44	31
45	35
46	33
47	21
48	5
--------------------------
Constraints Added : 1
Time in Secs : 1.388
Objective Distaince : 27167.5
Subtour from Atlanta : 2
Full Tour:
1	38
2	42
3	22
4	26
5	48
6	30
7	18
8	9
9	8
10	24
11	23
12	20
13	25
14	13
15	40
16	3
17	43
18	7
19	37
20	12
21	47
22	16
23	11
24	10
25	14
26	4
27	17
28	36
29	2
30	6
31	44
32	39
33	46
34	41
35	45
36	28
37	19
38	1
39	32
40	15
41	34
42	29
43	27
44	31
45	35
46	33
47	21
48	5
--------------------------
Constraints Added : 2
Time in Secs : 1.606
Objective Distaince : 27167.5
Subtour from Atlanta : 2
Full Tour:
1	38
2	42
3	16
4	26
5	48
6	30
7	18
8	9
9	8
10	24
11	23
12	20
13	25
14	13
15	40
16	22
17	43
18	7
19	37
20	12
21	47
22	3
23	11
24	10
25	14
26	4
27	17
28	36
29	2
30	6
31	44
32	39
33	46
34	41
35	45
36	28
37	19
38	1
39	32
40	15
41	34
42	29
43	27
44	31
45	35
46	33
47	21
48	5
--------------------------
Constraints Added : 3
Time in Secs : 1.809
Objective Distaince : 28039.6
Subtour from Atlanta : 2
Full Tour:
1	38
2	48
3	16
4	26
5	29
6	30
7	18
8	9
9	8
10	24
11	23
12	20
13	14
14	25
15	40
16	22
17	43
18	7
19	37
20	12
21	47
22	3
23	11
24	42
25	13
26	4
27	17
28	36
29	2
30	6
31	44
32	39
33	46
34	41
35	45
36	28
37	19
38	1
39	32
40	15
41	34
42	10
43	27
44	31
45	35
46	33
47	21
48	5
--------------------------
Constraints Added : 4
Time in Secs : 2.012
Objective Distaince : 28081.6
Subtour from Atlanta : 2
Full Tour:
1	38
2	48
3	40
4	26
5	29
6	30
7	18
8	9
9	8
10	24
11	23
12	15
13	21
14	25
15	12
16	22
17	43
18	7
19	37
20	47
21	13
22	16
23	11
24	42
25	14
26	4
27	17
28	36
29	2
30	6
31	44
32	39
33	46
34	41
35	45
36	28
37	19
38	1
39	32
40	3
41	34
42	10
43	27
44	31
45	35
46	33
47	20
48	5
--------------------------
Constraints Added : 5
Time in Secs : 2.23
Objective Distaince : 28138.6
Subtour from Atlanta : 2
Full Tour:
1	38
2	5
3	40
4	26
5	48
6	30
7	18
8	9
9	8
10	24
11	23
12	15
13	21
14	25
15	12
16	22
17	43
18	7
19	37
20	47
21	13
22	16
23	11
24	42
25	14
26	4
27	17
28	36
29	2
30	6
31	44
32	39
33	46
34	41
35	45
36	28
37	19
38	1
39	32
40	3
41	34
42	10
43	27
44	31
45	35
46	33
47	20
48	29
--------------------------
Constraints Added : 6
Time in Secs : 2.449
Objective Distaince : 28156.8
Subtour from Atlanta : 2
Full Tour:
1	38
2	5
3	34
4	26
5	48
6	30
7	18
8	9
9	8
10	24
11	23
12	20
13	14
14	25
15	40
16	22
17	43
18	7
19	37
20	12
21	47
22	16
23	11
24	42
25	13
26	4
27	17
28	36
29	2
30	6
31	44
32	39
33	46
34	41
35	45
36	28
37	19
38	1
39	32
40	15
41	3
42	10
43	27
44	31
45	35
46	33
47	21
48	29
--------------------------
Constraints Added : 7
Time in Secs : 2.652
Objective Distaince : 28314
Subtour from Atlanta : 2
Full Tour:
1	38
2	10
3	41
4	26
5	48
6	30
7	18
8	9
9	8
10	24
11	23
12	20
13	25
14	13
15	40
16	22
17	43
18	7
19	37
20	12
21	47
22	16
23	11
24	42
25	14
26	4
27	17
28	36
29	2
30	6
31	44
32	39
33	46
34	3
35	45
36	28
37	19
38	1
39	32
40	15
41	34
42	29
43	27
44	31
45	35
46	33
47	21
48	5
--------------------------
Constraints Added : 8
Time in Secs : 2.87
Objective Distaince : 28314
Subtour from Atlanta : 2
Full Tour:
1	38
2	10
3	34
4	26
5	48
6	30
7	18
8	9
9	8
10	24
11	23
12	20
13	25
14	13
15	40
16	22
17	43
18	7
19	37
20	12
21	47
22	16
23	11
24	42
25	14
26	4
27	17
28	36
29	2
30	6
31	44
32	39
33	46
34	41
35	45
36	28
37	19
38	1
39	32
40	15
41	3
42	29
43	27
44	31
45	35
46	33
47	21
48	5
--------------------------
Constraints Added : 9
Time in Secs : 3.073
Objective Distaince : 28514.3
Subtour from Atlanta : 2
Full Tour:
1	38
2	24
3	34
4	26
5	48
6	30
7	18
8	9
9	8
10	42
11	23
12	20
13	25
14	13
15	40
16	22
17	43
18	7
19	37
20	12
21	47
22	16
23	11
24	10
25	14
26	4
27	17
28	36
29	2
30	6
31	44
32	39
33	46
34	41
35	45
36	28
37	19
38	1
39	32
40	15
41	3
42	29
43	27
44	31
45	35
46	33
47	21
48	5
--------------------------
Constraints Added : 10
Time in Secs : 3.291
Objective Distaince : 28527.5
Subtour from Atlanta : 2
Full Tour:
1	38
2	24
3	23
4	26
5	48
6	30
7	18
8	9
9	8
10	42
11	12
12	15
13	21
14	25
15	40
16	22
17	43
18	7
19	37
20	47
21	13
22	16
23	11
24	10
25	14
26	4
27	17
28	36
29	2
30	6
31	44
32	39
33	46
34	41
35	45
36	28
37	19
38	1
39	32
40	3
41	34
42	29
43	27
44	31
45	35
46	33
47	20
48	5
--------------------------
Constraints Added : 11
Time in Secs : 3.494
Objective Distaince : 28566.1
Subtour from Atlanta : 2
Full Tour:
1	38
2	41
3	23
4	26
5	48
6	30
7	18
8	9
9	8
10	24
11	12
12	15
13	21
14	25
15	40
16	22
17	43
18	7
19	37
20	47
21	13
22	16
23	11
24	42
25	14
26	4
27	17
28	36
29	2
30	6
31	44
32	39
33	46
34	29
35	45
36	28
37	19
38	1
39	32
40	3
41	34
42	10
43	27
44	31
45	35
46	33
47	20
48	5
--------------------------
Constraints Added : 12
Time in Secs : 3.728
Objective Distaince : 28769.7
Subtour from Atlanta : 2
Full Tour:
1	38
2	41
3	14
4	26
5	48
6	30
7	18
8	9
9	8
10	24
11	23
12	15
13	21
14	25
15	40
16	22
17	43
18	7
19	37
20	12
21	47
22	16
23	11
24	42
25	13
26	4
27	17
28	36
29	2
30	6
31	44
32	39
33	46
34	29
35	45
36	28
37	19
38	1
39	32
40	3
41	34
42	10
43	27
44	31
45	35
46	33
47	20
48	5
--------------------------
Constraints Added : 13
Time in Secs : 3.931
Objective Distaince : 28908.1
Subtour from Atlanta : 2
Full Tour:
1	38
2	4
3	14
4	26
5	48
6	30
7	18
8	9
9	8
10	24
11	23
12	15
13	21
14	25
15	40
16	22
17	43
18	7
19	37
20	12
21	47
22	16
23	11
24	10
25	13
26	42
27	17
28	36
29	2
30	6
31	44
32	39
33	46
34	41
35	45
36	28
37	19
38	1
39	32
40	3
41	34
42	29
43	27
44	31
45	35
46	33
47	20
48	5
--------------------------
Constraints Added : 14
Time in Secs : 4.149
Objective Distaince : 28978.9
Subtour from Atlanta : 2
Full Tour:
1	38
2	4
3	11
4	26
5	48
6	30
7	18
8	9
9	8
10	24
11	23
12	20
13	25
14	13
15	40
16	22
17	43
18	7
19	37
20	12
21	47
22	16
23	3
24	10
25	14
26	42
27	17
28	36
29	2
30	6
31	44
32	39
33	46
34	41
35	45
36	28
37	19
38	1
39	32
40	15
41	34
42	29
43	27
44	31
45	35
46	33
47	21
48	5
--------------------------
Constraints Added : 15
Time in Secs : 4.352
Objective Distaince : 29134.5
Subtour from Atlanta : 2
Full Tour:
1	38
2	26
3	11
4	42
5	48
6	30
7	18
8	9
9	8
10	24
11	23
12	20
13	14
14	25
15	40
16	22
17	43
18	7
19	37
20	12
21	47
22	16
23	3
24	10
25	13
26	4
27	17
28	36
29	2
30	6
31	44
32	39
33	46
34	41
35	45
36	28
37	19
38	1
39	32
40	15
41	34
42	29
43	27
44	31
45	35
46	33
47	21
48	5
--------------------------
Constraints Added : 16
Time in Secs : 4.539
Objective Distaince : 29344.9
Subtour from Atlanta : 2
Full Tour:
1	38
2	26
3	13
4	42
5	48
6	30
7	18
8	9
9	8
10	24
11	23
12	15
13	21
14	25
15	40
16	22
17	43
18	7
19	37
20	12
21	47
22	16
23	11
24	10
25	14
26	4
27	17
28	36
29	2
30	6
31	44
32	39
33	46
34	41
35	45
36	28
37	19
38	1
39	32
40	3
41	34
42	29
43	27
44	31
45	35
46	33
47	20
48	5
--------------------------
Constraints Added : 17
Time in Secs : 4.758
Objective Distaince : 29363.6
Subtour from Atlanta : 2
Full Tour:
1	38
2	34
3	13
4	26
5	48
6	30
7	18
8	9
9	8
10	42
11	23
12	15
13	21
14	25
15	40
16	22
17	43
18	7
19	37
20	12
21	47
22	16
23	11
24	10
25	14
26	4
27	17
28	36
29	2
30	6
31	44
32	39
33	46
34	41
35	45
36	28
37	19
38	1
39	32
40	3
41	29
42	24
43	27
44	31
45	35
46	33
47	20
48	5
--------------------------
Constraints Added : 18
Time in Secs : 4.961
Objective Distaince : 29488.4
Subtour from Atlanta : 2
Full Tour:
1	38
2	34
3	12
4	26
5	48
6	30
7	18
8	9
9	8
10	42
11	23
12	15
13	21
14	25
15	40
16	22
17	43
18	7
19	37
20	47
21	13
22	16
23	11
24	10
25	14
26	4
27	17
28	36
29	2
30	6
31	44
32	39
33	46
34	41
35	45
36	28
37	19
38	1
39	32
40	3
41	29
42	24
43	27
44	31
45	35
46	33
47	20
48	5
--------------------------
Constraints Added : 19
Time in Secs : 5.163
Objective Distaince : 30107.4
Subtour from Atlanta : 2
Full Tour:
1	38
2	14
3	29
4	26
5	48
6	30
7	18
8	9
9	8
10	42
11	23
12	15
13	21
14	25
15	40
16	22
17	43
18	7
19	37
20	12
21	47
22	16
23	11
24	10
25	13
26	4
27	17
28	36
29	2
30	6
31	44
32	39
33	46
34	41
35	45
36	28
37	19
38	1
39	32
40	3
41	34
42	24
43	27
44	31
45	35
46	33
47	20
48	5
--------------------------
Constraints Added : 20
Time in Secs : 5.366
Objective Distaince : 30357
Subtour from Atlanta : 2
Full Tour:
1	38
2	25
3	12
4	26
5	48
6	30
7	18
8	9
9	8
10	42
11	23
12	15
13	21
14	34
15	40
16	22
17	43
18	7
19	37
20	47
21	13
22	16
23	11
24	10
25	14
26	4
27	17
28	36
29	2
30	6
31	44
32	39
33	46
34	41
35	45
36	28
37	19
38	1
39	32
40	3
41	29
42	24
43	27
44	31
45	35
46	33
47	20
48	5
--------------------------
Constraints Added : 21
Time in Secs : 5.569
Objective Distaince : 30383.8
Subtour from Atlanta : 2
Full Tour:
1	38
2	14
3	25
4	26
5	48
6	30
7	18
8	9
9	8
10	42
11	23
12	15
13	21
14	34
15	40
16	22
17	43
18	7
19	37
20	12
21	47
22	16
23	11
24	10
25	13
26	4
27	17
28	36
29	2
30	6
31	44
32	39
33	46
34	41
35	45
36	28
37	19
38	1
39	32
40	3
41	29
42	24
43	27
44	31
45	35
46	33
47	20
48	5
--------------------------
Constraints Added : 22
Time in Secs : 5.772
Objective Distaince : 30389.6
Subtour from Atlanta : 2
Full Tour:
1	38
2	3
3	12
4	26
5	48
6	30
7	18
8	9
9	8
10	42
11	23
12	20
13	25
14	34
15	40
16	22
17	43
18	7
19	37
20	47
21	13
22	16
23	11
24	10
25	14
26	4
27	17
28	36
29	2
30	6
31	44
32	39
33	46
34	41
35	45
36	28
37	19
38	1
39	32
40	15
41	29
42	24
43	27
44	31
45	35
46	33
47	21
48	5
--------------------------
Constraints Added : 23
Time in Secs : 5.975
Objective Distaince : 30392.2
Subtour from Atlanta : 2
Full Tour:
1	38
2	14
3	15
4	26
5	48
6	30
7	18
8	9
9	8
10	42
11	23
12	20
13	25
14	34
15	40
16	22
17	43
18	7
19	37
20	12
21	47
22	16
23	11
24	10
25	13
26	4
27	17
28	36
29	2
30	6
31	44
32	39
33	46
34	41
35	45
36	28
37	19
38	1
39	32
40	3
41	29
42	24
43	27
44	31
45	35
46	33
47	21
48	5
--------------------------
Constraints Added : 24
Time in Secs : 6.193
Objective Distaince : 30466.4
Subtour from Atlanta : 13
Full Tour:
1	38
2	14
3	9
4	26
5	48
6	30
7	18
8	1
9	8
10	42
11	23
12	15
13	25
14	34
15	40
16	22
17	43
18	7
19	37
20	12
21	47
22	16
23	11
24	10
25	13
26	4
27	17
28	36
29	2
30	6
31	44
32	39
33	20
34	41
35	45
36	28
37	19
38	31
39	32
40	3
41	29
42	24
43	27
44	46
45	35
46	33
47	21
48	5
--------------------------
Constraints Added : 25
Time in Secs : 6.396
Objective Distaince : 30512.5
Subtour from Atlanta : 2
Full Tour:
1	38
2	39
3	12
4	26
5	48
6	30
7	18
8	9
9	8
10	42
11	23
12	15
13	21
14	25
15	40
16	22
17	43
18	7
19	37
20	47
21	13
22	16
23	11
24	10
25	14
26	4
27	17
28	36
29	2
30	6
31	44
32	24
33	46
34	41
35	45
36	28
37	19
38	1
39	32
40	3
41	34
42	29
43	27
44	31
45	35
46	33
47	20
48	5
--------------------------
Constraints Added : 26
Time in Secs : 6.599
Objective Distaince : 30535.2
Subtour from Atlanta : 6
Full Tour:
1	40
2	39
3	9
4	26
5	48
6	30
7	18
8	38
9	8
10	42
11	23
12	15
13	21
14	25
15	12
16	22
17	43
18	7
19	37
20	47
21	13
22	16
23	11
24	10
25	14
26	4
27	17
28	36
29	2
30	6
31	44
32	24
33	46
34	41
35	45
36	28
37	19
38	1
39	32
40	3
41	34
42	29
43	27
44	31
45	35
46	33
47	20
48	5
--------------------------
Constraints Added : 27
Time in Secs : 6.801
Objective Distaince : 30562.9
Subtour from Atlanta : 6
Full Tour:
1	40
2	35
3	9
4	26
5	48
6	30
7	18
8	38
9	8
10	24
11	23
12	15
13	21
14	25
15	12
16	22
17	43
18	7
19	37
20	47
21	13
22	16
23	11
24	42
25	14
26	4
27	17
28	36
29	2
30	6
31	44
32	39
33	46
34	41
35	45
36	28
37	19
38	1
39	32
40	3
41	34
42	29
43	27
44	31
45	10
46	33
47	20
48	5
--------------------------
Constraints Added : 28
Time in Secs : 7.02
Objective Distaince : 32008.8
Subtour from Atlanta : 6
Full Tour:
1	40
2	32
3	9
4	42
5	29
6	30
7	18
8	38
9	8
10	24
11	23
12	15
13	21
14	25
15	12
16	22
17	43
18	7
19	37
20	47
21	13
22	16
23	11
24	10
25	14
26	4
27	17
28	36
29	2
30	6
31	44
32	39
33	46
34	41
35	45
36	28
37	19
38	1
39	48
40	3
41	34
42	26
43	27
44	31
45	35
46	33
47	20
48	5
--------------------------
Constraints Added : 29
Time in Secs : 7.207
Objective Distaince : 32028.7
Subtour from Atlanta : 6
Full Tour:
1	40
2	45
3	9
4	42
5	48
6	30
7	18
8	38
9	8
10	24
11	23
12	15
13	21
14	25
15	12
16	22
17	43
18	7
19	37
20	47
21	13
22	16
23	11
24	10
25	14
26	4
27	17
28	36
29	2
30	6
31	44
32	39
33	46
34	41
35	26
36	28
37	19
38	1
39	32
40	3
41	34
42	29
43	27
44	31
45	35
46	33
47	20
48	5
--------------------------
Constraints Added : 30
Time in Secs : 7.425
Objective Distaince : 32100
Subtour from Atlanta : 6
Full Tour:
1	40
2	45
3	9
4	10
5	48
6	30
7	18
8	38
9	8
10	24
11	23
12	15
13	21
14	25
15	12
16	22
17	43
18	7
19	37
20	47
21	13
22	16
23	11
24	42
25	14
26	4
27	17
28	36
29	2
30	6
31	44
32	39
33	46
34	41
35	26
36	28
37	19
38	1
39	32
40	3
41	34
42	29
43	27
44	31
45	35
46	33
47	20
48	5
--------------------------
Constraints Added : 31
Time in Secs : 7.613
Objective Distaince : 32174.5
Subtour from Atlanta : 6
Full Tour:
1	40
2	35
3	9
4	10
5	48
6	30
7	18
8	38
9	8
10	24
11	23
12	15
13	21
14	25
15	12
16	22
17	43
18	7
19	37
20	47
21	13
22	16
23	11
24	42
25	14
26	4
27	17
28	36
29	2
30	6
31	44
32	39
33	46
34	41
35	45
36	28
37	19
38	1
39	32
40	3
41	34
42	29
43	27
44	31
45	26
46	33
47	20
48	5
--------------------------
Constraints Added : 32
Time in Secs : 7.831
Objective Distaince : 32699.2
Subtour from Atlanta : 6
Full Tour:
1	40
2	35
3	9
4	2
5	29
6	30
7	18
8	38
9	8
10	24
11	23
12	15
13	21
14	25
15	12
16	22
17	43
18	7
19	37
20	47
21	13
22	16
23	11
24	42
25	14
26	4
27	17
28	36
29	48
30	6
31	44
32	39
33	46
34	41
35	45
36	28
37	19
38	1
39	32
40	3
41	34
42	26
43	27
44	31
45	10
46	33
47	20
48	5
--------------------------
Constraints Added : 33
Time in Secs : 8.034
Objective Distaince : 32928.8
Subtour from Atlanta : 13
Full Tour:
1	38
2	13
3	9
4	2
5	48
6	30
7	18
8	1
9	8
10	24
11	23
12	15
13	25
14	34
15	40
16	22
17	43
18	7
19	37
20	12
21	47
22	16
23	11
24	10
25	14
26	4
27	17
28	36
29	42
30	6
31	44
32	39
33	20
34	41
35	45
36	28
37	19
38	31
39	32
40	3
41	29
42	26
43	27
44	46
45	35
46	33
47	21
48	5
--------------------------
Constraints Added : 34
Time in Secs : 8.252
Objective Distaince : 32956.7
Subtour from Atlanta : 13
Full Tour:
1	38
2	13
3	9
4	24
5	48
6	30
7	18
8	1
9	8
10	42
11	23
12	15
13	25
14	34
15	40
16	22
17	43
18	7
19	37
20	12
21	47
22	16
23	11
24	10
25	14
26	4
27	17
28	36
29	2
30	6
31	44
32	39
33	20
34	41
35	45
36	28
37	19
38	31
39	32
40	3
41	29
42	26
43	27
44	46
45	35
46	33
47	21
48	5
--------------------------
Constraints Added : 35
Time in Secs : 8.471
Objective Distaince : 33058
Subtour from Atlanta : 20
Full Tour:
1	40
2	16
3	9
4	24
5	48
6	30
7	18
8	38
9	8
10	42
11	23
12	20
13	25
14	34
15	12
16	22
17	43
18	7
19	37
20	47
21	13
22	3
23	11
24	10
25	14
26	4
27	17
28	36
29	2
30	6
31	44
32	39
33	46
34	41
35	45
36	28
37	19
38	1
39	32
40	15
41	29
42	26
43	27
44	31
45	35
46	33
47	21
48	5
--------------------------
Constraints Added : 36
Time in Secs : 8.673
Objective Distaince : 33305.3
Subtour from Atlanta : 20
Full Tour:
1	40
2	16
3	9
4	35
5	48
6	30
7	18
8	38
9	8
10	24
11	23
12	20
13	25
14	34
15	12
16	22
17	43
18	7
19	37
20	47
21	13
22	3
23	11
24	42
25	14
26	4
27	17
28	36
29	2
30	6
31	44
32	39
33	46
34	41
35	45
36	28
37	19
38	1
39	32
40	15
41	29
42	26
43	27
44	31
45	10
46	33
47	21
48	5
--------------------------
Constraints Added : 37
Time in Secs : 8.876
Objective Distaince : 33723.6
Subtour from Atlanta : 20
Full Tour:
1	40
2	16
3	9
4	35
5	29
6	30
7	18
8	38
9	8
10	24
11	23
12	20
13	14
14	25
15	12
16	22
17	43
18	7
19	37
20	47
21	13
22	3
23	11
24	42
25	48
26	4
27	17
28	36
29	2
30	6
31	44
32	39
33	46
34	41
35	45
36	28
37	19
38	1
39	32
40	15
41	34
42	26
43	27
44	31
45	10
46	33
47	21
48	5
--------------------------
Constraints Added : 38
Time in Secs : 9.079
Objective Distaince : 33854
Subtour from Atlanta : 20
Full Tour:
1	40
2	16
3	9
4	45
5	29
6	30
7	18
8	38
9	8
10	42
11	23
12	20
13	14
14	25
15	12
16	22
17	43
18	7
19	37
20	47
21	13
22	3
23	11
24	10
25	48
26	4
27	17
28	36
29	2
30	6
31	44
32	39
33	46
34	41
35	26
36	28
37	19
38	1
39	32
40	15
41	34
42	24
43	27
44	31
45	35
46	33
47	21
48	5
--------------------------
Constraints Added : 39
Time in Secs : 9.297
Objective Distaince : 33982.7
Subtour from Atlanta : 20
Full Tour:
1	40
2	16
3	9
4	45
5	29
6	37
7	18
8	38
9	8
10	42
11	23
12	20
13	14
14	25
15	12
16	22
17	43
18	7
19	27
20	47
21	13
22	3
23	11
24	10
25	48
26	4
27	17
28	36
29	2
30	6
31	44
32	39
33	46
34	41
35	26
36	28
37	19
38	1
39	32
40	15
41	34
42	24
43	30
44	31
45	35
46	33
47	21
48	5
--------------------------
Constraints Added : 40
Time in Secs : 9.5
Objective Distaince : 34320.7
Subtour from Atlanta : 23
Full Tour:
1	40
2	16
3	9
4	29
5	42
6	37
7	18
8	38
9	8
10	24
11	23
12	20
13	14
14	25
15	12
16	22
17	43
18	7
19	27
20	47
21	13
22	3
23	11
24	10
25	48
26	4
27	17
28	36
29	2
30	6
31	44
32	39
33	46
34	41
35	45
36	28
37	19
38	1
39	32
40	15
41	34
42	26
43	30
44	31
45	35
46	33
47	21
48	5
--------------------------
Constraints Added : 41
Time in Secs : 9.703
Objective Distaince : 34409.6
Subtour from Atlanta : 23
Full Tour:
1	40
2	16
3	9
4	29
5	42
6	27
7	18
8	38
9	8
10	24
11	23
12	20
13	14
14	25
15	12
16	22
17	43
18	7
19	37
20	47
21	13
22	3
23	11
24	10
25	48
26	4
27	17
28	36
29	2
30	6
31	44
32	39
33	46
34	41
35	45
36	28
37	19
38	1
39	32
40	15
41	34
42	26
43	30
44	31
45	35
46	33
47	21
48	5
--------------------------
Constraints Added : 42
Time in Secs : 9.906
Objective Distaince : 34423.4
Subtour from Atlanta : 22
Full Tour:
1	40
2	16
3	9
4	29
5	42
6	27
7	28
8	1
9	8
10	24
11	23
12	20
13	14
14	25
15	12
16	22
17	43
18	44
19	37
20	47
21	13
22	3
23	11
24	10
25	48
26	4
27	17
28	36
29	2
30	6
31	38
32	39
33	46
34	41
35	45
36	7
37	19
38	31
39	32
40	15
41	34
42	26
43	30
44	18
45	35
46	33
47	21
48	5
--------------------------
Constraints Added : 43
Time in Secs : 10.109
Objective Distaince : 34497.3
Subtour from Atlanta : 22
Full Tour:
1	40
2	16
3	9
4	29
5	42
6	19
7	28
8	1
9	8
10	24
11	23
12	20
13	14
14	25
15	12
16	22
17	27
18	44
19	37
20	47
21	13
22	3
23	11
24	10
25	48
26	4
27	17
28	36
29	2
30	43
31	38
32	39
33	46
34	41
35	45
36	7
37	6
38	31
39	32
40	15
41	34
42	26
43	30
44	18
45	35
46	33
47	21
48	5
--------------------------
Constraints Added : 44
Time in Secs : 10.327
Objective Distaince : 34497.3
Subtour from Atlanta : 22
Full Tour:
1	40
2	16
3	9
4	29
5	42
6	19
7	36
8	1
9	8
10	24
11	23
12	20
13	14
14	25
15	12
16	22
17	27
18	44
19	37
20	47
21	13
22	3
23	11
24	10
25	48
26	4
27	17
28	7
29	2
30	43
31	38
32	39
33	46
34	41
35	45
36	28
37	6
38	31
39	32
40	15
41	34
42	26
43	30
44	18
45	35
46	33
47	21
48	5
--------------------------
Constraints Added : 45
Time in Secs : 10.53
Objective Distaince : 34540.6
Subtour from Atlanta : 22
Full Tour:
1	40
2	16
3	9
4	29
5	42
6	43
7	36
8	1
9	8
10	24
11	23
12	20
13	14
14	25
15	12
16	22
17	27
18	44
19	37
20	47
21	13
22	3
23	11
24	10
25	48
26	4
27	17
28	7
29	2
30	6
31	38
32	39
33	46
34	41
35	45
36	28
37	19
38	31
39	32
40	15
41	34
42	26
43	30
44	18
45	35
46	33
47	21
48	5
--------------------------
Constraints Added : 46
Time in Secs : 10.748
Objective Distaince : 34593.6
Subtour from Atlanta : 22
Full Tour:
1	40
2	16
3	9
4	29
5	42
6	43
7	44
8	1
9	8
10	24
11	23
12	20
13	14
14	25
15	12
16	22
17	27
18	7
19	37
20	47
21	13
22	3
23	11
24	10
25	48
26	4
27	17
28	36
29	2
30	6
31	38
32	39
33	46
34	41
35	45
36	28
37	19
38	31
39	32
40	15
41	34
42	26
43	30
44	18
45	35
46	33
47	21
48	5
--------------------------
Constraints Added : 47
Time in Secs : 10.967
Objective Distaince : 34687.1
Subtour from Atlanta : 22
Full Tour:
1	40
2	16
3	9
4	29
5	42
6	17
7	44
8	1
9	8
10	24
11	23
12	20
13	14
14	25
15	12
16	22
17	27
18	7
19	37
20	47
21	13
22	3
23	11
24	10
25	48
26	4
27	43
28	36
29	2
30	6
31	38
32	39
33	46
34	41
35	45
36	28
37	19
38	31
39	32
40	15
41	34
42	26
43	30
44	18
45	35
46	33
47	21
48	5
--------------------------
Constraints Added : 48
Time in Secs : 11.185
Objective Distaince : 34980.5
Subtour from Atlanta : 22
Full Tour:
1	40
2	16
3	9
4	29
5	42
6	28
7	30
8	1
9	8
10	24
11	23
12	20
13	14
14	25
15	12
16	22
17	43
18	44
19	37
20	47
21	13
22	3
23	11
24	10
25	48
26	4
27	17
28	36
29	2
30	6
31	38
32	39
33	46
34	41
35	45
36	7
37	19
38	31
39	32
40	15
41	34
42	26
43	27
44	18
45	35
46	33
47	21
48	5
--------------------------
Constraints Added : 49
Time in Secs : 11.388
Objective Distaince : 35203.2
Subtour from Atlanta : 22
Full Tour:
1	40
2	16
3	9
4	29
5	42
6	36
7	30
8	1
9	8
10	24
11	23
12	20
13	14
14	25
15	12
16	22
17	43
18	44
19	37
20	47
21	13
22	3
23	11
24	10
25	48
26	4
27	17
28	7
29	2
30	6
31	38
32	39
33	46
34	41
35	45
36	28
37	19
38	31
39	32
40	15
41	34
42	26
43	27
44	18
45	35
46	33
47	21
48	5
--------------------------
Constraints Added : 50
Time in Secs : 11.591
Objective Distaince : 35241.4
Subtour from Atlanta : 29
Full Tour:
1	38
2	23
3	9
4	29
5	42
6	17
7	46
8	1
9	8
10	24
11	12
12	15
13	14
14	25
15	40
16	22
17	27
18	7
19	37
20	47
21	13
22	16
23	11
24	10
25	48
26	4
27	43
28	36
29	2
30	6
31	44
32	39
33	20
34	41
35	45
36	28
37	19
38	31
39	32
40	3
41	34
42	26
43	30
44	18
45	35
46	33
47	21
48	5
--------------------------
Constraints Added : 51
Time in Secs : 11.809
Objective Distaince : 35310.4
Subtour from Atlanta : 22
Full Tour:
1	40
2	16
3	9
4	29
5	42
6	36
7	6
8	1
9	8
10	24
11	23
12	20
13	14
14	25
15	12
16	22
17	27
18	44
19	37
20	47
21	13
22	3
23	11
24	10
25	48
26	4
27	17
28	7
29	2
30	43
31	38
32	39
33	46
34	41
35	45
36	28
37	19
38	31
39	32
40	15
41	34
42	26
43	30
44	18
45	35
46	33
47	21
48	5
--------------------------
Constraints Added : 52
Time in Secs : 12.027
Objective Distaince : 35465
Subtour from Atlanta : 22
Full Tour:
1	40
2	16
3	9
4	29
5	42
6	36
7	37
8	1
9	8
10	24
11	23
12	20
13	14
14	25
15	12
16	22
17	43
18	44
19	27
20	47
21	13
22	3
23	11
24	10
25	48
26	4
27	17
28	7
29	2
30	6
31	38
32	39
33	46
34	41
35	45
36	28
37	19
38	31
39	32
40	15
41	34
42	26
43	30
44	18
45	35
46	33
47	21
48	5
--------------------------
Constraints Added : 53
Time in Secs : 12.23
Objective Distaince : 35528.3
Subtour from Atlanta : 22
Full Tour:
1	40
2	16
3	9
4	29
5	42
6	7
7	37
8	1
9	8
10	24
11	23
12	20
13	14
14	25
15	12
16	22
17	43
18	44
19	27
20	47
21	13
22	3
23	11
24	10
25	48
26	4
27	17
28	36
29	2
30	6
31	38
32	39
33	46
34	41
35	45
36	28
37	19
38	31
39	32
40	15
41	34
42	26
43	30
44	18
45	35
46	33
47	21
48	5
--------------------------
Constraints Added : 54
Time in Secs : 12.433
Objective Distaince : 35615.2
Subtour from Atlanta : 33
Full Tour:
1	38
2	23
3	9
4	29
5	42
6	7
7	46
8	1
9	8
10	24
11	12
12	15
13	14
14	25
15	40
16	22
17	43
18	36
19	37
20	47
21	13
22	16
23	11
24	10
25	48
26	4
27	17
28	30
29	2
30	6
31	44
32	39
33	20
34	41
35	45
36	28
37	19
38	31
39	32
40	3
41	34
42	26
43	27
44	18
45	35
46	33
47	21
48	5
--------------------------
Constraints Added : 55
Time in Secs : 12.651
Objective Distaince : 35733.8
Subtour from Atlanta : 35
Full Tour:
1	38
2	23
3	9
4	29
5	42
6	7
7	46
8	1
9	8
10	26
11	12
12	15
13	14
14	25
15	40
16	22
17	43
18	36
19	37
20	47
21	13
22	16
23	11
24	10
25	48
26	4
27	17
28	30
29	2
30	6
31	44
32	39
33	20
34	41
35	45
36	28
37	19
38	31
39	32
40	3
41	34
42	24
43	27
44	18
45	35
46	33
47	21
48	5
--------------------------
Constraints Added : 56
Time in Secs : 12.87
Objective Distaince : 36165.2
Subtour from Atlanta : 25
Full Tour:
1	40
2	22
3	9
4	29
5	42
6	7
7	31
8	38
9	8
10	26
11	23
12	20
13	14
14	25
15	12
16	3
17	43
18	36
19	37
20	47
21	13
22	16
23	11
24	10
25	48
26	4
27	17
28	30
29	2
30	6
31	44
32	39
33	46
34	41
35	45
36	28
37	19
38	1
39	32
40	15
41	34
42	24
43	27
44	18
45	35
46	33
47	21
48	5
--------------------------
Constraints Added : 57
Time in Secs : 13.073
Objective Distaince : 36369
Subtour from Atlanta : 25
Full Tour:
1	40
2	22
3	9
4	29
5	42
6	18
7	27
8	38
9	8
10	26
11	23
12	20
13	14
14	25
15	12
16	3
17	43
18	7
19	37
20	47
21	13
22	16
23	11
24	10
25	48
26	4
27	17
28	36
29	2
30	6
31	44
32	39
33	46
34	41
35	45
36	28
37	19
38	1
39	32
40	15
41	34
42	24
43	30
44	31
45	35
46	33
47	21
48	5
--------------------------
Constraints Added : 58
Time in Secs : 13.291
Objective Distaince : 36417.1
Subtour from Atlanta : 25
Full Tour:
1	40
2	22
3	9
4	29
5	42
6	18
7	43
8	38
9	8
10	26
11	23
12	20
13	14
14	25
15	12
16	3
17	27
18	7
19	37
20	47
21	13
22	16
23	11
24	10
25	48
26	4
27	17
28	36
29	2
30	6
31	44
32	39
33	46
34	41
35	45
36	28
37	19
38	1
39	32
40	15
41	34
42	24
43	30
44	31
45	35
46	33
47	21
48	5
--------------------------
Constraints Added : 59
Time in Secs : 13.494
Objective Distaince : 36513.4
Subtour from Atlanta : 24
Full Tour:
1	40
2	22
3	9
4	29
5	42
6	44
7	43
8	1
9	8
10	26
11	23
12	20
13	14
14	25
15	12
16	3
17	27
18	7
19	37
20	47
21	13
22	16
23	11
24	10
25	48
26	4
27	17
28	36
29	2
30	6
31	38
32	39
33	46
34	41
35	45
36	28
37	19
38	31
39	32
40	15
41	34
42	24
43	30
44	18
45	35
46	33
47	21
48	5
--------------------------
Constraints Added : 60
Time in Secs : 13.697
Objective Distaince : 36527.8
Subtour from Atlanta : 24
Full Tour:
1	40
2	22
3	9
4	29
5	42
6	44
7	19
8	1
9	8
10	26
11	23
12	20
13	14
14	25
15	12
16	3
17	27
18	7
19	37
20	47
21	13
22	16
23	11
24	10
25	48
26	4
27	17
28	36
29	2
30	43
31	38
32	39
33	46
34	41
35	45
36	28
37	6
38	31
39	32
40	15
41	34
42	24
43	30
44	18
45	35
46	33
47	21
48	5
--------------------------
Constraints Added : 61
Time in Secs : 13.915
Objective Distaince : 37028.6
Subtour from Atlanta : 32
Full Tour:
1	38
2	22
3	9
4	29
5	42
6	46
7	19
8	1
9	8
10	26
11	23
12	20
13	14
14	25
15	40
16	3
17	27
18	7
19	37
20	47
21	13
22	16
23	11
24	10
25	48
26	4
27	17
28	36
29	2
30	43
31	44
32	39
33	12
34	41
35	45
36	28
37	6
38	31
39	32
40	15
41	34
42	24
43	30
44	18
45	35
46	33
47	21
48	5
--------------------------
Constraints Added : 62
Time in Secs : 14.134
Objective Distaince : 37087.7
Subtour from Atlanta : 36
Full Tour:
1	38
2	23
3	9
4	29
5	42
6	46
7	19
8	1
9	8
10	26
11	12
12	15
13	14
14	25
15	40
16	3
17	27
18	7
19	37
20	47
21	13
22	16
23	11
24	10
25	48
26	4
27	17
28	36
29	2
30	43
31	44
32	39
33	20
34	41
35	45
36	28
37	6
38	31
39	32
40	22
41	34
42	24
43	30
44	18
45	35
46	33
47	21
48	5
--------------------------
Constraints Added : 63
Time in Secs : 14.336
Objective Distaince : 37115
Subtour from Atlanta : 40
Full Tour:
1	38
2	23
3	9
4	29
5	42
6	46
7	19
8	1
9	8
10	26
11	12
12	15
13	14
14	25
15	40
16	3
17	43
18	7
19	37
20	47
21	13
22	16
23	11
24	10
25	48
26	4
27	17
28	36
29	2
30	6
31	44
32	39
33	20
34	41
35	45
36	28
37	27
38	31
39	32
40	22
41	34
42	24
43	30
44	18
45	35
46	33
47	21
48	5
--------------------------
Constraints Added : 64
Time in Secs : 14.539
Objective Distaince : 37143.6
Subtour from Atlanta : 42
Full Tour:
1	38
2	23
3	9
4	29
5	42
6	46
7	19
8	1
9	8
10	26
11	12
12	15
13	14
14	25
15	40
16	3
17	43
18	36
19	37
20	47
21	13
22	16
23	11
24	10
25	48
26	4
27	17
28	7
29	2
30	6
31	44
32	39
33	20
34	41
35	45
36	28
37	27
38	31
39	32
40	22
41	34
42	24
43	30
44	18
45	35
46	33
47	21
48	5
--------------------------
Constraints Added : 65
Time in Secs : 14.758
Objective Distaince : 37583.9
Subtour from Atlanta : 41
Full Tour:
1	38
2	23
3	9
4	48
5	29
6	46
7	19
8	1
9	8
10	42
11	12
12	15
13	14
14	25
15	40
16	3
17	43
18	36
19	37
20	47
21	39
22	16
23	11
24	10
25	13
26	4
27	17
28	7
29	2
30	6
31	44
32	24
33	20
34	41
35	45
36	28
37	27
38	31
39	32
40	22
41	34
42	26
43	30
44	18
45	35
46	33
47	21
48	5
--------------------------
Constraints Added : 66
Time in Secs : 14.96
Objective Distaince : 37583.9
Subtour from Atlanta : 41
Full Tour:
1	38
2	23
3	9
4	48
5	29
6	46
7	19
8	1
9	8
10	42
11	12
12	15
13	25
14	13
15	40
16	3
17	43
18	36
19	37
20	47
21	39
22	16
23	11
24	10
25	14
26	4
27	17
28	7
29	2
30	6
31	44
32	24
33	20
34	41
35	45
36	28
37	27
38	31
39	32
40	22
41	34
42	26
43	30
44	18
45	35
46	33
47	21
48	5
--------------------------
Constraints Added : 67
Time in Secs : 15.179
Objective Distaince : 37599.2
Subtour from Atlanta : 42
Full Tour:
1	38
2	23
3	9
4	48
5	29
6	46
7	19
8	1
9	8
10	42
11	12
12	15
13	21
14	25
15	40
16	3
17	43
18	36
19	37
20	47
21	39
22	16
23	11
24	10
25	14
26	4
27	17
28	7
29	2
30	6
31	44
32	24
33	20
34	41
35	45
36	28
37	27
38	31
39	32
40	22
41	34
42	26
43	30
44	18
45	35
46	33
47	13
48	5
--------------------------
Constraints Added : 68
Time in Secs : 15.382
Objective Distaince : 37770.9
Subtour from Atlanta : 28
Full Tour:
1	38
2	23
3	9
4	48
5	29
6	46
7	19
8	1
9	8
10	42
11	12
12	15
13	21
14	25
15	40
16	3
17	43
18	36
19	37
20	47
21	39
22	16
23	14
24	10
25	13
26	4
27	17
28	7
29	2
30	6
31	44
32	24
33	20
34	41
35	45
36	28
37	27
38	31
39	32
40	22
41	34
42	26
43	30
44	18
45	35
46	33
47	11
48	5
--------------------------
Constraints Added : 69
Time in Secs : 15.584
Objective Distaince : 37777
Subtour from Atlanta : 36
Full Tour:
1	38
2	22
3	9
4	48
5	29
6	46
7	19
8	1
9	8
10	42
11	12
12	11
13	23
14	25
15	40
16	3
17	43
18	36
19	37
20	47
21	39
22	16
23	14
24	10
25	13
26	4
27	17
28	7
29	2
30	6
31	44
32	24
33	20
34	41
35	45
36	28
37	27
38	31
39	32
40	15
41	34
42	26
43	30
44	18
45	35
46	33
47	21
48	5
--------------------------
Constraints Added : 70
Time in Secs : 15.803
Objective Distaince : 37819.5
Subtour from Atlanta : 38
Full Tour:
1	38
2	22
3	9
4	48
5	29
6	46
7	19
8	1
9	8
10	42
11	47
12	11
13	23
14	25
15	40
16	3
17	43
18	36
19	37
20	12
21	39
22	16
23	14
24	10
25	13
26	4
27	17
28	7
29	2
30	6
31	44
32	24
33	20
34	41
35	45
36	28
37	27
38	31
39	32
40	15
41	34
42	26
43	30
44	18
45	35
46	33
47	21
48	5
--------------------------
Constraints Added : 71
Time in Secs : 16.006
Objective Distaince : 37841.4
Subtour from Atlanta : 38
Full Tour:
1	38
2	22
3	9
4	48
5	29
6	46
7	19
8	1
9	8
10	42
11	47
12	11
13	25
14	23
15	40
16	3
17	43
18	36
19	37
20	12
21	39
22	16
23	14
24	10
25	13
26	4
27	17
28	7
29	2
30	6
31	44
32	24
33	20
34	41
35	45
36	28
37	27
38	31
39	32
40	15
41	34
42	26
43	30
44	18
45	35
46	33
47	21
48	5
--------------------------
Constraints Added : 72
Time in Secs : 16.208
Objective Distaince : 38192.6
Subtour from Atlanta : 42
Full Tour:
1	38
2	22
3	9
4	48
5	29
6	46
7	19
8	1
9	8
10	42
11	47
12	15
13	21
14	25
15	40
16	3
17	43
18	36
19	37
20	12
21	39
22	16
23	14
24	10
25	13
26	4
27	17
28	7
29	2
30	6
31	44
32	24
33	20
34	41
35	45
36	28
37	27
38	31
39	32
40	23
41	34
42	26
43	30
44	18
45	35
46	33
47	11
48	5
--------------------------
Constraints Added : 73
Time in Secs : 16.427
Objective Distaince : 38256.5
Subtour from Atlanta : 40
Full Tour:
1	38
2	22
3	9
4	48
5	29
6	46
7	19
8	1
9	8
10	42
11	13
12	15
13	21
14	25
15	40
16	3
17	43
18	36
19	37
20	12
21	47
22	16
23	14
24	10
25	39
26	4
27	17
28	7
29	2
30	6
31	44
32	24
33	20
34	41
35	45
36	28
37	27
38	31
39	32
40	23
41	34
42	26
43	30
44	18
45	35
46	33
47	11
48	5
--------------------------
Constraints Added : 74
Time in Secs : 16.645
Objective Distaince : 38291.6
Subtour from Atlanta : 40
Full Tour:
1	38
2	22
3	9
4	48
5	29
6	46
7	19
8	1
9	8
10	42
11	13
12	15
13	11
14	25
15	40
16	3
17	43
18	36
19	37
20	12
21	47
22	16
23	14
24	10
25	39
26	4
27	17
28	7
29	2
30	6
31	44
32	24
33	20
34	41
35	45
36	28
37	27
38	31
39	32
40	23
41	34
42	26
43	30
44	18
45	35
46	33
47	21
48	5
--------------------------
Constraints Added : 75
Time in Secs : 16.848
Objective Distaince : 38382.7
Subtour from Atlanta : 36
Full Tour:
1	38
2	22
3	9
4	48
5	29
6	46
7	19
8	1
9	8
10	42
11	40
12	15
13	11
14	25
15	12
16	3
17	43
18	36
19	37
20	47
21	39
22	16
23	14
24	10
25	13
26	4
27	17
28	7
29	2
30	6
31	44
32	24
33	20
34	41
35	45
36	28
37	27
38	31
39	32
40	23
41	34
42	26
43	30
44	18
45	35
46	33
47	21
48	5
--------------------------
Constraints Added : 76
Time in Secs : 17.066
Objective Distaince : 38475
Subtour from Atlanta : 37
Full Tour:
1	38
2	22
3	9
4	48
5	29
6	46
7	19
8	1
9	8
10	42
11	40
12	11
13	39
14	25
15	12
16	3
17	43
18	36
19	37
20	47
21	13
22	16
23	14
24	10
25	23
26	4
27	17
28	7
29	2
30	6
31	44
32	24
33	20
34	41
35	45
36	28
37	27
38	31
39	32
40	15
41	34
42	26
43	30
44	18
45	35
46	33
47	21
48	5
--------------------------
Constraints Added : 77
Time in Secs : 17.269
Objective Distaince : 38557.6
Subtour from Atlanta : 42
Full Tour:
1	38
2	22
3	9
4	48
5	29
6	46
7	19
8	1
9	8
10	42
11	14
12	23
13	47
14	25
15	40
16	3
17	43
18	36
19	37
20	12
21	39
22	16
23	11
24	10
25	13
26	4
27	17
28	7
29	2
30	6
31	44
32	24
33	20
34	41
35	45
36	28
37	27
38	31
39	32
40	15
41	34
42	26
43	30
44	18
45	35
46	33
47	21
48	5
--------------------------
Constraints Added : 78
Time in Secs : 17.488
Objective Distaince : 38674.6
Subtour from Atlanta : 37
Full Tour:
1	38
2	22
3	9
4	48
5	29
6	46
7	19
8	1
9	8
10	42
11	14
12	40
13	39
14	25
15	12
16	3
17	43
18	36
19	37
20	47
21	13
22	16
23	11
24	10
25	23
26	4
27	17
28	7
29	2
30	6
31	44
32	24
33	20
34	41
35	45
36	28
37	27
38	31
39	32
40	15
41	34
42	26
43	30
44	18
45	35
46	33
47	21
48	5
--------------------------
Constraints Added : 79
Time in Secs : 17.69
Objective Distaince : 38712.2
Subtour from Atlanta : 26
Full Tour:
1	40
2	22
3	9
4	48
5	29
6	31
7	19
8	38
9	8
10	42
11	20
12	11
13	39
14	25
15	12
16	3
17	43
18	36
19	37
20	47
21	13
22	16
23	14
24	10
25	23
26	4
27	17
28	7
29	2
30	6
31	44
32	24
33	46
34	41
35	45
36	28
37	27
38	1
39	32
40	15
41	34
42	26
43	30
44	18
45	35
46	33
47	21
48	5
--------------------------
Constraints Added : 80
Time in Secs : 17.893
Objective Distaince : 38718.9
Subtour from Atlanta : 36
Full Tour:
1	38
2	22
3	9
4	48
5	29
6	46
7	19
8	1
9	8
10	42
11	15
12	40
13	11
14	25
15	12
16	3
17	43
18	36
19	37
20	47
21	39
22	16
23	14
24	10
25	13
26	4
27	17
28	7
29	2
30	6
31	44
32	24
33	20
34	41
35	45
36	28
37	27
38	31
39	32
40	23
41	34
42	26
43	30
44	18
45	35
46	33
47	21
48	5
--------------------------
Constraints Added : 81
Time in Secs : 18.112
Objective Distaince : 38727.4
Subtour from Atlanta : 44
Full Tour:
1	38
2	22
3	9
4	48
5	29
6	46
7	19
8	1
9	8
10	42
11	20
12	40
13	11
14	25
15	12
16	3
17	43
18	36
19	37
20	47
21	39
22	16
23	14
24	10
25	13
26	4
27	17
28	7
29	2
30	6
31	44
32	24
33	15
34	41
35	45
36	28
37	27
38	31
39	32
40	23
41	34
42	26
43	30
44	18
45	35
46	33
47	21
48	5
--------------------------
Constraints Added : 82
Time in Secs : 18.33
Objective Distaince : 38815.3
Subtour from Atlanta : 43
Full Tour:
1	38
2	22
3	9
4	48
5	29
6	46
7	19
8	1
9	8
10	42
11	3
12	40
13	11
14	25
15	12
16	41
17	43
18	36
19	37
20	47
21	39
22	16
23	14
24	10
25	13
26	4
27	17
28	7
29	2
30	6
31	44
32	24
33	20
34	23
35	45
36	28
37	27
38	31
39	32
40	15
41	34
42	26
43	30
44	18
45	35
46	33
47	21
48	5
--------------------------
Constraints Added : 83
Time in Secs : 18.548
Objective Distaince : 39003
Subtour from Atlanta : 8
Full Tour:
1	40
2	22
3	9
4	48
5	29
6	46
7	19
8	1
9	8
10	42
11	3
12	11
13	47
14	25
15	12
16	41
17	43
18	36
19	37
20	33
21	39
22	16
23	14
24	10
25	13
26	4
27	17
28	7
29	2
30	6
31	38
32	24
33	20
34	23
35	45
36	28
37	27
38	31
39	32
40	15
41	34
42	26
43	30
44	18
45	35
46	44
47	21
48	5
--------------------------
Constraints Added : 84
Time in Secs : 18.751
Objective Distaince : 39314.8
Subtour from Atlanta : 6
Full Tour:
1	40
2	16
3	9
4	48
5	29
6	46
7	19
8	1
9	8
10	42
11	20
12	11
13	47
14	25
15	12
16	41
17	43
18	36
19	37
20	33
21	39
22	3
23	14
24	10
25	13
26	4
27	17
28	7
29	2
30	6
31	38
32	24
33	15
34	23
35	45
36	28
37	27
38	31
39	32
40	22
41	34
42	26
43	30
44	18
45	35
46	44
47	21
48	5
--------------------------
Constraints Added : 85
Time in Secs : 18.97
Objective Distaince : 39321.7
Subtour from Atlanta : 6
Full Tour:
1	40
2	16
3	9
4	29
5	42
6	46
7	19
8	1
9	8
10	26
11	20
12	11
13	47
14	25
15	12
16	41
17	43
18	36
19	37
20	33
21	39
22	3
23	14
24	10
25	13
26	4
27	17
28	7
29	2
30	6
31	38
32	48
33	15
34	23
35	45
36	28
37	27
38	31
39	32
40	22
41	34
42	24
43	30
44	18
45	35
46	44
47	21
48	5
--------------------------
Constraints Added : 86
Time in Secs : 19.172
Objective Distaince : 39391.2
Subtour from Atlanta : 9
Full Tour:
1	40
2	21
3	9
4	29
5	42
6	46
7	19
8	1
9	8
10	26
11	20
12	11
13	47
14	25
15	12
16	41
17	43
18	36
19	37
20	33
21	39
22	16
23	14
24	10
25	13
26	4
27	17
28	7
29	2
30	6
31	38
32	48
33	15
34	3
35	45
36	28
37	27
38	31
39	32
40	22
41	34
42	24
43	30
44	18
45	35
46	44
47	23
48	5
--------------------------
Constraints Added : 87
Time in Secs : 19.375
Objective Distaince : 40001.6
Subtour from Atlanta : 9
Full Tour:
1	40
2	21
3	9
4	5
5	29
6	46
7	19
8	1
9	8
10	26
11	20
12	11
13	47
14	25
15	12
16	41
17	43
18	36
19	37
20	33
21	39
22	16
23	14
24	10
25	13
26	4
27	17
28	7
29	2
30	6
31	38
32	48
33	15
34	3
35	45
36	28
37	27
38	31
39	32
40	22
41	34
42	24
43	30
44	18
45	35
46	44
47	23
48	42
--------------------------
Constraints Added : 88
Time in Secs : 19.578
Objective Distaince : 40183.4
Subtour from Atlanta : 27
Full Tour:
1	40
2	11
3	9
4	5
5	29
6	46
7	19
8	1
9	8
10	26
11	3
12	20
13	47
14	25
15	12
16	41
17	43
18	36
19	37
20	33
21	39
22	16
23	14
24	10
25	13
26	4
27	17
28	7
29	2
30	6
31	38
32	48
33	15
34	23
35	45
36	28
37	27
38	31
39	32
40	22
41	34
42	24
43	30
44	18
45	35
46	44
47	21
48	42
--------------------------
Constraints Added : 89
Time in Secs : 19.796
Objective Distaince : 40283.3
Subtour from Atlanta : 24
Full Tour:
1	38
2	40
3	9
4	5
5	29
6	20
7	19
8	1
9	8
10	26
11	3
12	11
13	47
14	25
15	12
16	41
17	43
18	36
19	37
20	33
21	39
22	16
23	14
24	10
25	13
26	4
27	17
28	7
29	2
30	6
31	44
32	48
33	46
34	23
35	45
36	28
37	27
38	31
39	32
40	22
41	34
42	24
43	30
44	18
45	35
46	15
47	21
48	42
--------------------------
Constraints Added : 90
Time in Secs : 20.015
Objective Distaince : 40336
Subtour from Atlanta : 27
Full Tour:
1	40
2	11
3	9
4	5
5	29
6	38
7	19
8	1
9	8
10	26
11	3
12	20
13	47
14	25
15	12
16	41
17	43
18	36
19	37
20	33
21	39
22	16
23	14
24	10
25	13
26	4
27	17
28	7
29	2
30	6
31	44
32	48
33	46
34	23
35	45
36	28
37	27
38	31
39	32
40	22
41	34
42	24
43	30
44	18
45	35
46	15
47	21
48	42
--------------------------
Constraints Added : 91
Time in Secs : 20.218
Objective Distaince : 40372.4
Subtour from Atlanta : 22
Full Tour:
1	40
2	11
3	9
4	5
5	29
6	33
7	19
8	1
9	8
10	26
11	3
12	20
13	25
14	34
15	12
16	41
17	43
18	36
19	37
20	47
21	39
22	16
23	14
24	10
25	13
26	4
27	17
28	7
29	2
30	6
31	38
32	48
33	46
34	23
35	45
36	28
37	27
38	31
39	32
40	15
41	22
42	24
43	30
44	18
45	35
46	44
47	21
48	42
--------------------------
Constraints Added : 92
Time in Secs : 20.42
Objective Distaince : 40473.7
Subtour from Atlanta : 23
Full Tour:
1	40
2	11
3	9
4	5
5	29
6	33
7	31
8	38
9	8
10	26
11	3
12	20
13	25
14	34
15	12
16	41
17	43
18	7
19	37
20	47
21	39
22	16
23	14
24	10
25	13
26	4
27	17
28	30
29	2
30	6
31	44
32	48
33	46
34	23
35	45
36	28
37	19
38	1
39	32
40	15
41	22
42	24
43	27
44	18
45	35
46	36
47	21
48	42
--------------------------
Constraints Added : 93
Time in Secs : 20.639
Objective Distaince : 40493.3
Subtour from Atlanta : 29
Full Tour:
1	40
2	11
3	9
4	5
5	29
6	20
7	31
8	38
9	8
10	26
11	3
12	33
13	25
14	34
15	12
16	41
17	43
18	7
19	37
20	47
21	39
22	16
23	14
24	10
25	13
26	4
27	17
28	30
29	2
30	6
31	44
32	48
33	46
34	23
35	45
36	28
37	19
38	1
39	32
40	15
41	22
42	24
43	27
44	18
45	35
46	36
47	21
48	42
--------------------------
Constraints Added : 94
Time in Secs : 20.842
Objective Distaince : 40558.1
Subtour from Atlanta : 34
Full Tour:
1	40
2	11
3	9
4	5
5	29
6	20
7	17
8	1
9	8
10	26
11	3
12	33
13	25
14	34
15	12
16	41
17	43
18	36
19	37
20	47
21	39
22	16
23	14
24	10
25	13
26	4
27	30
28	7
29	2
30	6
31	38
32	48
33	46
34	23
35	45
36	28
37	19
38	31
39	32
40	15
41	22
42	24
43	27
44	18
45	35
46	44
47	21
48	42
--------------------------
Constraints Added : 95
Time in Secs : 21.06
Objective Distaince : 40635
Subtour from Atlanta : 27
Full Tour:
1	40
2	11
3	9
4	5
5	29
6	20
7	17
8	1
9	8
10	26
11	3
12	33
13	47
14	25
15	46
16	41
17	43
18	36
19	37
20	12
21	39
22	16
23	14
24	10
25	13
26	4
27	30
28	7
29	2
30	6
31	38
32	48
33	15
34	23
35	45
36	28
37	19
38	31
39	32
40	22
41	34
42	24
43	27
44	18
45	35
46	44
47	21
48	42
--------------------------
Constraints Added : 96
Time in Secs : 21.263
Objective Distaince : 40782.3
Subtour from Atlanta : 27
Full Tour:
1	40
2	11
3	9
4	5
5	29
6	15
7	17
8	1
9	8
10	26
11	3
12	20
13	47
14	25
15	12
16	41
17	43
18	36
19	37
20	33
21	39
22	16
23	14
24	10
25	13
26	4
27	30
28	7
29	2
30	6
31	38
32	48
33	46
34	23
35	45
36	28
37	19
38	31
39	32
40	22
41	34
42	24
43	27
44	18
45	35
46	44
47	21
48	42
--------------------------
Constraints Added : 97
Time in Secs : 21.481
Objective Distaince : 40985.8
Subtour from Atlanta : 27
Full Tour:
1	40
2	11
3	9
4	5
5	29
6	15
7	38
8	1
9	8
10	26
11	3
12	20
13	47
14	25
15	12
16	41
17	43
18	7
19	37
20	33
21	39
22	16
23	14
24	10
25	13
26	4
27	17
28	30
29	2
30	6
31	44
32	48
33	46
34	23
35	45
36	28
37	19
38	31
39	32
40	22
41	34
42	24
43	27
44	18
45	35
46	36
47	21
48	42
--------------------------
Constraints Added : 98
Time in Secs : 21.684
Objective Distaince : 41069.6
Subtour from Atlanta : 37
Full Tour:
1	38
2	11
3	9
4	5
5	29
6	40
7	46
8	1
9	8
10	26
11	3
12	20
13	47
14	25
15	12
16	41
17	43
18	7
19	37
20	33
21	39
22	16
23	14
24	10
25	13
26	4
27	17
28	30
29	2
30	6
31	44
32	48
33	15
34	23
35	45
36	28
37	19
38	31
39	32
40	22
41	34
42	24
43	27
44	18
45	35
46	36
47	21
48	42
--------------------------
Constraints Added : 99
Time in Secs : 21.902
Objective Distaince : 41091.4
Subtour from Atlanta : 19
Full Tour:
1	38
2	11
3	9
4	5
5	29
6	40
7	46
8	1
9	8
10	26
11	20
12	23
13	47
14	25
15	12
16	41
17	43
18	7
19	37
20	33
21	39
22	16
23	14
24	10
25	13
26	4
27	17
28	30
29	2
30	6
31	44
32	48
33	15
34	3
35	45
36	28
37	19
38	31
39	32
40	22
41	34
42	24
43	27
44	18
45	35
46	36
47	21
48	42
--------------------------
Constraints Added : 100
Time in Secs : 22.121
Objective Distaince : 41310.1
Subtour from Atlanta : 19
Full Tour:
1	38
2	47
3	9
4	5
5	29
6	40
7	46
8	1
9	8
10	26
11	20
12	11
13	39
14	25
15	12
16	41
17	43
18	7
19	37
20	33
21	13
22	16
23	14
24	10
25	23
26	4
27	17
28	30
29	2
30	6
31	44
32	48
33	15
34	3
35	45
36	28
37	19
38	31
39	32
40	22
41	34
42	24
43	27
44	18
45	35
46	36
47	21
48	42
--------------------------
Constraints Added : 101
Time in Secs : 22.339
Objective Distaince : 41951
Subtour from Atlanta : 19
Full Tour:
1	38
2	47
3	9
4	39
5	29
6	40
7	46
8	1
9	8
10	42
11	20
12	23
13	11
14	25
15	12
16	41
17	43
18	7
19	37
20	33
21	13
22	16
23	14
24	10
25	48
26	4
27	17
28	30
29	2
30	6
31	44
32	24
33	15
34	3
35	45
36	28
37	19
38	31
39	32
40	22
41	34
42	26
43	27
44	18
45	35
46	36
47	21
48	5
--------------------------
Constraints Added : 102
Time in Secs : 22.558
Objective Distaince : 42425.2
Subtour from Atlanta : 24
Full Tour:
1	38
2	8
3	9
4	39
5	42
6	40
7	46
8	1
9	22
10	26
11	3
12	11
13	47
14	25
15	12
16	41
17	43
18	7
19	37
20	33
21	13
22	16
23	14
24	10
25	23
26	4
27	17
28	30
29	2
30	6
31	44
32	48
33	20
34	29
35	45
36	28
37	19
38	31
39	32
40	15
41	34
42	24
43	27
44	18
45	35
46	36
47	21
48	5
--------------------------
Constraints Added : 103
Time in Secs : 22.76
Objective Distaince : 42598.4
Subtour from Atlanta : 33
Full Tour:
1	38
2	8
3	9
4	32
5	29
6	40
7	46
8	1
9	22
10	42
11	3
12	11
13	47
14	25
15	12
16	41
17	43
18	7
19	37
20	33
21	39
22	16
23	14
24	10
25	13
26	4
27	17
28	30
29	2
30	6
31	44
32	24
33	20
34	23
35	45
36	28
37	19
38	31
39	48
40	15
41	34
42	26
43	27
44	18
45	35
46	36
47	21
48	5
--------------------------
Constraints Added : 104
Time in Secs : 22.963
Objective Distaince : 42717
Subtour from Atlanta : 33
Full Tour:
1	38
2	8
3	9
4	32
5	29
6	40
7	46
8	1
9	22
10	26
11	3
12	11
13	47
14	25
15	12
16	41
17	43
18	7
19	37
20	33
21	39
22	16
23	14
24	42
25	13
26	4
27	17
28	30
29	2
30	6
31	44
32	24
33	20
34	23
35	45
36	28
37	19
38	31
39	48
40	15
41	34
42	10
43	27
44	18
45	35
46	36
47	21
48	5
--------------------------
Constraints Added : 105
Time in Secs : 23.182
Objective Distaince : 43365.6
Subtour from Atlanta : 17
Full Tour:
1	38
2	12
3	9
4	41
5	42
6	40
7	46
8	1
9	8
10	26
11	20
12	11
13	39
14	25
15	33
16	3
17	43
18	7
19	37
20	47
21	13
22	16
23	14
24	10
25	23
26	4
27	17
28	30
29	2
30	6
31	44
32	48
33	15
34	29
35	45
36	28
37	19
38	31
39	32
40	22
41	34
42	24
43	27
44	18
45	35
46	36
47	21
48	5
--------------------------
Constraints Added : 106
Time in Secs : 23.384
Objective Distaince : 43365.8
Subtour from Atlanta : 32
Full Tour:
1	38
2	8
3	9
4	41
5	42
6	40
7	46
8	1
9	22
10	26
11	20
12	11
13	47
14	25
15	12
16	3
17	43
18	7
19	37
20	33
21	39
22	16
23	14
24	10
25	13
26	4
27	17
28	30
29	2
30	6
31	44
32	48
33	15
34	29
35	45
36	28
37	19
38	31
39	32
40	23
41	34
42	24
43	27
44	18
45	35
46	36
47	21
48	5
--------------------------
Constraints Added : 107
Time in Secs : 23.603
Objective Distaince : 43443.2
Subtour from Atlanta : 36
Full Tour:
1	38
2	9
3	8
4	41
5	42
6	40
7	46
8	1
9	22
10	26
11	20
12	11
13	47
14	25
15	12
16	3
17	43
18	7
19	37
20	33
21	39
22	16
23	14
24	10
25	13
26	4
27	17
28	30
29	2
30	6
31	44
32	48
33	15
34	29
35	45
36	28
37	19
38	31
39	32
40	23
41	34
42	24
43	27
44	18
45	35
46	36
47	21
48	5
--------------------------
Constraints Added : 108
Time in Secs : 23.806
Objective Distaince : 43528.3
Subtour from Atlanta : 17
Full Tour:
1	38
2	9
3	8
4	34
5	42
6	40
7	46
8	1
9	22
10	26
11	3
12	11
13	47
14	25
15	12
16	41
17	43
18	7
19	37
20	33
21	39
22	16
23	14
24	10
25	13
26	4
27	17
28	30
29	2
30	6
31	44
32	48
33	20
34	23
35	45
36	28
37	19
38	31
39	32
40	15
41	29
42	24
43	27
44	18
45	35
46	36
47	21
48	5
--------------------------
Constraints Added : 109
Time in Secs : 24.009
Objective Distaince : 43534.3
Subtour from Atlanta : 34
Full Tour:
1	38
2	15
3	1
4	34
5	42
6	40
7	46
8	9
9	8
10	26
11	3
12	11
13	47
14	25
15	12
16	41
17	43
18	7
19	37
20	33
21	39
22	16
23	14
24	10
25	13
26	4
27	17
28	30
29	2
30	6
31	44
32	48
33	20
34	29
35	45
36	28
37	19
38	31
39	32
40	23
41	22
42	24
43	27
44	18
45	35
46	36
47	21
48	5
--------------------------
Constraints Added : 110
Time in Secs : 24.227
Objective Distaince : 43807.6
Subtour from Atlanta : 36
Full Tour:
1	9
2	15
3	1
4	34
5	42
6	40
7	46
8	38
9	8
10	26
11	3
12	11
13	47
14	25
15	12
16	41
17	43
18	7
19	37
20	33
21	39
22	16
23	14
24	10
25	13
26	4
27	17
28	30
29	2
30	6
31	44
32	48
33	20
34	29
35	45
36	28
37	19
38	31
39	32
40	23
41	22
42	24
43	27
44	18
45	35
46	36
47	21
48	5
--------------------------
Constraints Added : 111
Time in Secs : 24.43
Objective Distaince : 43923.4
Subtour from Atlanta : 5
Full Tour:
1	9
2	8
3	1
4	41
5	42
6	40
7	46
8	38
9	22
10	26
11	21
12	11
13	47
14	25
15	12
16	3
17	43
18	7
19	37
20	33
21	39
22	16
23	14
24	10
25	13
26	4
27	17
28	30
29	2
30	6
31	44
32	48
33	20
34	29
35	45
36	28
37	19
38	31
39	32
40	15
41	34
42	24
43	27
44	18
45	35
46	36
47	23
48	5
--------------------------
Constraints Added : 112
Time in Secs : 24.633
Objective Distaince : 43969.1
Subtour from Atlanta : 36
Full Tour:
1	38
2	15
3	8
4	41
5	42
6	40
7	46
8	1
9	22
10	26
11	3
12	11
13	47
14	25
15	12
16	9
17	43
18	7
19	37
20	33
21	39
22	16
23	14
24	10
25	13
26	4
27	17
28	30
29	2
30	6
31	44
32	48
33	20
34	29
35	45
36	28
37	19
38	31
39	32
40	23
41	34
42	24
43	27
44	18
45	35
46	36
47	21
48	5
--------------------------
Constraints Added : 113
Time in Secs : 24.851
Objective Distaince : 43969.8
Subtour from Atlanta : 35
Full Tour:
1	38
2	15
3	1
4	41
5	42
6	40
7	46
8	22
9	8
10	26
11	3
12	11
13	47
14	25
15	12
16	9
17	43
18	7
19	37
20	33
21	39
22	16
23	14
24	10
25	13
26	4
27	17
28	30
29	2
30	6
31	44
32	48
33	20
34	29
35	45
36	28
37	19
38	31
39	32
40	23
41	34
42	24
43	27
44	18
45	35
46	36
47	21
48	5
--------------------------
Constraints Added : 114
Time in Secs : 25.054
Objective Distaince : 43970.8
Subtour from Atlanta : 17
Full Tour:
1	9
2	15
3	1
4	41
5	42
6	40
7	46
8	38
9	8
10	26
11	21
12	11
13	47
14	25
15	12
16	3
17	43
18	7
19	37
20	33
21	39
22	16
23	14
24	10
25	13
26	4
27	17
28	30
29	2
30	6
31	44
32	48
33	20
34	29
35	45
36	28
37	19
38	31
39	32
40	22
41	34
42	24
43	27
44	18
45	35
46	36
47	23
48	5
--------------------------
Constraints Added : 115
Time in Secs : 25.257
Objective Distaince : 44011.9
Subtour from Atlanta : 17
Full Tour:
1	9
2	20
3	1
4	41
5	42
6	40
7	46
8	38
9	8
10	26
11	21
12	11
13	47
14	25
15	12
16	3
17	43
18	7
19	37
20	33
21	39
22	16
23	14
24	10
25	13
26	4
27	17
28	30
29	2
30	6
31	44
32	48
33	15
34	29
35	45
36	28
37	19
38	31
39	32
40	22
41	34
42	24
43	27
44	18
45	35
46	36
47	23
48	5
--------------------------
Constraints Added : 116
Time in Secs : 25.459
Objective Distaince : 44751.7
Subtour from Atlanta : 18
Full Tour:
1	9
2	20
3	1
4	34
5	42
6	40
7	46
8	38
9	8
10	26
11	21
12	11
13	47
14	25
15	12
16	3
17	43
18	7
19	37
20	33
21	39
22	41
23	14
24	10
25	13
26	4
27	17
28	30
29	2
30	6
31	44
32	48
33	15
34	29
35	45
36	28
37	19
38	31
39	32
40	22
41	16
42	24
43	27
44	18
45	35
46	36
47	23
48	5
--------------------------
Constraints Added : 117
Time in Secs : 25.662
Objective Distaince : 45148.5
Subtour from Atlanta : 21
Full Tour:
1	9
2	33
3	1
4	34
5	42
6	40
7	46
8	38
9	8
10	26
11	22
12	11
13	39
14	25
15	12
16	3
17	43
18	7
19	37
20	47
21	13
22	41
23	14
24	10
25	23
26	4
27	17
28	30
29	2
30	6
31	44
32	48
33	20
34	29
35	45
36	28
37	19
38	31
39	32
40	15
41	16
42	24
43	27
44	18
45	35
46	36
47	21
48	5
--------------------------
Constraints Added : 118
Time in Secs : 25.865
Objective Distaince : 45461.4
Subtour from Atlanta : 20
Full Tour:
1	9
2	33
3	1
4	25
5	42
6	40
7	46
8	38
9	8
10	26
11	22
12	11
13	39
14	41
15	12
16	3
17	43
18	7
19	37
20	47
21	13
22	16
23	14
24	10
25	23
26	4
27	17
28	30
29	2
30	6
31	44
32	48
33	20
34	29
35	45
36	28
37	19
38	31
39	32
40	15
41	34
42	24
43	27
44	18
45	35
46	36
47	21
48	5
--------------------------
Constraints Added : 119
Time in Secs : 26.083
Objective Distaince : 45473.7
Subtour from Atlanta : 25
Full Tour:
1	9
2	1
3	8
4	25
5	42
6	12
7	46
8	38
9	40
10	26
11	22
12	11
13	39
14	41
15	33
16	3
17	43
18	7
19	37
20	47
21	13
22	16
23	14
24	10
25	23
26	4
27	17
28	30
29	2
30	6
31	44
32	48
33	20
34	29
35	45
36	28
37	19
38	31
39	32
40	15
41	34
42	24
43	27
44	18
45	35
46	36
47	21
48	5
--------------------------
Constraints Added : 120
Time in Secs : 26.286
Objective Distaince : 45484.1
Subtour from Atlanta : 24
Full Tour:
1	9
2	1
3	48
4	25
5	29
6	40
7	46
8	38
9	8
10	26
11	22
12	11
13	47
14	41
15	12
16	3
17	43
18	7
19	37
20	33
21	39
22	16
23	14
24	42
25	13
26	4
27	17
28	30
29	2
30	6
31	44
32	24
33	20
34	23
35	45
36	28
37	19
38	31
39	32
40	15
41	34
42	10
43	27
44	18
45	35
46	36
47	21
48	5
--------------------------
Constraints Added : 121
Time in Secs : 26.505
Objective Distaince : 45619.2
Subtour from Atlanta : 24
Full Tour:
1	9
2	1
3	48
4	14
5	29
6	40
7	46
8	38
9	8
10	26
11	22
12	11
13	47
14	25
15	12
16	3
17	43
18	7
19	37
20	33
21	39
22	16
23	41
24	42
25	13
26	4
27	17
28	30
29	2
30	6
31	44
32	24
33	20
34	23
35	45
36	28
37	19
38	31
39	32
40	15
41	34
42	10
43	27
44	18
45	35
46	36
47	21
48	5
--------------------------
Constraints Added : 122
Time in Secs : 26.707
Objective Distaince : 46670.6
Subtour from Atlanta : 24
Full Tour:
1	9
2	1
3	48
4	14
5	29
6	40
7	46
8	38
9	8
10	45
11	22
12	11
13	47
14	25
15	12
16	3
17	43
18	7
19	37
20	33
21	39
22	16
23	41
24	42
25	13
26	4
27	17
28	30
29	2
30	6
31	44
32	24
33	20
34	23
35	26
36	28
37	19
38	31
39	32
40	15
41	34
42	10
43	27
44	18
45	35
46	36
47	21
48	5
--------------------------
Constraints Added : 123
Time in Secs : 26.91
Objective Distaince : 46929.6
Subtour from Atlanta : 21
Full Tour:
1	9
2	1
3	48
4	21
5	29
6	40
7	46
8	38
9	8
10	45
11	41
12	11
13	47
14	25
15	12
16	3
17	43
18	7
19	37
20	33
21	39
22	16
23	14
24	42
25	13
26	4
27	17
28	30
29	2
30	6
31	44
32	24
33	15
34	23
35	26
36	28
37	19
38	31
39	32
40	22
41	34
42	10
43	27
44	18
45	35
46	36
47	20
48	5
--------------------------
Constraints Added : 124
Time in Secs : 27.129
Objective Distaince : 47083.2
Subtour from Atlanta : 21
Full Tour:
1	9
2	1
3	48
4	21
5	29
6	40
7	46
8	38
9	8
10	35
11	41
12	11
13	47
14	25
15	12
16	3
17	43
18	7
19	37
20	33
21	39
22	16
23	14
24	42
25	13
26	4
27	17
28	30
29	2
30	6
31	44
32	24
33	15
34	23
35	45
36	28
37	19
38	31
39	32
40	22
41	34
42	26
43	27
44	18
45	10
46	36
47	20
48	5
--------------------------
Constraints Added : 125
Time in Secs : 27.331
Objective Distaince : 47086
Subtour from Atlanta : 26
Full Tour:
1	9
2	1
3	20
4	23
5	42
6	40
7	46
8	38
9	8
10	48
11	41
12	11
13	47
14	25
15	12
16	3
17	43
18	7
19	37
20	33
21	39
22	16
23	14
24	10
25	13
26	4
27	17
28	30
29	2
30	6
31	44
32	24
33	15
34	29
35	45
36	28
37	19
38	31
39	32
40	22
41	34
42	26
43	27
44	18
45	35
46	36
47	21
48	5
--------------------------
Constraints Added : 126
Time in Secs : 27.534
Objective Distaince : 47118.2
Subtour from Atlanta : 24
Full Tour:
1	9
2	1
3	48
4	23
5	29
6	40
7	46
8	38
9	8
10	35
11	22
12	11
13	47
14	25
15	12
16	3
17	43
18	7
19	37
20	33
21	39
22	16
23	41
24	42
25	13
26	4
27	17
28	30
29	2
30	6
31	44
32	24
33	20
34	14
35	45
36	28
37	19
38	31
39	32
40	15
41	34
42	26
43	27
44	18
45	10
46	36
47	21
48	5
--------------------------
Constraints Added : 127
Time in Secs : 27.753
Objective Distaince : 47186.1
Subtour from Atlanta : 24
Full Tour:
1	9
2	1
3	48
4	13
5	29
6	40
7	46
8	38
9	8
10	35
11	22
12	11
13	47
14	25
15	12
16	3
17	43
18	7
19	37
20	33
21	39
22	16
23	41
24	42
25	23
26	4
27	17
28	30
29	2
30	6
31	44
32	24
33	20
34	14
35	45
36	28
37	19
38	31
39	32
40	15
41	34
42	26
43	27
44	18
45	10
46	36
47	21
48	5
--------------------------
Constraints Added : 128
Time in Secs : 27.955
Objective Distaince : 47370.9
Subtour from Atlanta : 24
Full Tour:
1	9
2	1
3	48
4	13
5	29
6	40
7	46
8	38
9	8
10	4
11	22
12	11
13	47
14	25
15	12
16	3
17	43
18	7
19	37
20	33
21	39
22	16
23	41
24	10
25	23
26	42
27	17
28	30
29	2
30	6
31	44
32	24
33	20
34	14
35	45
36	28
37	19
38	31
39	32
40	15
41	34
42	26
43	27
44	18
45	35
46	36
47	21
48	5
--------------------------
Constraints Added : 129
Time in Secs : 28.143
Objective Distaince : 47778.6
Subtour from Atlanta : 37
Full Tour:
1	9
2	1
3	48
4	22
5	29
6	40
7	46
8	38
9	8
10	4
11	41
12	11
13	47
14	25
15	12
16	3
17	43
18	7
19	37
20	33
21	39
22	16
23	14
24	10
25	13
26	42
27	17
28	30
29	2
30	6
31	44
32	24
33	20
34	23
35	45
36	28
37	19
38	31
39	32
40	15
41	34
42	26
43	27
44	18
45	35
46	36
47	21
48	5
--------------------------
Constraints Added : 130
Time in Secs : 28.361
Objective Distaince : 48032.2
Subtour from Atlanta : 42
Full Tour:
1	9
2	1
3	48
4	22
5	29
6	40
7	46
8	38
9	8
10	4
11	41
12	11
13	47
14	25
15	12
16	3
17	19
18	7
19	37
20	33
21	39
22	16
23	14
24	10
25	13
26	42
27	17
28	30
29	2
30	43
31	44
32	24
33	20
34	23
35	45
36	28
37	6
38	31
39	32
40	15
41	34
42	26
43	27
44	18
45	35
46	36
47	21
48	5
--------------------------
Constraints Added : 131
Time in Secs : 28.564
Objective Distaince : 48109.4
Subtour from Atlanta : 37
Full Tour:
1	9
2	1
3	48
4	22
5	29
6	40
7	46
8	38
9	8
10	4
11	41
12	33
13	11
14	25
15	12
16	3
17	19
18	7
19	37
20	47
21	39
22	16
23	14
24	10
25	13
26	42
27	17
28	30
29	2
30	43
31	44
32	24
33	20
34	23
35	45
36	28
37	6
38	31
39	32
40	15
41	34
42	26
43	27
44	18
45	35
46	36
47	21
48	5
--------------------------
Constraints Added : 132
Time in Secs : 28.767
Objective Distaince : 48236
Subtour from Atlanta : 33
Full Tour:
1	38
2	1
3	48
4	3
5	29
6	40
7	46
8	16
9	8
10	4
11	22
12	33
13	11
14	25
15	12
16	9
17	19
18	7
19	37
20	47
21	39
22	41
23	14
24	10
25	13
26	42
27	17
28	30
29	2
30	43
31	44
32	24
33	20
34	23
35	45
36	28
37	6
38	31
39	32
40	15
41	34
42	26
43	27
44	18
45	35
46	36
47	21
48	5
--------------------------
Constraints Added : 133
Time in Secs : 28.985
Objective Distaince : 48244.2
Subtour from Atlanta : 18
Full Tour:
1	40
2	1
3	48
4	3
5	29
6	12
7	46
8	38
9	8
10	4
11	22
12	11
13	39
14	25
15	33
16	9
17	19
18	7
19	37
20	47
21	13
22	16
23	41
24	10
25	23
26	42
27	17
28	30
29	2
30	43
31	44
32	24
33	20
34	14
35	45
36	28
37	6
38	31
39	32
40	15
41	34
42	26
43	27
44	18
45	35
46	36
47	21
48	5
--------------------------
Constraints Added : 134
Time in Secs : 29.188
Objective Distaince : 48260.8
Subtour from Atlanta : 36
Full Tour:
1	9
2	1
3	48
4	16
5	29
6	40
7	46
8	38
9	8
10	4
11	22
12	33
13	11
14	25
15	12
16	3
17	19
18	7
19	37
20	47
21	39
22	41
23	14
24	10
25	13
26	42
27	17
28	30
29	2
30	43
31	44
32	24
33	20
34	23
35	45
36	28
37	6
38	31
39	32
40	15
41	34
42	26
43	27
44	18
45	35
46	36
47	21
48	5
--------------------------
Constraints Added : 135
Time in Secs : 29.406
Objective Distaince : 48276.7
Subtour from Atlanta : 39
Full Tour:
1	9
2	1
3	48
4	16
5	29
6	40
7	46
8	38
9	8
10	4
11	21
12	33
13	11
14	25
15	12
16	3
17	19
18	7
19	37
20	47
21	39
22	41
23	14
24	10
25	13
26	42
27	17
28	30
29	2
30	43
31	44
32	24
33	15
34	23
35	45
36	28
37	6
38	31
39	32
40	22
41	34
42	26
43	27
44	18
45	35
46	36
47	20
48	5
--------------------------
Constraints Added : 136
Time in Secs : 29.625
Objective Distaince : 48330.5
Subtour from Atlanta : 42
Full Tour:
1	9
2	1
3	48
4	16
5	29
6	40
7	46
8	38
9	8
10	4
11	21
12	11
13	47
14	25
15	33
16	3
17	19
18	7
19	37
20	12
21	39
22	41
23	14
24	10
25	13
26	42
27	17
28	30
29	2
30	43
31	44
32	24
33	15
34	23
35	45
36	28
37	6
38	31
39	32
40	22
41	34
42	26
43	27
44	18
45	35
46	36
47	20
48	5
--------------------------
Constraints Added : 137
Time in Secs : 29.827
Objective Distaince : 48334.3
Subtour from Atlanta : 39
Full Tour:
1	9
2	1
3	48
4	22
5	29
6	40
7	46
8	38
9	8
10	4
11	33
12	11
13	39
14	25
15	12
16	3
17	19
18	7
19	37
20	47
21	13
22	16
23	41
24	10
25	23
26	42
27	17
28	30
29	2
30	43
31	44
32	24
33	20
34	14
35	45
36	28
37	6
38	31
39	32
40	15
41	34
42	26
43	27
44	18
45	35
46	36
47	21
48	5
--------------------------
Constraints Added : 138
Time in Secs : 30.046
Objective Distaince : 48459.1
Subtour from Atlanta : 40
Full Tour:
1	9
2	1
3	48
4	22
5	29
6	40
7	46
8	38
9	8
10	4
11	25
12	11
13	47
14	41
15	12
16	3
17	19
18	7
19	37
20	36
21	39
22	16
23	14
24	10
25	13
26	42
27	17
28	30
29	2
30	43
31	44
32	24
33	20
34	23
35	45
36	28
37	6
38	31
39	32
40	15
41	34
42	26
43	27
44	18
45	35
46	33
47	21
48	5
--------------------------
Constraints Added : 139
Time in Secs : 30.249
Objective Distaince : 48509.4
Subtour from Atlanta : 41
Full Tour:
1	9
2	1
3	48
4	22
5	29
6	40
7	46
8	38
9	8
10	4
11	25
12	23
13	47
14	41
15	12
16	3
17	19
18	7
19	37
20	36
21	39
22	16
23	11
24	10
25	13
26	42
27	17
28	30
29	2
30	43
31	44
32	24
33	20
34	14
35	45
36	28
37	6
38	31
39	32
40	15
41	34
42	26
43	27
44	18
45	35
46	33
47	21
48	5
--------------------------
Constraints Added : 140
Time in Secs : 30.467
Objective Distaince : 48569.9
Subtour from Atlanta : 42
Full Tour:
1	9
2	1
3	48
4	22
5	29
6	40
7	46
8	38
9	8
10	4
11	25
12	23
13	47
14	34
15	12
16	3
17	19
18	7
19	37
20	36
21	39
22	41
23	11
24	10
25	13
26	42
27	17
28	30
29	2
30	43
31	44
32	24
33	20
34	14
35	45
36	28
37	6
38	31
39	32
40	15
41	16
42	26
43	27
44	18
45	35
46	33
47	21
48	5
--------------------------
Constraints Added : 141
Time in Secs : 30.67
Objective Distaince : 48688.5
Subtour from Atlanta : 44
Full Tour:
1	9
2	1
3	48
4	22
5	29
6	40
7	46
8	38
9	8
10	4
11	25
12	23
13	47
14	34
15	12
16	3
17	19
18	7
19	37
20	36
21	39
22	41
23	11
24	42
25	13
26	10
27	17
28	30
29	2
30	43
31	44
32	24
33	20
34	14
35	45
36	28
37	6
38	31
39	32
40	15
41	16
42	26
43	27
44	18
45	35
46	33
47	21
48	5
--------------------------
Constraints Added : 142
Time in Secs : 30.873
Objective Distaince : 49113
Subtour from Atlanta : 31
Full Tour:
1	9
2	1
3	33
4	22
5	29
6	40
7	46
8	38
9	8
10	4
11	25
12	11
13	39
14	48
15	12
16	3
17	19
18	7
19	37
20	47
21	13
22	16
23	41
24	42
25	23
26	10
27	17
28	30
29	2
30	43
31	44
32	24
33	20
34	14
35	45
36	28
37	6
38	31
39	32
40	15
41	34
42	26
43	27
44	18
45	35
46	36
47	21
48	5
--------------------------
Constraints Added : 143
Time in Secs : 31.075
Objective Distaince : 49123.1
Subtour from Atlanta : 33
Full Tour:
1	9
2	1
3	47
4	22
5	29
6	40
7	46
8	38
9	8
10	4
11	25
12	11
13	39
14	48
15	12
16	3
17	19
18	7
19	37
20	36
21	13
22	16
23	41
24	42
25	23
26	10
27	17
28	30
29	2
30	43
31	44
32	24
33	20
34	14
35	45
36	28
37	6
38	31
39	32
40	15
41	34
42	26
43	27
44	18
45	35
46	33
47	21
48	5
--------------------------
Constraints Added : 144
Time in Secs : 31.278
Objective Distaince : 49265.5
Subtour from Atlanta : 46
Full Tour:
1	9
2	1
3	20
4	16
5	29
6	40
7	46
8	38
9	8
10	4
11	25
12	23
13	47
14	48
15	12
16	3
17	19
18	7
19	37
20	36
21	39
22	41
23	11
24	42
25	13
26	10
27	17
28	30
29	2
30	43
31	44
32	24
33	15
34	14
35	45
36	28
37	6
38	31
39	32
40	22
41	34
42	26
43	27
44	18
45	35
46	33
47	21
48	5
--------------------------
Constraints Added : 145
Time in Secs : 31.497
Objective Distaince : 50420.1
Subtour from Atlanta : 45
Full Tour:
1	9
2	1
3	20
4	16
5	29
6	40
7	46
8	38
9	8
10	4
11	25
12	23
13	47
14	48
15	12
16	3
17	19
18	7
19	37
20	36
21	39
22	41
23	11
24	42
25	13
26	45
27	17
28	30
29	2
30	43
31	44
32	24
33	15
34	14
35	26
36	28
37	6
38	31
39	32
40	22
41	34
42	10
43	27
44	18
45	35
46	33
47	21
48	5
--------------------------
Constraints Added : 146
Time in Secs : 31.699
Objective Distaince : 50521.3
Subtour from Atlanta : 48
Full Tour:
1	9
2	1
3	20
4	16
5	29
6	40
7	46
8	38
9	8
10	2
11	25
12	23
13	47
14	48
15	12
16	3
17	19
18	7
19	37
20	36
21	39
22	41
23	11
24	45
25	13
26	4
27	17
28	30
29	42
30	43
31	44
32	24
33	15
34	14
35	26
36	28
37	6
38	31
39	32
40	22
41	34
42	10
43	27
44	18
45	35
46	33
47	21
48	5
--------------------------
