Starting at time :0
Constraints Added : 0
Time in Secs : 0.156
Objective Distaince : 16746.5
Subtour from Atlanta : 2
Full Tour:
1	19
2	17
3	18
4	24
5	10
6	9
7	13
8	20
9	6
10	5
11	23
12	11
13	7
14	3
15	21
16	22
17	2
18	14
19	1
20	8
21	15
22	16
23	12
24	4
--------------------------
Constraints Added : 1
Time in Secs : 0.219
Objective Distaince : 16821
Subtour from Atlanta : 3
Full Tour:
1	19
2	9
3	18
4	24
5	10
6	1
7	13
8	20
9	17
10	5
11	12
12	23
13	7
14	3
15	21
16	22
17	2
18	14
19	6
20	8
21	15
22	16
23	11
24	4
--------------------------
Constraints Added : 2
Time in Secs : 0.281
Objective Distaince : 16821
Subtour from Atlanta : 3
Full Tour:
1	19
2	9
3	14
4	24
5	10
6	1
7	13
8	20
9	17
10	5
11	12
12	23
13	7
14	18
15	21
16	22
17	2
18	3
19	6
20	8
21	15
22	16
23	11
24	4
--------------------------
Constraints Added : 3
Time in Secs : 0.343
Objective Distaince : 17368.5
Subtour from Atlanta : 2
Full Tour:
1	19
2	13
3	14
4	24
5	10
6	9
7	11
8	20
9	6
10	5
11	7
12	23
13	17
14	18
15	21
16	22
17	2
18	3
19	1
20	8
21	15
22	16
23	12
24	4
--------------------------
Constraints Added : 4
Time in Secs : 0.406
Objective Distaince : 21449.8
Subtour from Atlanta : 2
Full Tour:
1	19
2	13
3	4
4	24
5	10
6	9
7	11
8	20
9	6
10	5
11	7
12	23
13	17
14	3
15	21
16	22
17	2
18	14
19	1
20	8
21	15
22	16
23	12
24	18
--------------------------
Constraints Added : 5
Time in Secs : 0.468
Objective Distaince : 21535.6
Subtour from Atlanta : 2
Full Tour:
1	19
2	20
3	4
4	24
5	10
6	9
7	13
8	11
9	6
10	5
11	7
12	23
13	17
14	3
15	21
16	22
17	2
18	14
19	1
20	8
21	15
22	16
23	12
24	18
--------------------------
Constraints Added : 6
Time in Secs : 0.531
Objective Distaince : 21680.2
Subtour from Atlanta : 2
Full Tour:
1	19
2	20
3	24
4	18
5	10
6	9
7	13
8	11
9	6
10	5
11	7
12	23
13	17
14	3
15	21
16	22
17	2
18	14
19	1
20	8
21	15
22	16
23	12
24	4
--------------------------
Constraints Added : 7
Time in Secs : 0.609
Objective Distaince : 21852.5
Subtour from Atlanta : 2
Full Tour:
1	19
2	7
3	24
4	18
5	10
6	9
7	13
8	20
9	6
10	5
11	12
12	23
13	17
14	3
15	21
16	22
17	2
18	14
19	1
20	8
21	15
22	16
23	11
24	4
--------------------------
Constraints Added : 8
Time in Secs : 0.671
Objective Distaince : 23331.1
Subtour from Atlanta : 2
Full Tour:
1	19
2	6
3	17
4	24
5	10
6	9
7	13
8	20
9	2
10	5
11	23
12	11
13	7
14	3
15	21
16	22
17	4
18	14
19	1
20	8
21	15
22	16
23	12
24	18
--------------------------
Constraints Added : 9
Time in Secs : 0.733
Objective Distaince : 23406.2
Subtour from Atlanta : 5
Full Tour:
1	19
2	1
3	17
4	24
5	10
6	9
7	13
8	20
9	2
10	5
11	23
12	11
13	7
14	3
15	21
16	22
17	4
18	14
19	6
20	8
21	15
22	16
23	12
24	18
--------------------------
Constraints Added : 10
Time in Secs : 0.796
Objective Distaince : 24048.3
Subtour from Atlanta : 18
Full Tour:
1	19
2	7
3	12
4	24
5	10
6	9
7	13
8	20
9	2
10	5
11	8
12	23
13	17
14	3
15	21
16	22
17	4
18	14
19	6
20	1
21	15
22	16
23	11
24	18
--------------------------
Constraints Added : 11
Time in Secs : 0.858
Objective Distaince : 24101.7
Subtour from Atlanta : 18
Full Tour:
1	19
2	7
3	12
4	24
5	15
6	9
7	13
8	20
9	2
10	5
11	8
12	23
13	17
14	3
15	21
16	22
17	4
18	14
19	6
20	1
21	10
22	16
23	11
24	18
--------------------------
Constraints Added : 12
Time in Secs : 0.921
Objective Distaince : 24155.1
Subtour from Atlanta : 18
Full Tour:
1	19
2	7
3	12
4	24
5	15
6	9
7	13
8	20
9	2
10	21
11	8
12	23
13	17
14	3
15	5
16	22
17	4
18	14
19	6
20	1
21	10
22	16
23	11
24	18
--------------------------
Constraints Added : 13
Time in Secs : 0.983
Objective Distaince : 24396.8
Subtour from Atlanta : 18
Full Tour:
1	19
2	7
3	12
4	24
5	21
6	9
7	13
8	20
9	2
10	15
11	8
12	23
13	17
14	3
15	5
16	22
17	4
18	14
19	6
20	1
21	10
22	16
23	11
24	18
--------------------------
Constraints Added : 14
Time in Secs : 1.061
Objective Distaince : 25614.9
Subtour from Atlanta : 20
Full Tour:
1	6
2	7
3	12
4	24
5	22
6	9
7	13
8	20
9	2
10	21
11	15
12	23
13	17
14	3
15	5
16	19
17	4
18	14
19	1
20	8
21	10
22	16
23	11
24	18
--------------------------
Constraints Added : 15
Time in Secs : 1.123
Objective Distaince : 26362.1
Subtour from Atlanta : 3
Full Tour:
1	20
2	7
3	12
4	24
5	22
6	9
7	13
8	1
9	2
10	21
11	15
12	23
13	17
14	3
15	5
16	19
17	4
18	14
19	6
20	8
21	10
22	16
23	11
24	18
--------------------------
Constraints Added : 16
Time in Secs : 1.186
Objective Distaince : 26534.6
Subtour from Atlanta : 22
Full Tour:
1	20
2	1
3	12
4	24
5	22
6	9
7	13
8	7
9	2
10	21
11	15
12	23
13	17
14	3
15	5
16	19
17	4
18	14
19	6
20	8
21	10
22	16
23	11
24	18
--------------------------
Constraints Added : 17
Time in Secs : 1.248
Objective Distaince : 26876.8
Subtour from Atlanta : 24
Full Tour:
1	20
2	1
3	12
4	24
5	21
6	9
7	13
8	7
9	2
10	22
11	15
12	23
13	17
14	3
15	5
16	19
17	4
18	14
19	6
20	8
21	10
22	16
23	11
24	18
--------------------------
