Starting at time :0
Constraints Added : 0
Time in Secs : 1.248
Objective Distaince : 0
Subtour from Atlanta : 1
Full Tour:
1	1
2	2
3	3
4	4
5	5
6	6
7	7
8	8
9	9
10	10
11	11
12	12
13	13
14	14
15	15
16	16
17	17
18	18
19	19
20	20
21	21
22	22
23	23
24	24
25	25
26	26
27	27
28	28
29	29
30	30
31	31
32	32
33	33
34	34
35	35
36	36
37	37
38	38
39	39
40	40
41	41
42	42
43	43
44	44
45	45
46	46
47	47
48	48
--------------------------
Constraints Added : 1
Time in Secs : 1.451
Objective Distaince : 924.164
Subtour from Atlanta : 2
Full Tour:
1	9
2	2
3	3
4	4
5	5
6	6
7	7
8	8
9	1
10	10
11	11
12	12
13	13
14	14
15	15
16	16
17	17
18	18
19	19
20	20
21	21
22	22
23	23
24	24
25	25
26	26
27	27
28	28
29	29
30	30
31	31
32	32
33	33
34	34
35	35
36	36
37	37
38	38
39	39
40	40
41	41
42	42
43	43
44	44
45	45
46	46
47	47
48	48
--------------------------
Constraints Added : 2
Time in Secs : 1.653
Objective Distaince : 3330.53
Subtour from Atlanta : 2
Full Tour:
1	9
2	29
3	3
4	4
5	5
6	6
7	7
8	8
9	1
10	10
11	11
12	12
13	13
14	14
15	15
16	16
17	17
18	18
19	19
20	20
21	21
22	22
23	23
24	24
25	25
26	26
27	27
28	28
29	2
30	30
31	31
32	32
33	33
34	34
35	35
36	36
37	37
38	38
39	39
40	40
41	41
42	42
43	43
44	44
45	45
46	46
47	47
48	48
--------------------------
Constraints Added : 3
Time in Secs : 1.856
Objective Distaince : 4633.82
Subtour from Atlanta : 2
Full Tour:
1	9
2	29
3	22
4	4
5	5
6	6
7	7
8	8
9	1
10	10
11	11
12	12
13	13
14	14
15	15
16	16
17	17
18	18
19	19
20	20
21	21
22	3
23	23
24	24
25	25
26	26
27	27
28	28
29	2
30	30
31	31
32	32
33	33
34	34
35	35
36	36
37	37
38	38
39	39
40	40
41	41
42	42
43	43
44	44
45	45
46	46
47	47
48	48
--------------------------
Constraints Added : 4
Time in Secs : 2.059
Objective Distaince : 5409.25
Subtour from Atlanta : 2
Full Tour:
1	9
2	42
3	22
4	4
5	5
6	6
7	7
8	8
9	1
10	10
11	11
12	12
13	13
14	14
15	15
16	16
17	17
18	18
19	19
20	20
21	21
22	3
23	23
24	24
25	25
26	26
27	27
28	28
29	29
30	30
31	31
32	32
33	33
34	34
35	35
36	36
37	37
38	38
39	39
40	40
41	41
42	2
43	43
44	44
45	45
46	46
47	47
48	48
--------------------------
Constraints Added : 5
Time in Secs : 2.277
Objective Distaince : 5760.21
Subtour from Atlanta : 2
Full Tour:
1	9
2	42
3	23
4	4
5	5
6	6
7	7
8	8
9	1
10	10
11	11
12	12
13	13
14	14
15	15
16	16
17	17
18	18
19	19
20	20
21	21
22	22
23	3
24	24
25	25
26	26
27	27
28	28
29	29
30	30
31	31
32	32
33	33
34	34
35	35
36	36
37	37
38	38
39	39
40	40
41	41
42	2
43	43
44	44
45	45
46	46
47	47
48	48
--------------------------
Constraints Added : 6
Time in Secs : 2.48
Objective Distaince : 6261.2
Subtour from Atlanta : 2
Full Tour:
1	9
2	5
3	23
4	4
5	2
6	6
7	7
8	8
9	1
10	10
11	11
12	12
13	13
14	14
15	15
16	16
17	17
18	18
19	19
20	20
21	21
22	22
23	3
24	24
25	25
26	26
27	27
28	28
29	29
30	30
31	31
32	32
33	33
34	34
35	35
36	36
37	37
38	38
39	39
40	40
41	41
42	42
43	43
44	44
45	45
46	46
47	47
48	48
--------------------------
Constraints Added : 7
Time in Secs : 2.699
Objective Distaince : 6505.56
Subtour from Atlanta : 2
Full Tour:
1	9
2	5
3	34
4	4
5	2
6	6
7	7
8	8
9	1
10	10
11	11
12	12
13	13
14	14
15	15
16	16
17	17
18	18
19	19
20	20
21	21
22	22
23	23
24	24
25	25
26	26
27	27
28	28
29	29
30	30
31	31
32	32
33	33
34	3
35	35
36	36
37	37
38	38
39	39
40	40
41	41
42	42
43	43
44	44
45	45
46	46
47	47
48	48
--------------------------
Constraints Added : 8
Time in Secs : 2.901
Objective Distaince : 6521.07
Subtour from Atlanta : 2
Full Tour:
1	9
2	26
3	34
4	4
5	5
6	6
7	7
8	8
9	1
10	10
11	11
12	12
13	13
14	14
15	15
16	16
17	17
18	18
19	19
20	20
21	21
22	22
23	23
24	24
25	25
26	2
27	27
28	28
29	29
30	30
31	31
32	32
33	33
34	3
35	35
36	36
37	37
38	38
39	39
40	40
41	41
42	42
43	43
44	44
45	45
46	46
47	47
48	48
--------------------------
Constraints Added : 9
Time in Secs : 3.104
Objective Distaince : 6522.96
Subtour from Atlanta : 2
Full Tour:
1	9
2	26
3	16
4	4
5	5
6	6
7	7
8	8
9	1
10	10
11	11
12	12
13	13
14	14
15	15
16	3
17	17
18	18
19	19
20	20
21	21
22	22
23	23
24	24
25	25
26	2
27	27
28	28
29	29
30	30
31	31
32	32
33	33
34	34
35	35
36	36
37	37
38	38
39	39
40	40
41	41
42	42
43	43
44	44
45	45
46	46
47	47
48	48
--------------------------
Constraints Added : 10
Time in Secs : 3.323
Objective Distaince : 6847.97
Subtour from Atlanta : 2
Full Tour:
1	9
2	4
3	16
4	2
5	5
6	6
7	7
8	8
9	1
10	10
11	11
12	12
13	13
14	14
15	15
16	3
17	17
18	18
19	19
20	20
21	21
22	22
23	23
24	24
25	25
26	26
27	27
28	28
29	29
30	30
31	31
32	32
33	33
34	34
35	35
36	36
37	37
38	38
39	39
40	40
41	41
42	42
43	43
44	44
45	45
46	46
47	47
48	48
--------------------------
Constraints Added : 11
Time in Secs : 3.525
Objective Distaince : 6910.5
Subtour from Atlanta : 2
Full Tour:
1	3
2	4
3	1
4	2
5	5
6	6
7	7
8	8
9	9
10	10
11	11
12	12
13	13
14	14
15	15
16	16
17	17
18	18
19	19
20	20
21	21
22	22
23	23
24	24
25	25
26	26
27	27
28	28
29	29
30	30
31	31
32	32
33	33
34	34
35	35
36	36
37	37
38	38
39	39
40	40
41	41
42	42
43	43
44	44
45	45
46	46
47	47
48	48
--------------------------
Constraints Added : 12
Time in Secs : 3.728
Objective Distaince : 7061.73
Subtour from Atlanta : 2
Full Tour:
1	3
2	48
3	1
4	4
5	5
6	6
7	7
8	8
9	9
10	10
11	11
12	12
13	13
14	14
15	15
16	16
17	17
18	18
19	19
20	20
21	21
22	22
23	23
24	24
25	25
26	26
27	27
28	28
29	29
30	30
31	31
32	32
33	33
34	34
35	35
36	36
37	37
38	38
39	39
40	40
41	41
42	42
43	43
44	44
45	45
46	46
47	47
48	2
--------------------------
Constraints Added : 13
Time in Secs : 3.931
Objective Distaince : 7701.42
Subtour from Atlanta : 2
Full Tour:
1	3
2	48
3	1
4	26
5	5
6	6
7	7
8	8
9	9
10	10
11	11
12	12
13	13
14	14
15	15
16	16
17	17
18	18
19	19
20	20
21	21
22	22
23	23
24	24
25	25
26	4
27	27
28	28
29	29
30	30
31	31
32	32
33	33
34	34
35	35
36	36
37	37
38	38
39	39
40	40
41	41
42	42
43	43
44	44
45	45
46	46
47	47
48	2
--------------------------
Constraints Added : 14
Time in Secs : 4.134
Objective Distaince : 8180.54
Subtour from Atlanta : 2
Full Tour:
1	3
2	10
3	1
4	26
5	5
6	6
7	7
8	8
9	9
10	2
11	11
12	12
13	13
14	14
15	15
16	16
17	17
18	18
19	19
20	20
21	21
22	22
23	23
24	24
25	25
26	4
27	27
28	28
29	29
30	30
31	31
32	32
33	33
34	34
35	35
36	36
37	37
38	38
39	39
40	40
41	41
42	42
43	43
44	44
45	45
46	46
47	47
48	48
--------------------------
Constraints Added : 15
Time in Secs : 4.337
Objective Distaince : 8627.38
Subtour from Atlanta : 2
Full Tour:
1	3
2	10
3	1
4	2
5	5
6	6
7	7
8	8
9	9
10	4
11	11
12	12
13	13
14	14
15	15
16	16
17	17
18	18
19	19
20	20
21	21
22	22
23	23
24	24
25	25
26	26
27	27
28	28
29	29
30	30
31	31
32	32
33	33
34	34
35	35
36	36
37	37
38	38
39	39
40	40
41	41
42	42
43	43
44	44
45	45
46	46
47	47
48	48
--------------------------
Constraints Added : 16
Time in Secs : 4.539
Objective Distaince : 9447.43
Subtour from Atlanta : 2
Full Tour:
1	3
2	35
3	1
4	2
5	5
6	6
7	7
8	8
9	9
10	10
11	11
12	12
13	13
14	14
15	15
16	16
17	17
18	18
19	19
20	20
21	21
22	22
23	23
24	24
25	25
26	26
27	27
28	28
29	29
30	30
31	31
32	32
33	33
34	34
35	4
36	36
37	37
38	38
39	39
40	40
41	41
42	42
43	43
44	44
45	45
46	46
47	47
48	48
--------------------------
Constraints Added : 17
Time in Secs : 4.758
Objective Distaince : 10707.5
Subtour from Atlanta : 2
Full Tour:
1	3
2	35
3	1
4	42
5	5
6	6
7	7
8	8
9	9
10	10
11	11
12	12
13	13
14	14
15	15
16	16
17	17
18	18
19	19
20	20
21	21
22	22
23	23
24	24
25	25
26	26
27	27
28	28
29	29
30	30
31	31
32	32
33	33
34	34
35	4
36	36
37	37
38	38
39	39
40	40
41	41
42	2
43	43
44	44
45	45
46	46
47	47
48	48
--------------------------
Constraints Added : 18
Time in Secs : 4.961
Objective Distaince : 10902.4
Subtour from Atlanta : 2
Full Tour:
1	9
2	3
3	2
4	10
5	5
6	6
7	7
8	8
9	1
10	4
11	11
12	12
13	13
14	14
15	15
16	16
17	17
18	18
19	19
20	20
21	21
22	22
23	23
24	24
25	25
26	26
27	27
28	28
29	29
30	30
31	31
32	32
33	33
34	34
35	35
36	36
37	37
38	38
39	39
40	40
41	41
42	42
43	43
44	44
45	45
46	46
47	47
48	48
--------------------------
Constraints Added : 19
Time in Secs : 5.179
Objective Distaince : 10964.2
Subtour from Atlanta : 2
Full Tour:
1	9
2	3
3	29
4	10
5	5
6	6
7	7
8	8
9	1
10	4
11	11
12	12
13	13
14	14
15	15
16	16
17	17
18	18
19	19
20	20
21	21
22	22
23	23
24	24
25	25
26	26
27	27
28	28
29	2
30	30
31	31
32	32
33	33
34	34
35	35
36	36
37	37
38	38
39	39
40	40
41	41
42	42
43	43
44	44
45	45
46	46
47	47
48	48
--------------------------
Constraints Added : 20
Time in Secs : 5.382
Objective Distaince : 10981.6
Subtour from Atlanta : 2
Full Tour:
1	9
2	34
3	29
4	10
5	5
6	6
7	7
8	8
9	1
10	4
11	11
12	12
13	13
14	14
15	15
16	16
17	17
18	18
19	19
20	20
21	21
22	22
23	23
24	24
25	25
26	26
27	27
28	28
29	2
30	30
31	31
32	32
33	33
34	3
35	35
36	36
37	37
38	38
39	39
40	40
41	41
42	42
43	43
44	44
45	45
46	46
47	47
48	48
--------------------------
Constraints Added : 21
Time in Secs : 5.6
Objective Distaince : 11001.7
Subtour from Atlanta : 2
Full Tour:
1	3
2	34
3	1
4	10
5	5
6	6
7	7
8	8
9	9
10	4
11	11
12	12
13	13
14	14
15	15
16	16
17	17
18	18
19	19
20	20
21	21
22	22
23	23
24	24
25	25
26	26
27	27
28	28
29	29
30	30
31	31
32	32
33	33
34	2
35	35
36	36
37	37
38	38
39	39
40	40
41	41
42	42
43	43
44	44
45	45
46	46
47	47
48	48
--------------------------
Constraints Added : 22
Time in Secs : 5.819
Objective Distaince : 11200.7
Subtour from Atlanta : 2
Full Tour:
1	3
2	41
3	1
4	10
5	5
6	6
7	7
8	8
9	9
10	4
11	11
12	12
13	13
14	14
15	15
16	16
17	17
18	18
19	19
20	20
21	21
22	22
23	23
24	24
25	25
26	26
27	27
28	28
29	29
30	30
31	31
32	32
33	33
34	34
35	35
36	36
37	37
38	38
39	39
40	40
41	2
42	42
43	43
44	44
45	45
46	46
47	47
48	48
--------------------------
Constraints Added : 23
Time in Secs : 6.021
Objective Distaince : 11249.3
Subtour from Atlanta : 2
Full Tour:
1	3
2	41
3	1
4	35
5	5
6	6
7	7
8	8
9	9
10	10
11	11
12	12
13	13
14	14
15	15
16	16
17	17
18	18
19	19
20	20
21	21
22	22
23	23
24	24
25	25
26	26
27	27
28	28
29	29
30	30
31	31
32	32
33	33
34	34
35	4
36	36
37	37
38	38
39	39
40	40
41	2
42	42
43	43
44	44
45	45
46	46
47	47
48	48
--------------------------
Constraints Added : 24
Time in Secs : 6.24
Objective Distaince : 11343.3
Subtour from Atlanta : 2
Full Tour:
1	3
2	24
3	1
4	42
5	5
6	6
7	7
8	8
9	9
10	10
11	11
12	12
13	13
14	14
15	15
16	16
17	17
18	18
19	19
20	20
21	21
22	22
23	23
24	4
25	25
26	26
27	27
28	28
29	29
30	30
31	31
32	32
33	33
34	34
35	35
36	36
37	37
38	38
39	39
40	40
41	41
42	2
43	43
44	44
45	45
46	46
47	47
48	48
--------------------------
Constraints Added : 25
Time in Secs : 6.458
Objective Distaince : 11464.4
Subtour from Atlanta : 2
Full Tour:
1	3
2	24
3	1
4	35
5	5
6	6
7	7
8	8
9	9
10	10
11	11
12	12
13	13
14	14
15	15
16	16
17	17
18	18
19	19
20	20
21	21
22	22
23	23
24	2
25	25
26	26
27	27
28	28
29	29
30	30
31	31
32	32
33	33
34	34
35	4
36	36
37	37
38	38
39	39
40	40
41	41
42	42
43	43
44	44
45	45
46	46
47	47
48	48
--------------------------
Constraints Added : 26
Time in Secs : 6.661
Objective Distaince : 11907.4
Subtour from Atlanta : 2
Full Tour:
1	3
2	39
3	1
4	35
5	5
6	6
7	7
8	8
9	9
10	10
11	11
12	12
13	13
14	14
15	15
16	16
17	17
18	18
19	19
20	20
21	21
22	22
23	23
24	24
25	25
26	26
27	27
28	28
29	29
30	30
31	31
32	32
33	33
34	34
35	4
36	36
37	37
38	38
39	2
40	40
41	41
42	42
43	43
44	44
45	45
46	46
47	47
48	48
--------------------------
Constraints Added : 27
Time in Secs : 6.879
Objective Distaince : 12215.1
Subtour from Atlanta : 2
Full Tour:
1	3
2	45
3	1
4	29
5	5
6	6
7	7
8	8
9	9
10	10
11	11
12	12
13	13
14	14
15	15
16	16
17	17
18	18
19	19
20	20
21	21
22	22
23	23
24	24
25	25
26	26
27	27
28	28
29	2
30	30
31	31
32	32
33	33
34	34
35	35
36	36
37	37
38	38
39	39
40	40
41	41
42	42
43	43
44	44
45	4
46	46
47	47
48	48
--------------------------
Constraints Added : 28
Time in Secs : 7.098
Objective Distaince : 12807.8
Subtour from Atlanta : 2
Full Tour:
1	3
2	39
3	1
4	45
5	5
6	6
7	7
8	8
9	9
10	10
11	11
12	12
13	13
14	14
15	15
16	16
17	17
18	18
19	19
20	20
21	21
22	22
23	23
24	24
25	25
26	26
27	27
28	28
29	29
30	30
31	31
32	32
33	33
34	34
35	35
36	36
37	37
38	38
39	2
40	40
41	41
42	42
43	43
44	44
45	4
46	46
47	47
48	48
--------------------------
Constraints Added : 29
Time in Secs : 7.316
Objective Distaince : 13620.2
Subtour from Atlanta : 2
Full Tour:
1	3
2	39
3	1
4	29
5	5
6	6
7	7
8	8
9	9
10	10
11	11
12	12
13	13
14	14
15	15
16	16
17	17
18	18
19	19
20	20
21	21
22	22
23	23
24	24
25	25
26	26
27	27
28	28
29	2
30	30
31	31
32	32
33	33
34	34
35	35
36	36
37	37
38	38
39	4
40	40
41	41
42	42
43	43
44	44
45	45
46	46
47	47
48	48
--------------------------
Constraints Added : 30
Time in Secs : 7.535
Objective Distaince : 13742.7
Subtour from Atlanta : 2
Full Tour:
1	3
2	25
3	1
4	24
5	5
6	6
7	7
8	8
9	9
10	10
11	11
12	12
13	13
14	14
15	15
16	16
17	17
18	18
19	19
20	20
21	21
22	22
23	23
24	4
25	2
26	26
27	27
28	28
29	29
30	30
31	31
32	32
33	33
34	34
35	35
36	36
37	37
38	38
39	39
40	40
41	41
42	42
43	43
44	44
45	45
46	46
47	47
48	48
--------------------------
Constraints Added : 31
Time in Secs : 7.737
Objective Distaince : 14077.5
Subtour from Atlanta : 2
Full Tour:
1	3
2	32
3	1
4	29
5	5
6	6
7	7
8	8
9	9
10	10
11	11
12	12
13	13
14	14
15	15
16	16
17	17
18	18
19	19
20	20
21	21
22	22
23	23
24	24
25	25
26	26
27	27
28	28
29	2
30	30
31	31
32	4
33	33
34	34
35	35
36	36
37	37
38	38
39	39
40	40
41	41
42	42
43	43
44	44
45	45
46	46
47	47
48	48
--------------------------
Constraints Added : 32
Time in Secs : 7.956
Objective Distaince : 14150.9
Subtour from Atlanta : 2
Full Tour:
1	3
2	25
3	1
4	29
5	5
6	6
7	7
8	8
9	9
10	10
11	11
12	12
13	13
14	14
15	15
16	16
17	17
18	18
19	19
20	20
21	21
22	22
23	23
24	24
25	4
26	26
27	27
28	28
29	2
30	30
31	31
32	32
33	33
34	34
35	35
36	36
37	37
38	38
39	39
40	40
41	41
42	42
43	43
44	44
45	45
46	46
47	47
48	48
--------------------------
Constraints Added : 33
Time in Secs : 8.159
Objective Distaince : 14696.4
Subtour from Atlanta : 2
Full Tour:
1	3
2	25
3	1
4	5
5	4
6	6
7	7
8	8
9	9
10	10
11	11
12	12
13	13
14	14
15	15
16	16
17	17
18	18
19	19
20	20
21	21
22	22
23	23
24	24
25	2
26	26
27	27
28	28
29	29
30	30
31	31
32	32
33	33
34	34
35	35
36	36
37	37
38	38
39	39
40	40
41	41
42	42
43	43
44	44
45	45
46	46
47	47
48	48
--------------------------
Constraints Added : 34
Time in Secs : 8.377
Objective Distaince : 14732.8
Subtour from Atlanta : 2
Full Tour:
1	3
2	14
3	1
4	5
5	4
6	6
7	7
8	8
9	9
10	10
11	11
12	12
13	13
14	2
15	15
16	16
17	17
18	18
19	19
20	20
21	21
22	22
23	23
24	24
25	25
26	26
27	27
28	28
29	29
30	30
31	31
32	32
33	33
34	34
35	35
36	36
37	37
38	38
39	39
40	40
41	41
42	42
43	43
44	44
45	45
46	46
47	47
48	48
--------------------------
Constraints Added : 35
Time in Secs : 8.58
Objective Distaince : 14823
Subtour from Atlanta : 2
Full Tour:
1	3
2	14
3	1
4	48
5	5
6	6
7	7
8	8
9	9
10	10
11	11
12	12
13	13
14	2
15	15
16	16
17	17
18	18
19	19
20	20
21	21
22	22
23	23
24	24
25	25
26	26
27	27
28	28
29	29
30	30
31	31
32	32
33	33
34	34
35	35
36	36
37	37
38	38
39	39
40	40
41	41
42	42
43	43
44	44
45	45
46	46
47	47
48	4
--------------------------
Constraints Added : 36
Time in Secs : 8.783
Objective Distaince : 15265
Subtour from Atlanta : 2
Full Tour:
1	9
2	23
3	41
4	48
5	5
6	6
7	7
8	8
9	1
10	10
11	11
12	12
13	13
14	14
15	15
16	16
17	17
18	18
19	19
20	20
21	21
22	22
23	3
24	24
25	25
26	26
27	27
28	28
29	29
30	30
31	31
32	32
33	33
34	34
35	35
36	36
37	37
38	38
39	39
40	40
41	2
42	42
43	43
44	44
45	45
46	46
47	47
48	4
--------------------------
Constraints Added : 37
Time in Secs : 8.986
Objective Distaince : 15342
Subtour from Atlanta : 2
Full Tour:
1	9
2	23
3	14
4	48
5	5
6	6
7	7
8	8
9	1
10	10
11	11
12	12
13	13
14	2
15	15
16	16
17	17
18	18
19	19
20	20
21	21
22	22
23	3
24	24
25	25
26	26
27	27
28	28
29	29
30	30
31	31
32	32
33	33
34	34
35	35
36	36
37	37
38	38
39	39
40	40
41	41
42	42
43	43
44	44
45	45
46	46
47	47
48	4
--------------------------
Constraints Added : 38
Time in Secs : 9.204
Objective Distaince : 15511.6
Subtour from Atlanta : 2
Full Tour:
1	9
2	22
3	14
4	48
5	5
6	6
7	7
8	8
9	1
10	10
11	11
12	12
13	13
14	2
15	15
16	16
17	17
18	18
19	19
20	20
21	21
22	3
23	23
24	24
25	25
26	26
27	27
28	28
29	29
30	30
31	31
32	32
33	33
34	34
35	35
36	36
37	37
38	38
39	39
40	40
41	41
42	42
43	43
44	44
45	45
46	46
47	47
48	4
--------------------------
Constraints Added : 39
Time in Secs : 9.407
Objective Distaince : 15584
Subtour from Atlanta : 2
Full Tour:
1	9
2	22
3	5
4	48
5	2
6	6
7	7
8	8
9	1
10	10
11	11
12	12
13	13
14	14
15	15
16	16
17	17
18	18
19	19
20	20
21	21
22	3
23	23
24	24
25	25
26	26
27	27
28	28
29	29
30	30
31	31
32	32
33	33
34	34
35	35
36	36
37	37
38	38
39	39
40	40
41	41
42	42
43	43
44	44
45	45
46	46
47	47
48	4
--------------------------
Constraints Added : 40
Time in Secs : 9.61
Objective Distaince : 15790.9
Subtour from Atlanta : 2
Full Tour:
1	9
2	16
3	5
4	48
5	2
6	6
7	7
8	8
9	1
10	10
11	11
12	12
13	13
14	14
15	15
16	3
17	17
18	18
19	19
20	20
21	21
22	22
23	23
24	24
25	25
26	26
27	27
28	28
29	29
30	30
31	31
32	32
33	33
34	34
35	35
36	36
37	37
38	38
39	39
40	40
41	41
42	42
43	43
44	44
45	45
46	46
47	47
48	4
--------------------------
Constraints Added : 41
Time in Secs : 9.812
Objective Distaince : 15844.6
Subtour from Atlanta : 2
Full Tour:
1	3
2	13
3	1
4	48
5	5
6	6
7	7
8	8
9	9
10	10
11	11
12	12
13	2
14	14
15	15
16	16
17	17
18	18
19	19
20	20
21	21
22	22
23	23
24	24
25	25
26	26
27	27
28	28
29	29
30	30
31	31
32	32
33	33
34	34
35	35
36	36
37	37
38	38
39	39
40	40
41	41
42	42
43	43
44	44
45	45
46	46
47	47
48	4
--------------------------
Constraints Added : 42
Time in Secs : 10.015
Objective Distaince : 15897.1
Subtour from Atlanta : 2
Full Tour:
1	9
2	16
3	4
4	48
5	5
6	6
7	7
8	8
9	1
10	10
11	11
12	12
13	13
14	14
15	15
16	3
17	17
18	18
19	19
20	20
21	21
22	22
23	23
24	24
25	25
26	26
27	27
28	28
29	29
30	30
31	31
32	32
33	33
34	34
35	35
36	36
37	37
38	38
39	39
40	40
41	41
42	42
43	43
44	44
45	45
46	46
47	47
48	2
--------------------------
Constraints Added : 43
Time in Secs : 10.218
Objective Distaince : 15927.9
Subtour from Atlanta : 2
Full Tour:
1	9
2	16
3	26
4	48
5	5
6	6
7	7
8	8
9	1
10	10
11	11
12	12
13	13
14	14
15	15
16	3
17	17
18	18
19	19
20	20
21	21
22	22
23	23
24	24
25	25
26	4
27	27
28	28
29	29
30	30
31	31
32	32
33	33
34	34
35	35
36	36
37	37
38	38
39	39
40	40
41	41
42	42
43	43
44	44
45	45
46	46
47	47
48	2
--------------------------
Constraints Added : 44
Time in Secs : 10.421
Objective Distaince : 16379.5
Subtour from Atlanta : 2
Full Tour:
1	9
2	11
3	26
4	48
5	5
6	6
7	7
8	8
9	1
10	10
11	3
12	12
13	13
14	14
15	15
16	16
17	17
18	18
19	19
20	20
21	21
22	22
23	23
24	24
25	25
26	4
27	27
28	28
29	29
30	30
31	31
32	32
33	33
34	34
35	35
36	36
37	37
38	38
39	39
40	40
41	41
42	42
43	43
44	44
45	45
46	46
47	47
48	2
--------------------------
Constraints Added : 45
Time in Secs : 10.639
Objective Distaince : 16484.4
Subtour from Atlanta : 2
Full Tour:
1	9
2	11
3	42
4	48
5	5
6	6
7	7
8	8
9	1
10	10
11	3
12	12
13	13
14	14
15	15
16	16
17	17
18	18
19	19
20	20
21	21
22	22
23	23
24	24
25	25
26	26
27	27
28	28
29	29
30	30
31	31
32	32
33	33
34	34
35	35
36	36
37	37
38	38
39	39
40	40
41	41
42	4
43	43
44	44
45	45
46	46
47	47
48	2
--------------------------
Constraints Added : 46
Time in Secs : 10.842
Objective Distaince : 16660.6
Subtour from Atlanta : 2
Full Tour:
1	3
2	21
3	1
4	48
5	5
6	6
7	7
8	8
9	9
10	10
11	11
12	12
13	13
14	14
15	15
16	16
17	17
18	18
19	19
20	20
21	2
22	22
23	23
24	24
25	25
26	26
27	27
28	28
29	29
30	30
31	31
32	32
33	33
34	34
35	35
36	36
37	37
38	38
39	39
40	40
41	41
42	42
43	43
44	44
45	45
46	46
47	47
48	4
--------------------------
Constraints Added : 47
Time in Secs : 11.045
Objective Distaince : 18309.8
Subtour from Atlanta : 2
Full Tour:
1	3
2	21
3	1
4	39
5	5
6	6
7	7
8	8
9	9
10	10
11	11
12	12
13	13
14	14
15	15
16	16
17	17
18	18
19	19
20	20
21	2
22	22
23	23
24	24
25	25
26	26
27	27
28	28
29	29
30	30
31	31
32	32
33	33
34	34
35	35
36	36
37	37
38	38
39	4
40	40
41	41
42	42
43	43
44	44
45	45
46	46
47	47
48	48
--------------------------
Constraints Added : 48
Time in Secs : 11.248
Objective Distaince : 18431.3
Subtour from Atlanta : 4
Full Tour:
1	3
2	1
3	25
4	39
5	5
6	6
7	7
8	8
9	9
10	10
11	11
12	12
13	13
14	14
15	15
16	16
17	17
18	18
19	19
20	20
21	21
22	22
23	23
24	24
25	2
26	26
27	27
28	28
29	29
30	30
31	31
32	32
33	33
34	34
35	35
36	36
37	37
38	38
39	4
40	40
41	41
42	42
43	43
44	44
45	45
46	46
47	47
48	48
--------------------------
Constraints Added : 49
Time in Secs : 11.45
Objective Distaince : 18620.4
Subtour from Atlanta : 4
Full Tour:
1	3
2	1
3	25
4	32
5	5
6	6
7	7
8	8
9	9
10	10
11	11
12	12
13	13
14	14
15	15
16	16
17	17
18	18
19	19
20	20
21	21
22	22
23	23
24	24
25	2
26	26
27	27
28	28
29	29
30	30
31	31
32	4
33	33
34	34
35	35
36	36
37	37
38	38
39	39
40	40
41	41
42	42
43	43
44	44
45	45
46	46
47	47
48	48
--------------------------
Constraints Added : 50
Time in Secs : 11.669
Objective Distaince : 18702.3
Subtour from Atlanta : 5
Full Tour:
1	3
2	1
3	48
4	32
5	2
6	6
7	7
8	8
9	9
10	10
11	11
12	12
13	13
14	14
15	15
16	16
17	17
18	18
19	19
20	20
21	21
22	22
23	23
24	24
25	25
26	26
27	27
28	28
29	29
30	30
31	31
32	4
33	33
34	34
35	35
36	36
37	37
38	38
39	39
40	40
41	41
42	42
43	43
44	44
45	45
46	46
47	47
48	5
--------------------------
Constraints Added : 51
Time in Secs : 11.872
Objective Distaince : 19011.4
Subtour from Atlanta : 7
Full Tour:
1	3
2	1
3	48
4	34
5	4
6	6
7	7
8	8
9	9
10	10
11	11
12	12
13	13
14	14
15	15
16	16
17	17
18	18
19	19
20	20
21	21
22	22
23	23
24	24
25	25
26	26
27	27
28	28
29	29
30	30
31	31
32	32
33	33
34	2
35	35
36	36
37	37
38	38
39	39
40	40
41	41
42	42
43	43
44	44
45	45
46	46
47	47
48	5
--------------------------
Constraints Added : 52
Time in Secs : 12.074
Objective Distaince : 19423.6
Subtour from Atlanta : 7
Full Tour:
1	3
2	1
3	48
4	34
5	4
6	37
7	7
8	8
9	9
10	10
11	11
12	12
13	13
14	14
15	15
16	16
17	17
18	18
19	19
20	20
21	21
22	22
23	23
24	24
25	25
26	26
27	27
28	28
29	29
30	30
31	31
32	32
33	33
34	2
35	35
36	36
37	6
38	38
39	39
40	40
41	41
42	42
43	43
44	44
45	45
46	46
47	47
48	5
--------------------------
Constraints Added : 53
Time in Secs : 12.277
Objective Distaince : 19759.5
Subtour from Atlanta : 7
Full Tour:
1	3
2	1
3	48
4	34
5	4
6	37
7	18
8	8
9	9
10	10
11	11
12	12
13	13
14	14
15	15
16	16
17	17
18	7
19	19
20	20
21	21
22	22
23	23
24	24
25	25
26	26
27	27
28	28
29	29
30	30
31	31
32	32
33	33
34	2
35	35
36	36
37	6
38	38
39	39
40	40
41	41
42	42
43	43
44	44
45	45
46	46
47	47
48	5
--------------------------
Constraints Added : 54
Time in Secs : 12.496
Objective Distaince : 19868.1
Subtour from Atlanta : 7
Full Tour:
1	3
2	1
3	48
4	34
5	4
6	30
7	18
8	8
9	9
10	10
11	11
12	12
13	13
14	14
15	15
16	16
17	17
18	7
19	19
20	20
21	21
22	22
23	23
24	24
25	25
26	26
27	27
28	28
29	29
30	6
31	31
32	32
33	33
34	2
35	35
36	36
37	37
38	38
39	39
40	40
41	41
42	42
43	43
44	44
45	45
46	46
47	47
48	5
--------------------------
Constraints Added : 55
Time in Secs : 12.698
Objective Distaince : 20066.2
Subtour from Atlanta : 7
Full Tour:
1	3
2	1
3	48
4	34
5	4
6	30
7	28
8	8
9	9
10	10
11	11
12	12
13	13
14	14
15	15
16	16
17	17
18	18
19	19
20	20
21	21
22	22
23	23
24	24
25	25
26	26
27	27
28	7
29	29
30	6
31	31
32	32
33	33
34	2
35	35
36	36
37	37
38	38
39	39
40	40
41	41
42	42
43	43
44	44
45	45
46	46
47	47
48	5
--------------------------
Constraints Added : 56
Time in Secs : 12.932
Objective Distaince : 20130.4
Subtour from Atlanta : 7
Full Tour:
1	3
2	1
3	48
4	34
5	4
6	19
7	28
8	8
9	9
10	10
11	11
12	12
13	13
14	14
15	15
16	16
17	17
18	18
19	6
20	20
21	21
22	22
23	23
24	24
25	25
26	26
27	27
28	7
29	29
30	30
31	31
32	32
33	33
34	2
35	35
36	36
37	37
38	38
39	39
40	40
41	41
42	42
43	43
44	44
45	45
46	46
47	47
48	5
--------------------------
Constraints Added : 57
Time in Secs : 13.135
Objective Distaince : 20258.6
Subtour from Atlanta : 7
Full Tour:
1	3
2	1
3	48
4	34
5	4
6	19
7	36
8	8
9	9
10	10
11	11
12	12
13	13
14	14
15	15
16	16
17	17
18	18
19	6
20	20
21	21
22	22
23	23
24	24
25	25
26	26
27	27
28	28
29	29
30	30
31	31
32	32
33	33
34	2
35	35
36	7
37	37
38	38
39	39
40	40
41	41
42	42
43	43
44	44
45	45
46	46
47	47
48	5
--------------------------
Constraints Added : 58
Time in Secs : 13.354
Objective Distaince : 20403.2
Subtour from Atlanta : 7
Full Tour:
1	3
2	1
3	48
4	34
5	4
6	27
7	36
8	8
9	9
10	10
11	11
12	12
13	13
14	14
15	15
16	16
17	17
18	18
19	19
20	20
21	21
22	22
23	23
24	24
25	25
26	26
27	6
28	28
29	29
30	30
31	31
32	32
33	33
34	2
35	35
36	7
37	37
38	38
39	39
40	40
41	41
42	42
43	43
44	44
45	45
46	46
47	47
48	5
--------------------------
Constraints Added : 59
Time in Secs : 13.556
Objective Distaince : 20497
Subtour from Atlanta : 7
Full Tour:
1	3
2	1
3	48
4	34
5	4
6	7
7	6
8	8
9	9
10	10
11	11
12	12
13	13
14	14
15	15
16	16
17	17
18	18
19	19
20	20
21	21
22	22
23	23
24	24
25	25
26	26
27	27
28	28
29	29
30	30
31	31
32	32
33	33
34	2
35	35
36	36
37	37
38	38
39	39
40	40
41	41
42	42
43	43
44	44
45	45
46	46
47	47
48	5
--------------------------
Constraints Added : 60
Time in Secs : 13.759
Objective Distaince : 20502.8
Subtour from Atlanta : 7
Full Tour:
1	3
2	1
3	48
4	34
5	4
6	28
7	6
8	8
9	9
10	10
11	11
12	12
13	13
14	14
15	15
16	16
17	17
18	18
19	19
20	20
21	21
22	22
23	23
24	24
25	25
26	26
27	27
28	7
29	29
30	30
31	31
32	32
33	33
34	2
35	35
36	36
37	37
38	38
39	39
40	40
41	41
42	42
43	43
44	44
45	45
46	46
47	47
48	5
--------------------------
Constraints Added : 61
Time in Secs : 13.978
Objective Distaince : 20703.7
Subtour from Atlanta : 7
Full Tour:
1	3
2	1
3	48
4	34
5	4
6	27
7	44
8	8
9	9
10	10
11	11
12	12
13	13
14	14
15	15
16	16
17	17
18	18
19	19
20	20
21	21
22	22
23	23
24	24
25	25
26	26
27	6
28	28
29	29
30	30
31	31
32	32
33	33
34	2
35	35
36	36
37	37
38	38
39	39
40	40
41	41
42	42
43	43
44	7
45	45
46	46
47	47
48	5
--------------------------
Constraints Added : 62
Time in Secs : 14.18
Objective Distaince : 20840.8
Subtour from Atlanta : 7
Full Tour:
1	3
2	1
3	48
4	34
5	4
6	28
7	30
8	8
9	9
10	10
11	11
12	12
13	13
14	14
15	15
16	16
17	17
18	18
19	19
20	20
21	21
22	22
23	23
24	24
25	25
26	26
27	27
28	7
29	29
30	6
31	31
32	32
33	33
34	2
35	35
36	36
37	37
38	38
39	39
40	40
41	41
42	42
43	43
44	44
45	45
46	46
47	47
48	5
--------------------------
Constraints Added : 63
Time in Secs : 14.399
Objective Distaince : 20865.2
Subtour from Atlanta : 7
Full Tour:
1	3
2	1
3	48
4	34
5	4
6	28
7	37
8	8
9	9
10	10
11	11
12	12
13	13
14	14
15	15
16	16
17	17
18	18
19	19
20	20
21	21
22	22
23	23
24	24
25	25
26	26
27	27
28	7
29	29
30	30
31	31
32	32
33	33
34	2
35	35
36	36
37	6
38	38
39	39
40	40
41	41
42	42
43	43
44	44
45	45
46	46
47	47
48	5
--------------------------
Constraints Added : 64
Time in Secs : 14.617
Objective Distaince : 21073.1
Subtour from Atlanta : 7
Full Tour:
1	3
2	1
3	48
4	34
5	4
6	43
7	44
8	8
9	9
10	10
11	11
12	12
13	13
14	14
15	15
16	16
17	17
18	18
19	19
20	20
21	21
22	22
23	23
24	24
25	25
26	26
27	27
28	28
29	29
30	30
31	31
32	32
33	33
34	2
35	35
36	36
37	37
38	38
39	39
40	40
41	41
42	42
43	6
44	7
45	45
46	46
47	47
48	5
--------------------------
Constraints Added : 65
Time in Secs : 14.82
Objective Distaince : 21164.7
Subtour from Atlanta : 7
Full Tour:
1	3
2	1
3	48
4	34
5	4
6	18
7	37
8	8
9	9
10	10
11	11
12	12
13	13
14	14
15	15
16	16
17	17
18	7
19	19
20	20
21	21
22	22
23	23
24	24
25	25
26	26
27	27
28	28
29	29
30	30
31	31
32	32
33	33
34	2
35	35
36	36
37	6
38	38
39	39
40	40
41	41
42	42
43	43
44	44
45	45
46	46
47	47
48	5
--------------------------
Constraints Added : 66
Time in Secs : 15.054
Objective Distaince : 21216.2
Subtour from Atlanta : 7
Full Tour:
1	3
2	1
3	48
4	34
5	4
6	36
7	37
8	8
9	9
10	10
11	11
12	12
13	13
14	14
15	15
16	16
17	17
18	18
19	19
20	20
21	21
22	22
23	23
24	24
25	25
26	26
27	27
28	28
29	29
30	30
31	31
32	32
33	33
34	2
35	35
36	7
37	6
38	38
39	39
40	40
41	41
42	42
43	43
44	44
45	45
46	46
47	47
48	5
--------------------------
Constraints Added : 67
Time in Secs : 15.257
Objective Distaince : 21423
Subtour from Atlanta : 7
Full Tour:
1	3
2	1
3	48
4	34
5	4
6	36
7	19
8	8
9	9
10	10
11	11
12	12
13	13
14	14
15	15
16	16
17	17
18	18
19	6
20	20
21	21
22	22
23	23
24	24
25	25
26	26
27	27
28	28
29	29
30	30
31	31
32	32
33	33
34	2
35	35
36	7
37	37
38	38
39	39
40	40
41	41
42	42
43	43
44	44
45	45
46	46
47	47
48	5
--------------------------
Constraints Added : 68
Time in Secs : 15.46
Objective Distaince : 21941.4
Subtour from Atlanta : 7
Full Tour:
1	3
2	1
3	48
4	34
5	4
6	43
7	31
8	8
9	9
10	10
11	11
12	12
13	13
14	14
15	15
16	16
17	17
18	18
19	19
20	20
21	21
22	22
23	23
24	24
25	25
26	26
27	27
28	28
29	29
30	30
31	7
32	32
33	33
34	2
35	35
36	36
37	37
38	38
39	39
40	40
41	41
42	42
43	6
44	44
45	45
46	46
47	47
48	5
--------------------------
Constraints Added : 69
Time in Secs : 15.678
Objective Distaince : 22027.7
Subtour from Atlanta : 7
Full Tour:
1	3
2	1
3	48
4	34
5	4
6	44
7	19
8	8
9	9
10	10
11	11
12	12
13	13
14	14
15	15
16	16
17	17
18	18
19	6
20	20
21	21
22	22
23	23
24	24
25	25
26	26
27	27
28	28
29	29
30	30
31	31
32	32
33	33
34	2
35	35
36	36
37	37
38	38
39	39
40	40
41	41
42	42
43	43
44	7
45	45
46	46
47	47
48	5
--------------------------
Constraints Added : 70
Time in Secs : 15.912
Objective Distaince : 22091.8
Subtour from Atlanta : 7
Full Tour:
1	3
2	1
3	48
4	34
5	4
6	43
7	19
8	8
9	9
10	10
11	11
12	12
13	13
14	14
15	15
16	16
17	17
18	18
19	6
20	20
21	21
22	22
23	23
24	24
25	25
26	26
27	27
28	28
29	29
30	30
31	31
32	32
33	33
34	2
35	35
36	36
37	37
38	38
39	39
40	40
41	41
42	42
43	7
44	44
45	45
46	46
47	47
48	5
--------------------------
Constraints Added : 71
Time in Secs : 16.115
Objective Distaince : 22217.2
Subtour from Atlanta : 7
Full Tour:
1	3
2	1
3	48
4	34
5	4
6	43
7	46
8	8
9	9
10	10
11	11
12	12
13	13
14	14
15	15
16	16
17	17
18	18
19	19
20	20
21	21
22	22
23	23
24	24
25	25
26	26
27	27
28	28
29	29
30	30
31	31
32	32
33	33
34	2
35	35
36	36
37	37
38	38
39	39
40	40
41	41
42	42
43	6
44	44
45	45
46	7
47	47
48	5
--------------------------
Constraints Added : 72
Time in Secs : 16.318
Objective Distaince : 22570
Subtour from Atlanta : 7
Full Tour:
1	3
2	1
3	48
4	34
5	4
6	17
7	46
8	8
9	9
10	10
11	11
12	12
13	13
14	14
15	15
16	16
17	6
18	18
19	19
20	20
21	21
22	22
23	23
24	24
25	25
26	26
27	27
28	28
29	29
30	30
31	31
32	32
33	33
34	2
35	35
36	36
37	37
38	38
39	39
40	40
41	41
42	42
43	43
44	44
45	45
46	7
47	47
48	5
--------------------------
Constraints Added : 73
Time in Secs : 16.52
Objective Distaince : 22669.7
Subtour from Atlanta : 7
Full Tour:
1	3
2	1
3	48
4	34
5	4
6	17
7	27
8	8
9	9
10	10
11	11
12	12
13	13
14	14
15	15
16	16
17	6
18	18
19	19
20	20
21	21
22	22
23	23
24	24
25	25
26	26
27	7
28	28
29	29
30	30
31	31
32	32
33	33
34	2
35	35
36	36
37	37
38	38
39	39
40	40
41	41
42	42
43	43
44	44
45	45
46	46
47	47
48	5
--------------------------
Constraints Added : 74
Time in Secs : 16.723
Objective Distaince : 23053
Subtour from Atlanta : 7
Full Tour:
1	3
2	1
3	48
4	34
5	4
6	31
7	27
8	8
9	9
10	10
11	11
12	12
13	13
14	14
15	15
16	16
17	17
18	18
19	19
20	20
21	21
22	22
23	23
24	24
25	25
26	26
27	6
28	28
29	29
30	30
31	7
32	32
33	33
34	2
35	35
36	36
37	37
38	38
39	39
40	40
41	41
42	42
43	43
44	44
45	45
46	46
47	47
48	5
--------------------------
Constraints Added : 75
Time in Secs : 16.942
Objective Distaince : 23353.4
Subtour from Atlanta : 7
Full Tour:
1	3
2	1
3	48
4	34
5	4
6	31
7	43
8	8
9	9
10	10
11	11
12	12
13	13
14	14
15	15
16	16
17	17
18	18
19	19
20	20
21	21
22	22
23	23
24	24
25	25
26	26
27	27
28	28
29	29
30	30
31	7
32	32
33	33
34	2
35	35
36	36
37	37
38	38
39	39
40	40
41	41
42	42
43	6
44	44
45	45
46	46
47	47
48	5
--------------------------
Constraints Added : 76
Time in Secs : 17.16
Objective Distaince : 23502.7
Subtour from Atlanta : 7
Full Tour:
1	3
2	1
3	48
4	34
5	4
6	46
7	43
8	8
9	9
10	10
11	11
12	12
13	13
14	14
15	15
16	16
17	17
18	18
19	19
20	20
21	21
22	22
23	23
24	24
25	25
26	26
27	27
28	28
29	29
30	30
31	31
32	32
33	33
34	2
35	35
36	36
37	37
38	38
39	39
40	40
41	41
42	42
43	6
44	44
45	45
46	7
47	47
48	5
--------------------------
Constraints Added : 77
Time in Secs : 17.363
Objective Distaince : 23928.9
Subtour from Atlanta : 7
Full Tour:
1	3
2	1
3	48
4	34
5	4
6	46
7	17
8	8
9	9
10	10
11	11
12	12
13	13
14	14
15	15
16	16
17	6
18	18
19	19
20	20
21	21
22	22
23	23
24	24
25	25
26	26
27	27
28	28
29	29
30	30
31	31
32	32
33	33
34	2
35	35
36	36
37	37
38	38
39	39
40	40
41	41
42	42
43	43
44	44
45	45
46	7
47	47
48	5
--------------------------
Constraints Added : 78
Time in Secs : 17.581
Objective Distaince : 24220.9
Subtour from Atlanta : 7
Full Tour:
1	3
2	1
3	48
4	34
5	4
6	33
7	17
8	8
9	9
10	10
11	11
12	12
13	13
14	14
15	15
16	16
17	6
18	18
19	19
20	20
21	21
22	22
23	23
24	24
25	25
26	26
27	27
28	28
29	29
30	30
31	31
32	32
33	7
34	2
35	35
36	36
37	37
38	38
39	39
40	40
41	41
42	42
43	43
44	44
45	45
46	46
47	47
48	5
--------------------------
Constraints Added : 79
Time in Secs : 17.784
Objective Distaince : 25407.9
Subtour from Atlanta : 7
Full Tour:
1	3
2	1
3	48
4	34
5	4
6	20
7	33
8	8
9	9
10	10
11	11
12	12
13	13
14	14
15	15
16	16
17	17
18	18
19	19
20	6
21	21
22	22
23	23
24	24
25	25
26	26
27	27
28	28
29	29
30	30
31	31
32	32
33	7
34	2
35	35
36	36
37	37
38	38
39	39
40	40
41	41
42	42
43	43
44	44
45	45
46	46
47	47
48	5
--------------------------
Constraints Added : 80
Time in Secs : 18.003
Objective Distaince : 25469.5
Subtour from Atlanta : 7
Full Tour:
1	3
2	1
3	48
4	34
5	4
6	33
7	38
8	8
9	9
10	10
11	11
12	12
13	13
14	14
15	15
16	16
17	17
18	18
19	19
20	20
21	21
22	22
23	23
24	24
25	25
26	26
27	27
28	28
29	29
30	30
31	31
32	32
33	6
34	2
35	35
36	36
37	37
38	7
39	39
40	40
41	41
42	42
43	43
44	44
45	45
46	46
47	47
48	5
--------------------------
Constraints Added : 81
Time in Secs : 18.205
Objective Distaince : 25524.9
Subtour from Atlanta : 2
Full Tour:
1	7
2	40
3	48
4	34
5	4
6	33
7	1
8	8
9	9
10	10
11	11
12	12
13	13
14	14
15	15
16	16
17	17
18	18
19	19
20	20
21	21
22	22
23	23
24	24
25	25
26	26
27	27
28	28
29	29
30	30
31	31
32	32
33	6
34	2
35	35
36	36
37	37
38	38
39	39
40	3
41	41
42	42
43	43
44	44
45	45
46	46
47	47
48	5
--------------------------
Constraints Added : 82
Time in Secs : 18.424
Objective Distaince : 25635.8
Subtour from Atlanta : 7
Full Tour:
1	3
2	1
3	48
4	34
5	4
6	33
7	20
8	8
9	9
10	10
11	11
12	12
13	13
14	14
15	15
16	16
17	17
18	18
19	19
20	6
21	21
22	22
23	23
24	24
25	25
26	26
27	27
28	28
29	29
30	30
31	31
32	32
33	7
34	2
35	35
36	36
37	37
38	38
39	39
40	40
41	41
42	42
43	43
44	44
45	45
46	46
47	47
48	5
--------------------------
Constraints Added : 83
Time in Secs : 18.642
Objective Distaince : 25734
Subtour from Atlanta : 7
Full Tour:
1	3
2	1
3	48
4	34
5	4
6	38
7	33
8	8
9	9
10	10
11	11
12	12
13	13
14	14
15	15
16	16
17	17
18	18
19	19
20	20
21	21
22	22
23	23
24	24
25	25
26	26
27	27
28	28
29	29
30	30
31	31
32	32
33	6
34	2
35	35
36	36
37	37
38	7
39	39
40	40
41	41
42	42
43	43
44	44
45	45
46	46
47	47
48	5
--------------------------
Constraints Added : 84
Time in Secs : 18.845
Objective Distaince : 26328.4
Subtour from Atlanta : 7
Full Tour:
1	3
2	1
3	48
4	34
5	4
6	38
7	20
8	8
9	9
10	10
11	11
12	12
13	13
14	14
15	15
16	16
17	17
18	18
19	19
20	6
21	21
22	22
23	23
24	24
25	25
26	26
27	27
28	28
29	29
30	30
31	31
32	32
33	33
34	2
35	35
36	36
37	37
38	7
39	39
40	40
41	41
42	42
43	43
44	44
45	45
46	46
47	47
48	5
--------------------------
Constraints Added : 85
Time in Secs : 19.063
Objective Distaince : 26401.3
Subtour from Atlanta : 7
Full Tour:
1	3
2	1
3	48
4	34
5	4
6	15
7	20
8	8
9	9
10	10
11	11
12	12
13	13
14	14
15	7
16	16
17	17
18	18
19	19
20	6
21	21
22	22
23	23
24	24
25	25
26	26
27	27
28	28
29	29
30	30
31	31
32	32
33	33
34	2
35	35
36	36
37	37
38	38
39	39
40	40
41	41
42	42
43	43
44	44
45	45
46	46
47	47
48	5
--------------------------
Constraints Added : 86
Time in Secs : 19.282
Objective Distaince : 26692.4
Subtour from Atlanta : 10
Full Tour:
1	3
2	6
3	48
4	34
5	4
6	15
7	1
8	8
9	9
10	10
11	11
12	12
13	13
14	14
15	7
16	16
17	17
18	18
19	19
20	20
21	21
22	22
23	23
24	24
25	25
26	26
27	27
28	28
29	29
30	30
31	31
32	32
33	33
34	2
35	35
36	36
37	37
38	38
39	39
40	40
41	41
42	42
43	43
44	44
45	45
46	46
47	47
48	5
--------------------------
Constraints Added : 87
Time in Secs : 19.5
Objective Distaince : 27626.2
Subtour from Atlanta : 8
Full Tour:
1	3
2	8
3	48
4	34
5	4
6	12
7	15
8	1
9	9
10	10
11	11
12	6
13	13
14	14
15	7
16	16
17	17
18	18
19	19
20	20
21	21
22	22
23	23
24	24
25	25
26	26
27	27
28	28
29	29
30	30
31	31
32	32
33	33
34	2
35	35
36	36
37	37
38	38
39	39
40	40
41	41
42	42
43	43
44	44
45	45
46	46
47	47
48	5
--------------------------
Constraints Added : 88
Time in Secs : 19.703
Objective Distaince : 27708.7
Subtour from Atlanta : 11
Full Tour:
1	8
2	6
3	48
4	34
5	4
6	15
7	1
8	3
9	9
10	10
11	11
12	12
13	13
14	14
15	7
16	16
17	17
18	18
19	19
20	20
21	21
22	22
23	23
24	24
25	25
26	26
27	27
28	28
29	29
30	30
31	31
32	32
33	33
34	2
35	35
36	36
37	37
38	38
39	39
40	40
41	41
42	42
43	43
44	44
45	45
46	46
47	47
48	5
--------------------------
Constraints Added : 89
Time in Secs : 19.921
Objective Distaince : 27733.4
Subtour from Atlanta : 12
Full Tour:
1	8
2	6
3	48
4	34
5	4
6	15
7	1
8	9
9	3
10	10
11	11
12	12
13	13
14	14
15	7
16	16
17	17
18	18
19	19
20	20
21	21
22	22
23	23
24	24
25	25
26	26
27	27
28	28
29	29
30	30
31	31
32	32
33	33
34	2
35	35
36	36
37	37
38	38
39	39
40	40
41	41
42	42
43	43
44	44
45	45
46	46
47	47
48	5
--------------------------
Constraints Added : 90
Time in Secs : 20.124
Objective Distaince : 28347.6
Subtour from Atlanta : 13
Full Tour:
1	8
2	6
3	48
4	34
5	10
6	15
7	1
8	9
9	3
10	4
11	11
12	12
13	13
14	14
15	7
16	16
17	17
18	18
19	19
20	20
21	21
22	22
23	23
24	24
25	25
26	26
27	27
28	28
29	29
30	30
31	31
32	32
33	33
34	2
35	35
36	36
37	37
38	38
39	39
40	40
41	41
42	42
43	43
44	44
45	45
46	46
47	47
48	5
--------------------------
Constraints Added : 91
Time in Secs : 20.327
Objective Distaince : 28819.9
Subtour from Atlanta : 2
Full Tour:
1	7
2	47
3	48
4	34
5	10
6	15
7	1
8	9
9	8
10	4
11	3
12	12
13	13
14	14
15	6
16	16
17	17
18	18
19	19
20	20
21	21
22	22
23	23
24	24
25	25
26	26
27	27
28	28
29	29
30	30
31	31
32	32
33	33
34	2
35	35
36	36
37	37
38	38
39	39
40	40
41	41
42	42
43	43
44	44
45	45
46	46
47	11
48	5
--------------------------
Constraints Added : 92
Time in Secs : 20.545
Objective Distaince : 28906.9
Subtour from Atlanta : 14
Full Tour:
1	7
2	9
3	48
4	34
5	10
6	11
7	15
8	1
9	8
10	4
11	3
12	12
13	13
14	14
15	6
16	16
17	17
18	18
19	19
20	20
21	21
22	22
23	23
24	24
25	25
26	26
27	27
28	28
29	29
30	30
31	31
32	32
33	33
34	2
35	35
36	36
37	37
38	38
39	39
40	40
41	41
42	42
43	43
44	44
45	45
46	46
47	47
48	5
--------------------------
Constraints Added : 93
Time in Secs : 20.748
Objective Distaince : 29028.3
Subtour from Atlanta : 2
Full Tour:
1	7
2	12
3	48
4	34
5	10
6	15
7	1
8	9
9	8
10	4
11	3
12	11
13	13
14	14
15	6
16	16
17	17
18	18
19	19
20	20
21	21
22	22
23	23
24	24
25	25
26	26
27	27
28	28
29	29
30	30
31	31
32	32
33	33
34	2
35	35
36	36
37	37
38	38
39	39
40	40
41	41
42	42
43	43
44	44
45	45
46	46
47	47
48	5
--------------------------
Constraints Added : 94
Time in Secs : 20.967
Objective Distaince : 29030.7
Subtour from Atlanta : 13
Full Tour:
1	7
2	9
3	48
4	34
5	10
6	15
7	12
8	1
9	8
10	4
11	3
12	11
13	13
14	14
15	6
16	16
17	17
18	18
19	19
20	20
21	21
22	22
23	23
24	24
25	25
26	26
27	27
28	28
29	29
30	30
31	31
32	32
33	33
34	2
35	35
36	36
37	37
38	38
39	39
40	40
41	41
42	42
43	43
44	44
45	45
46	46
47	47
48	5
--------------------------
Constraints Added : 95
Time in Secs : 21.169
Objective Distaince : 29186.4
Subtour from Atlanta : 14
Full Tour:
1	7
2	9
3	48
4	34
5	10
6	11
7	12
8	1
9	8
10	4
11	3
12	6
13	13
14	14
15	15
16	16
17	17
18	18
19	19
20	20
21	21
22	22
23	23
24	24
25	25
26	26
27	27
28	28
29	29
30	30
31	31
32	32
33	33
34	2
35	35
36	36
37	37
38	38
39	39
40	40
41	41
42	42
43	43
44	44
45	45
46	46
47	47
48	5
--------------------------
Constraints Added : 96
Time in Secs : 21.372
Objective Distaince : 29742.9
Subtour from Atlanta : 14
Full Tour:
1	7
2	9
3	13
4	34
5	10
6	11
7	12
8	1
9	8
10	4
11	3
12	6
13	5
14	14
15	15
16	16
17	17
18	18
19	19
20	20
21	21
22	22
23	23
24	24
25	25
26	26
27	27
28	28
29	29
30	30
31	31
32	32
33	33
34	2
35	35
36	36
37	37
38	38
39	39
40	40
41	41
42	42
43	43
44	44
45	45
46	46
47	47
48	48
--------------------------
Constraints Added : 97
Time in Secs : 21.575
Objective Distaince : 30044.9
Subtour from Atlanta : 15
Full Tour:
1	7
2	9
3	13
4	34
5	10
6	11
7	12
8	1
9	8
10	4
11	3
12	6
13	14
14	5
15	15
16	16
17	17
18	18
19	19
20	20
21	21
22	22
23	23
24	24
25	25
26	26
27	27
28	28
29	29
30	30
31	31
32	32
33	33
34	2
35	35
36	36
37	37
38	38
39	39
40	40
41	41
42	42
43	43
44	44
45	45
46	46
47	47
48	48
--------------------------
Constraints Added : 98
Time in Secs : 21.778
Objective Distaince : 30187.3
Subtour from Atlanta : 16
Full Tour:
1	8
2	15
3	11
4	34
5	10
6	1
7	12
8	9
9	3
10	4
11	13
12	6
13	14
14	5
15	7
16	16
17	17
18	18
19	19
20	20
21	21
22	22
23	23
24	24
25	25
26	26
27	27
28	28
29	29
30	30
31	31
32	32
33	33
34	2
35	35
36	36
37	37
38	38
39	39
40	40
41	41
42	42
43	43
44	44
45	45
46	46
47	47
48	48
--------------------------
Constraints Added : 99
Time in Secs : 21.981
Objective Distaince : 30902
Subtour from Atlanta : 5
Full Tour:
1	7
2	9
3	11
4	34
5	10
6	1
7	15
8	16
9	8
10	4
11	13
12	6
13	14
14	5
15	12
16	3
17	17
18	18
19	19
20	20
21	21
22	22
23	23
24	24
25	25
26	26
27	27
28	28
29	29
30	30
31	31
32	32
33	33
34	2
35	35
36	36
37	37
38	38
39	39
40	40
41	41
42	42
43	43
44	44
45	45
46	46
47	47
48	48
--------------------------
Constraints Added : 100
Time in Secs : 22.183
Objective Distaince : 30937.1
Subtour from Atlanta : 17
Full Tour:
1	8
2	15
3	11
4	34
5	10
6	1
7	12
8	9
9	16
10	4
11	13
12	6
13	14
14	5
15	7
16	3
17	17
18	18
19	19
20	20
21	21
22	22
23	23
24	24
25	25
26	26
27	27
28	28
29	29
30	30
31	31
32	32
33	33
34	2
35	35
36	36
37	37
38	38
39	39
40	40
41	41
42	42
43	43
44	44
45	45
46	46
47	47
48	48
--------------------------
Constraints Added : 101
Time in Secs : 22.386
Objective Distaince : 31675.6
Subtour from Atlanta : 17
Full Tour:
1	8
2	15
3	11
4	34
5	10
6	1
7	12
8	9
9	16
10	4
11	13
12	6
13	14
14	5
15	7
16	3
17	27
18	18
19	19
20	20
21	21
22	22
23	23
24	24
25	25
26	26
27	17
28	28
29	29
30	30
31	31
32	32
33	33
34	2
35	35
36	36
37	37
38	38
39	39
40	40
41	41
42	42
43	43
44	44
45	45
46	46
47	47
48	48
--------------------------
Constraints Added : 102
Time in Secs : 22.605
Objective Distaince : 31677.7
Subtour from Atlanta : 18
Full Tour:
1	8
2	15
3	11
4	34
5	10
6	1
7	12
8	9
9	16
10	4
11	13
12	6
13	14
14	5
15	18
16	3
17	27
18	7
19	19
20	20
21	21
22	22
23	23
24	24
25	25
26	26
27	17
28	28
29	29
30	30
31	31
32	32
33	33
34	2
35	35
36	36
37	37
38	38
39	39
40	40
41	41
42	42
43	43
44	44
45	45
46	46
47	47
48	48
--------------------------
Constraints Added : 103
Time in Secs : 22.807
Objective Distaince : 31812.8
Subtour from Atlanta : 18
Full Tour:
1	8
2	15
3	11
4	34
5	10
6	1
7	12
8	9
9	16
10	4
11	13
12	6
13	14
14	5
15	18
16	3
17	43
18	7
19	19
20	20
21	21
22	22
23	23
24	24
25	25
26	26
27	27
28	28
29	29
30	30
31	31
32	32
33	33
34	2
35	35
36	36
37	37
38	38
39	39
40	40
41	41
42	42
43	17
44	44
45	45
46	46
47	47
48	48
--------------------------
Constraints Added : 104
Time in Secs : 23.01
Objective Distaince : 31892.4
Subtour from Atlanta : 18
Full Tour:
1	8
2	15
3	11
4	34
5	10
6	1
7	12
8	9
9	16
10	4
11	13
12	6
13	14
14	5
15	18
16	3
17	19
18	7
19	17
20	20
21	21
22	22
23	23
24	24
25	25
26	26
27	27
28	28
29	29
30	30
31	31
32	32
33	33
34	2
35	35
36	36
37	37
38	38
39	39
40	40
41	41
42	42
43	43
44	44
45	45
46	46
47	47
48	48
--------------------------
Constraints Added : 105
Time in Secs : 23.213
Objective Distaince : 32075.7
Subtour from Atlanta : 18
Full Tour:
1	8
2	15
3	11
4	34
5	10
6	1
7	12
8	9
9	16
10	4
11	13
12	6
13	14
14	5
15	18
16	3
17	43
18	7
19	37
20	20
21	21
22	22
23	23
24	24
25	25
26	26
27	27
28	28
29	29
30	30
31	31
32	32
33	33
34	2
35	35
36	36
37	19
38	38
39	39
40	40
41	41
42	42
43	17
44	44
45	45
46	46
47	47
48	48
--------------------------
Constraints Added : 106
Time in Secs : 23.416
Objective Distaince : 32155.3
Subtour from Atlanta : 18
Full Tour:
1	8
2	15
3	11
4	34
5	10
6	1
7	12
8	9
9	16
10	4
11	13
12	6
13	14
14	5
15	18
16	3
17	37
18	7
19	17
20	20
21	21
22	22
23	23
24	24
25	25
26	26
27	27
28	28
29	29
30	30
31	31
32	32
33	33
34	2
35	35
36	36
37	19
38	38
39	39
40	40
41	41
42	42
43	43
44	44
45	45
46	46
47	47
48	48
--------------------------
Constraints Added : 107
Time in Secs : 23.619
Objective Distaince : 32215.5
Subtour from Atlanta : 18
Full Tour:
1	8
2	15
3	11
4	34
5	10
6	1
7	12
8	9
9	16
10	4
11	13
12	6
13	14
14	5
15	18
16	3
17	43
18	7
19	27
20	20
21	21
22	22
23	23
24	24
25	25
26	26
27	19
28	28
29	29
30	30
31	31
32	32
33	33
34	2
35	35
36	36
37	37
38	38
39	39
40	40
41	41
42	42
43	17
44	44
45	45
46	46
47	47
48	48
--------------------------
Constraints Added : 108
Time in Secs : 23.821
Objective Distaince : 32337.6
Subtour from Atlanta : 18
Full Tour:
1	8
2	15
3	11
4	34
5	10
6	1
7	12
8	9
9	16
10	4
11	13
12	6
13	14
14	5
15	18
16	3
17	43
18	7
19	17
20	20
21	21
22	22
23	23
24	24
25	25
26	26
27	27
28	28
29	29
30	30
31	31
32	32
33	33
34	2
35	35
36	36
37	37
38	38
39	39
40	40
41	41
42	42
43	19
44	44
45	45
46	46
47	47
48	48
--------------------------
Constraints Added : 109
Time in Secs : 24.024
Objective Distaince : 32417.9
Subtour from Atlanta : 20
Full Tour:
1	8
2	15
3	11
4	34
5	10
6	1
7	12
8	9
9	16
10	4
11	13
12	19
13	14
14	5
15	18
16	3
17	6
18	7
19	17
20	20
21	21
22	22
23	23
24	24
25	25
26	26
27	27
28	28
29	29
30	30
31	31
32	32
33	33
34	2
35	35
36	36
37	37
38	38
39	39
40	40
41	41
42	42
43	43
44	44
45	45
46	46
47	47
48	48
--------------------------
Constraints Added : 110
Time in Secs : 24.227
Objective Distaince : 32649.3
Subtour from Atlanta : 17
Full Tour:
1	8
2	20
3	11
4	34
5	10
6	1
7	12
8	9
9	16
10	4
11	13
12	15
13	14
14	5
15	18
16	3
17	6
18	7
19	17
20	19
21	21
22	22
23	23
24	24
25	25
26	26
27	27
28	28
29	29
30	30
31	31
32	32
33	33
34	2
35	35
36	36
37	37
38	38
39	39
40	40
41	41
42	42
43	43
44	44
45	45
46	46
47	47
48	48
--------------------------
Constraints Added : 111
Time in Secs : 24.43
Objective Distaince : 32659
Subtour from Atlanta : 17
Full Tour:
1	8
2	20
3	11
4	34
5	10
6	1
7	15
8	9
9	16
10	4
11	13
12	18
13	14
14	5
15	12
16	3
17	6
18	7
19	17
20	19
21	21
22	22
23	23
24	24
25	25
26	26
27	27
28	28
29	29
30	30
31	31
32	32
33	33
34	2
35	35
36	36
37	37
38	38
39	39
40	40
41	41
42	42
43	43
44	44
45	45
46	46
47	47
48	48
--------------------------
Constraints Added : 112
Time in Secs : 24.648
Objective Distaince : 32667.6
Subtour from Atlanta : 17
Full Tour:
1	8
2	20
3	11
4	34
5	10
6	1
7	15
8	9
9	16
10	4
11	13
12	33
13	14
14	5
15	12
16	3
17	6
18	7
19	17
20	19
21	21
22	22
23	23
24	24
25	25
26	26
27	27
28	28
29	29
30	30
31	31
32	32
33	18
34	2
35	35
36	36
37	37
38	38
39	39
40	40
41	41
42	42
43	43
44	44
45	45
46	46
47	47
48	48
--------------------------
Constraints Added : 113
Time in Secs : 24.851
Objective Distaince : 33101.3
Subtour from Atlanta : 21
Full Tour:
1	8
2	20
3	13
4	34
5	10
6	11
7	1
8	9
9	16
10	4
11	12
12	15
13	14
14	5
15	18
16	3
17	6
18	7
19	17
20	19
21	21
22	22
23	23
24	24
25	25
26	26
27	27
28	28
29	29
30	30
31	31
32	32
33	33
34	2
35	35
36	36
37	37
38	38
39	39
40	40
41	41
42	42
43	43
44	44
45	45
46	46
47	47
48	48
--------------------------
Constraints Added : 114
Time in Secs : 25.054
Objective Distaince : 33996.8
Subtour from Atlanta : 10
Full Tour:
1	8
2	20
3	11
4	34
5	10
6	21
7	1
8	9
9	16
10	4
11	12
12	15
13	14
14	5
15	18
16	3
17	6
18	7
19	17
20	19
21	13
22	22
23	23
24	24
25	25
26	26
27	27
28	28
29	29
30	30
31	31
32	32
33	33
34	2
35	35
36	36
37	37
38	38
39	39
40	40
41	41
42	42
43	43
44	44
45	45
46	46
47	47
48	48
--------------------------
Constraints Added : 115
Time in Secs : 25.272
Objective Distaince : 34086.8
Subtour from Atlanta : 22
Full Tour:
1	8
2	15
3	11
4	34
5	10
6	21
7	1
8	9
9	16
10	4
11	12
12	20
13	14
14	5
15	18
16	3
17	6
18	7
19	17
20	19
21	13
22	22
23	23
24	24
25	25
26	26
27	27
28	28
29	29
30	30
31	31
32	32
33	33
34	2
35	35
36	36
37	37
38	38
39	39
40	40
41	41
42	42
43	43
44	44
45	45
46	46
47	47
48	48
--------------------------
Constraints Added : 116
Time in Secs : 25.475
Objective Distaince : 34219.1
Subtour from Atlanta : 21
Full Tour:
1	8
2	15
3	11
4	34
5	10
6	21
7	1
8	9
9	3
10	4
11	12
12	20
13	14
14	5
15	18
16	22
17	6
18	7
19	17
20	19
21	13
22	16
23	23
24	24
25	25
26	26
27	27
28	28
29	29
30	30
31	31
32	32
33	33
34	2
35	35
36	36
37	37
38	38
39	39
40	40
41	41
42	42
43	43
44	44
45	45
46	46
47	47
48	48
--------------------------
Constraints Added : 117
Time in Secs : 25.694
Objective Distaince : 34243.9
Subtour from Atlanta : 23
Full Tour:
1	8
2	15
3	11
4	34
5	10
6	21
7	1
8	9
9	22
10	4
11	12
12	20
13	14
14	5
15	18
16	3
17	6
18	7
19	17
20	19
21	13
22	16
23	23
24	24
25	25
26	26
27	27
28	28
29	29
30	30
31	31
32	32
33	33
34	2
35	35
36	36
37	37
38	38
39	39
40	40
41	41
42	42
43	43
44	44
45	45
46	46
47	47
48	48
--------------------------
Constraints Added : 118
Time in Secs : 25.896
Objective Distaince : 34706.9
Subtour from Atlanta : 22
Full Tour:
1	8
2	15
3	12
4	34
5	10
6	11
7	1
8	9
9	22
10	4
11	23
12	20
13	21
14	5
15	18
16	3
17	6
18	7
19	17
20	19
21	13
22	16
23	14
24	24
25	25
26	26
27	27
28	28
29	29
30	30
31	31
32	32
33	33
34	2
35	35
36	36
37	37
38	38
39	39
40	40
41	41
42	42
43	43
44	44
45	45
46	46
47	47
48	48
--------------------------
Constraints Added : 119
Time in Secs : 26.099
Objective Distaince : 34899.7
Subtour from Atlanta : 24
Full Tour:
1	8
2	15
3	11
4	34
5	10
6	21
7	1
8	9
9	22
10	4
11	12
12	20
13	23
14	5
15	18
16	3
17	6
18	7
19	17
20	19
21	13
22	16
23	14
24	24
25	25
26	26
27	27
28	28
29	29
30	30
31	31
32	32
33	33
34	2
35	35
36	36
37	37
38	38
39	39
40	40
41	41
42	42
43	43
44	44
45	45
46	46
47	47
48	48
--------------------------
Constraints Added : 120
Time in Secs : 26.302
Objective Distaince : 35416.6
Subtour from Atlanta : 22
Full Tour:
1	8
2	15
3	11
4	14
5	2
6	21
7	1
8	9
9	22
10	4
11	12
12	20
13	23
14	5
15	18
16	3
17	6
18	7
19	17
20	19
21	24
22	16
23	13
24	10
25	25
26	26
27	27
28	28
29	29
30	30
31	31
32	32
33	33
34	34
35	35
36	36
37	37
38	38
39	39
40	40
41	41
42	42
43	43
44	44
45	45
46	46
47	47
48	48
--------------------------
Constraints Added : 121
Time in Secs : 26.505
Objective Distaince : 35564.2
Subtour from Atlanta : 20
Full Tour:
1	8
2	15
3	12
4	21
5	2
6	11
7	1
8	9
9	22
10	4
11	23
12	20
13	14
14	5
15	18
16	3
17	6
18	7
19	17
20	19
21	24
22	16
23	13
24	10
25	25
26	26
27	27
28	28
29	29
30	30
31	31
32	32
33	33
34	34
35	35
36	36
37	37
38	38
39	39
40	40
41	41
42	42
43	43
44	44
45	45
46	46
47	47
48	48
--------------------------
Constraints Added : 122
Time in Secs : 26.708
Objective Distaince : 35592.4
Subtour from Atlanta : 22
Full Tour:
1	8
2	15
3	11
4	25
5	2
6	21
7	1
8	9
9	22
10	4
11	12
12	20
13	14
14	23
15	18
16	3
17	6
18	7
19	17
20	19
21	24
22	16
23	13
24	10
25	5
26	26
27	27
28	28
29	29
30	30
31	31
32	32
33	33
34	34
35	35
36	36
37	37
38	38
39	39
40	40
41	41
42	42
43	43
44	44
45	45
46	46
47	47
48	48
--------------------------
Constraints Added : 123
Time in Secs : 26.91
Objective Distaince : 35669.2
Subtour from Atlanta : 24
Full Tour:
1	8
2	15
3	11
4	14
5	2
6	21
7	1
8	9
9	22
10	4
11	12
12	20
13	5
14	23
15	18
16	3
17	6
18	7
19	17
20	19
21	24
22	16
23	13
24	10
25	25
26	26
27	27
28	28
29	29
30	30
31	31
32	32
33	33
34	34
35	35
36	36
37	37
38	38
39	39
40	40
41	41
42	42
43	43
44	44
45	45
46	46
47	47
48	48
--------------------------
Constraints Added : 124
Time in Secs : 27.113
Objective Distaince : 35678.3
Subtour from Atlanta : 25
Full Tour:
1	8
2	15
3	11
4	14
5	2
6	21
7	1
8	9
9	22
10	4
11	12
12	20
13	25
14	23
15	18
16	3
17	6
18	7
19	17
20	19
21	24
22	16
23	13
24	10
25	5
26	26
27	27
28	28
29	29
30	30
31	31
32	32
33	33
34	34
35	35
36	36
37	37
38	38
39	39
40	40
41	41
42	42
43	43
44	44
45	45
46	46
47	47
48	48
--------------------------
Constraints Added : 125
Time in Secs : 27.316
Objective Distaince : 35727.2
Subtour from Atlanta : 26
Full Tour:
1	8
2	15
3	11
4	14
5	2
6	21
7	1
8	9
9	22
10	26
11	12
12	20
13	25
14	23
15	18
16	3
17	6
18	7
19	17
20	19
21	24
22	16
23	13
24	10
25	5
26	4
27	27
28	28
29	29
30	30
31	31
32	32
33	33
34	34
35	35
36	36
37	37
38	38
39	39
40	40
41	41
42	42
43	43
44	44
45	45
46	46
47	47
48	48
--------------------------
Constraints Added : 126
Time in Secs : 27.519
Objective Distaince : 35838
Subtour from Atlanta : 27
Full Tour:
1	8
2	15
3	11
4	14
5	2
6	21
7	1
8	9
9	22
10	26
11	12
12	20
13	25
14	23
15	18
16	3
17	6
18	7
19	17
20	27
21	24
22	16
23	13
24	10
25	5
26	4
27	19
28	28
29	29
30	30
31	31
32	32
33	33
34	34
35	35
36	36
37	37
38	38
39	39
40	40
41	41
42	42
43	43
44	44
45	45
46	46
47	47
48	48
--------------------------
Constraints Added : 127
Time in Secs : 27.722
Objective Distaince : 36291.2
Subtour from Atlanta : 28
Full Tour:
1	8
2	15
3	11
4	14
5	2
6	21
7	1
8	9
9	22
10	26
11	12
12	20
13	25
14	23
15	18
16	3
17	6
18	7
19	17
20	28
21	24
22	16
23	13
24	10
25	5
26	4
27	19
28	27
29	29
30	30
31	31
32	32
33	33
34	34
35	35
36	36
37	37
38	38
39	39
40	40
41	41
42	42
43	43
44	44
45	45
46	46
47	47
48	48
--------------------------
Constraints Added : 128
Time in Secs : 27.94
Objective Distaince : 36546
Subtour from Atlanta : 29
Full Tour:
1	8
2	15
3	11
4	14
5	29
6	21
7	1
8	9
9	22
10	26
11	12
12	20
13	25
14	23
15	18
16	3
17	6
18	7
19	17
20	28
21	24
22	16
23	13
24	10
25	5
26	4
27	19
28	27
29	2
30	30
31	31
32	32
33	33
34	34
35	35
36	36
37	37
38	38
39	39
40	40
41	41
42	42
43	43
44	44
45	45
46	46
47	47
48	48
--------------------------
Constraints Added : 129
Time in Secs : 28.143
Objective Distaince : 36562.4
Subtour from Atlanta : 26
Full Tour:
1	8
2	15
3	11
4	14
5	29
6	21
7	1
8	9
9	22
10	26
11	12
12	20
13	25
14	23
15	18
16	3
17	30
18	7
19	17
20	28
21	24
22	16
23	13
24	10
25	5
26	4
27	19
28	6
29	2
30	27
31	31
32	32
33	33
34	34
35	35
36	36
37	37
38	38
39	39
40	40
41	41
42	42
43	43
44	44
45	45
46	46
47	47
48	48
--------------------------
Constraints Added : 130
Time in Secs : 28.361
Objective Distaince : 36617.4
Subtour from Atlanta : 30
Full Tour:
1	8
2	15
3	11
4	14
5	29
6	21
7	1
8	9
9	22
10	26
11	12
12	20
13	25
14	23
15	18
16	3
17	6
18	28
19	17
20	30
21	24
22	16
23	13
24	10
25	5
26	4
27	19
28	7
29	2
30	27
31	31
32	32
33	33
34	34
35	35
36	36
37	37
38	38
39	39
40	40
41	41
42	42
43	43
44	44
45	45
46	46
47	47
48	48
--------------------------
Constraints Added : 131
Time in Secs : 28.564
Objective Distaince : 37020.8
Subtour from Atlanta : 5
Full Tour:
1	31
2	15
3	9
4	14
5	29
6	21
7	1
8	22
9	8
10	26
11	23
12	20
13	25
14	13
15	12
16	3
17	6
18	28
19	17
20	30
21	24
22	16
23	11
24	10
25	5
26	4
27	19
28	7
29	2
30	27
31	18
32	32
33	33
34	34
35	35
36	36
37	37
38	38
39	39
40	40
41	41
42	42
43	43
44	44
45	45
46	46
47	47
48	48
--------------------------
Constraints Added : 132
Time in Secs : 28.782
Objective Distaince : 37143.4
Subtour from Atlanta : 5
Full Tour:
1	31
2	8
3	15
4	14
5	29
6	21
7	1
8	9
9	22
10	26
11	23
12	20
13	25
14	13
15	12
16	3
17	6
18	28
19	17
20	30
21	24
22	16
23	11
24	10
25	5
26	4
27	19
28	7
29	2
30	27
31	18
32	32
33	33
34	34
35	35
36	36
37	37
38	38
39	39
40	40
41	41
42	42
43	43
44	44
45	45
46	46
47	47
48	48
--------------------------
Constraints Added : 133
Time in Secs : 28.985
Objective Distaince : 37222.7
Subtour from Atlanta : 5
Full Tour:
1	31
2	8
3	40
4	14
5	29
6	21
7	1
8	9
9	22
10	26
11	23
12	20
13	25
14	13
15	12
16	3
17	6
18	28
19	17
20	30
21	24
22	16
23	11
24	10
25	5
26	4
27	19
28	7
29	2
30	27
31	18
32	32
33	33
34	34
35	35
36	36
37	37
38	38
39	39
40	15
41	41
42	42
43	43
44	44
45	45
46	46
47	47
48	48
--------------------------
Constraints Added : 134
Time in Secs : 29.188
Objective Distaince : 37579.4
Subtour from Atlanta : 30
Full Tour:
1	31
2	1
3	40
4	14
5	29
6	21
7	8
8	9
9	22
10	26
11	23
12	20
13	25
14	13
15	12
16	3
17	6
18	28
19	17
20	30
21	24
22	16
23	11
24	10
25	5
26	4
27	19
28	7
29	2
30	27
31	18
32	32
33	33
34	34
35	35
36	36
37	37
38	38
39	39
40	15
41	41
42	42
43	43
44	44
45	45
46	46
47	47
48	48
--------------------------
Constraints Added : 135
Time in Secs : 29.391
Objective Distaince : 37594
Subtour from Atlanta : 29
Full Tour:
1	31
2	1
3	11
4	14
5	29
6	21
7	8
8	9
9	22
10	26
11	20
12	15
13	25
14	23
15	12
16	3
17	6
18	28
19	17
20	30
21	24
22	16
23	13
24	10
25	5
26	4
27	19
28	7
29	2
30	27
31	18
32	32
33	33
34	34
35	35
36	36
37	37
38	38
39	39
40	40
41	41
42	42
43	43
44	44
45	45
46	46
47	47
48	48
--------------------------
Constraints Added : 136
Time in Secs : 29.594
Objective Distaince : 37716.7
Subtour from Atlanta : 31
Full Tour:
1	31
2	1
3	11
4	14
5	29
6	21
7	8
8	9
9	22
10	26
11	15
12	20
13	25
14	23
15	12
16	3
17	6
18	28
19	17
20	30
21	24
22	16
23	13
24	10
25	5
26	4
27	19
28	7
29	2
30	27
31	18
32	32
33	33
34	34
35	35
36	36
37	37
38	38
39	39
40	40
41	41
42	42
43	43
44	44
45	45
46	46
47	47
48	48
--------------------------
Constraints Added : 137
Time in Secs : 29.812
Objective Distaince : 37738.4
Subtour from Atlanta : 32
Full Tour:
1	31
2	1
3	11
4	14
5	29
6	21
7	8
8	9
9	22
10	26
11	15
12	20
13	25
14	23
15	12
16	3
17	6
18	28
19	17
20	30
21	32
22	16
23	13
24	10
25	5
26	4
27	19
28	7
29	2
30	27
31	18
32	24
33	33
34	34
35	35
36	36
37	37
38	38
39	39
40	40
41	41
42	42
43	43
44	44
45	45
46	46
47	47
48	48
--------------------------
Constraints Added : 138
Time in Secs : 30.03
Objective Distaince : 38028.9
Subtour from Atlanta : 31
Full Tour:
1	31
2	1
3	11
4	14
5	29
6	21
7	8
8	9
9	22
10	26
11	12
12	20
13	25
14	23
15	33
16	3
17	6
18	28
19	17
20	30
21	32
22	16
23	13
24	10
25	5
26	4
27	19
28	7
29	2
30	27
31	18
32	24
33	15
34	34
35	35
36	36
37	37
38	38
39	39
40	40
41	41
42	42
43	43
44	44
45	45
46	46
47	47
48	48
--------------------------
Constraints Added : 139
Time in Secs : 30.233
Objective Distaince : 38041.4
Subtour from Atlanta : 33
Full Tour:
1	8
2	33
3	11
4	14
5	29
6	21
7	1
8	9
9	22
10	26
11	12
12	20
13	25
14	23
15	31
16	3
17	6
18	28
19	17
20	30
21	32
22	16
23	13
24	10
25	5
26	4
27	19
28	7
29	2
30	27
31	18
32	24
33	15
34	34
35	35
36	36
37	37
38	38
39	39
40	40
41	41
42	42
43	43
44	44
45	45
46	46
47	47
48	48
--------------------------
Constraints Added : 140
Time in Secs : 30.452
Objective Distaince : 38117.4
Subtour from Atlanta : 29
Full Tour:
1	8
2	33
3	11
4	34
5	48
6	21
7	1
8	9
9	22
10	26
11	12
12	20
13	25
14	23
15	31
16	3
17	6
18	28
19	17
20	30
21	32
22	16
23	13
24	10
25	14
26	4
27	19
28	7
29	2
30	27
31	18
32	24
33	15
34	29
35	35
36	36
37	37
38	38
39	39
40	40
41	41
42	42
43	43
44	44
45	45
46	46
47	47
48	5
--------------------------
Constraints Added : 141
Time in Secs : 30.67
Objective Distaince : 38495.1
Subtour from Atlanta : 30
Full Tour:
1	8
2	33
3	11
4	34
5	29
6	21
7	1
8	9
9	22
10	26
11	12
12	20
13	25
14	23
15	31
16	3
17	6
18	28
19	17
20	30
21	32
22	16
23	13
24	10
25	14
26	4
27	19
28	7
29	2
30	27
31	18
32	24
33	15
34	5
35	35
36	36
37	37
38	38
39	39
40	40
41	41
42	42
43	43
44	44
45	45
46	46
47	47
48	48
--------------------------
Constraints Added : 142
Time in Secs : 30.873
Objective Distaince : 39061.7
Subtour from Atlanta : 34
Full Tour:
1	8
2	33
3	25
4	34
5	29
6	21
7	1
8	9
9	22
10	26
11	12
12	20
13	11
14	23
15	31
16	3
17	6
18	28
19	17
20	30
21	32
22	16
23	13
24	10
25	14
26	4
27	19
28	7
29	2
30	27
31	18
32	24
33	15
34	5
35	35
36	36
37	37
38	38
39	39
40	40
41	41
42	42
43	43
44	44
45	45
46	46
47	47
48	48
--------------------------
Constraints Added : 143
Time in Secs : 31.091
Objective Distaince : 39982.1
Subtour from Atlanta : 34
Full Tour:
1	8
2	33
3	25
4	34
5	29
6	21
7	1
8	9
9	22
10	26
11	12
12	20
13	11
14	23
15	31
16	3
17	6
18	28
19	17
20	30
21	32
22	16
23	13
24	10
25	14
26	4
27	19
28	7
29	2
30	27
31	18
32	24
33	15
34	5
35	45
36	36
37	37
38	38
39	39
40	40
41	41
42	42
43	43
44	44
45	35
46	46
47	47
48	48
--------------------------
Constraints Added : 144
Time in Secs : 31.294
Objective Distaince : 40031.1
Subtour from Atlanta : 35
Full Tour:
1	8
2	33
3	25
4	34
5	29
6	21
7	1
8	9
9	22
10	26
11	12
12	20
13	11
14	23
15	31
16	3
17	6
18	7
19	17
20	36
21	32
22	16
23	13
24	10
25	14
26	4
27	19
28	30
29	2
30	27
31	18
32	24
33	15
34	5
35	45
36	28
37	37
38	38
39	39
40	40
41	41
42	42
43	43
44	44
45	35
46	46
47	47
48	48
--------------------------
Constraints Added : 145
Time in Secs : 31.512
Objective Distaince : 40456.1
Subtour from Atlanta : 36
Full Tour:
1	8
2	33
3	25
4	34
5	29
6	21
7	1
8	9
9	22
10	35
11	12
12	20
13	11
14	23
15	31
16	3
17	6
18	7
19	17
20	36
21	32
22	16
23	13
24	10
25	14
26	4
27	19
28	30
29	2
30	27
31	18
32	24
33	15
34	5
35	26
36	28
37	37
38	38
39	39
40	40
41	41
42	42
43	43
44	44
45	45
46	46
47	47
48	48
--------------------------
Constraints Added : 146
Time in Secs : 31.715
Objective Distaince : 40691.2
Subtour from Atlanta : 37
Full Tour:
1	8
2	33
3	25
4	34
5	29
6	21
7	1
8	9
9	22
10	35
11	12
12	20
13	11
14	23
15	31
16	3
17	6
18	7
19	17
20	36
21	32
22	16
23	13
24	10
25	14
26	4
27	37
28	30
29	2
30	27
31	18
32	24
33	15
34	5
35	26
36	28
37	19
38	38
39	39
40	40
41	41
42	42
43	43
44	44
45	45
46	46
47	47
48	48
--------------------------
Constraints Added : 147
Time in Secs : 31.918
Objective Distaince : 40764.4
Subtour from Atlanta : 38
Full Tour:
1	38
2	1
3	25
4	34
5	29
6	21
7	8
8	9
9	22
10	35
11	15
12	20
13	11
14	23
15	12
16	3
17	6
18	7
19	17
20	33
21	32
22	16
23	13
24	10
25	14
26	4
27	37
28	30
29	2
30	27
31	18
32	24
33	36
34	5
35	26
36	28
37	19
38	31
39	39
40	40
41	41
42	42
43	43
44	44
45	45
46	46
47	47
48	48
--------------------------
Constraints Added : 148
Time in Secs : 32.136
Objective Distaince : 41059.7
Subtour from Atlanta : 39
Full Tour:
1	38
2	1
3	25
4	34
5	29
6	21
7	8
8	9
9	22
10	35
11	15
12	20
13	39
14	23
15	12
16	3
17	6
18	7
19	17
20	33
21	13
22	16
23	11
24	10
25	14
26	4
27	37
28	30
29	2
30	27
31	18
32	24
33	36
34	5
35	26
36	28
37	19
38	31
39	32
40	40
41	41
42	42
43	43
44	44
45	45
46	46
47	47
48	48
--------------------------
Constraints Added : 149
Time in Secs : 32.339
Objective Distaince : 41304.6
Subtour from Atlanta : 38
Full Tour:
1	38
2	1
3	40
4	34
5	29
6	23
7	8
8	9
9	22
10	35
11	21
12	20
13	39
14	25
15	12
16	3
17	6
18	7
19	17
20	33
21	13
22	16
23	11
24	10
25	14
26	4
27	37
28	30
29	2
30	27
31	18
32	24
33	36
34	5
35	26
36	28
37	19
38	31
39	32
40	15
41	41
42	42
43	43
44	44
45	45
46	46
47	47
48	48
--------------------------
Constraints Added : 150
Time in Secs : 32.542
Objective Distaince : 41337
Subtour from Atlanta : 40
Full Tour:
1	38
2	1
3	40
4	34
5	29
6	21
7	8
8	9
9	22
10	35
11	13
12	20
13	39
14	23
15	12
16	3
17	6
18	7
19	17
20	33
21	25
22	16
23	11
24	10
25	14
26	4
27	37
28	30
29	2
30	27
31	18
32	24
33	36
34	5
35	26
36	28
37	19
38	31
39	32
40	15
41	41
42	42
43	43
44	44
45	45
46	46
47	47
48	48
--------------------------
Constraints Added : 151
Time in Secs : 32.761
Objective Distaince : 42637.8
Subtour from Atlanta : 14
Full Tour:
1	38
2	1
3	40
4	25
5	29
6	21
7	8
8	9
9	22
10	35
11	13
12	20
13	11
14	23
15	12
16	41
17	6
18	7
19	17
20	33
21	39
22	16
23	3
24	10
25	14
26	4
27	37
28	30
29	2
30	27
31	18
32	24
33	36
34	5
35	26
36	28
37	19
38	31
39	32
40	15
41	34
42	42
43	43
44	44
45	45
46	46
47	47
48	48
--------------------------
Constraints Added : 152
Time in Secs : 32.963
Objective Distaince : 42707.4
Subtour from Atlanta : 14
Full Tour:
1	38
2	1
3	11
4	25
5	29
6	40
7	8
8	9
9	22
10	35
11	21
12	20
13	39
14	23
15	12
16	41
17	6
18	7
19	17
20	33
21	13
22	16
23	3
24	10
25	14
26	4
27	37
28	30
29	2
30	27
31	18
32	24
33	36
34	5
35	26
36	28
37	19
38	31
39	32
40	15
41	34
42	42
43	43
44	44
45	45
46	46
47	47
48	48
--------------------------
Constraints Added : 153
Time in Secs : 33.166
Objective Distaince : 42885.8
Subtour from Atlanta : 28
Full Tour:
1	38
2	1
3	25
4	41
5	29
6	40
7	8
8	9
9	22
10	35
11	21
12	20
13	39
14	23
15	12
16	3
17	6
18	7
19	17
20	33
21	13
22	16
23	11
24	10
25	14
26	4
27	37
28	30
29	2
30	27
31	18
32	24
33	36
34	5
35	26
36	28
37	19
38	31
39	32
40	15
41	34
42	42
43	43
44	44
45	45
46	46
47	47
48	48
--------------------------
Constraints Added : 154
Time in Secs : 33.369
Objective Distaince : 42951.5
Subtour from Atlanta : 30
Full Tour:
1	38
2	1
3	25
4	34
5	29
6	21
7	40
8	9
9	8
10	35
11	13
12	20
13	11
14	23
15	12
16	41
17	6
18	7
19	17
20	33
21	39
22	16
23	3
24	10
25	14
26	4
27	37
28	30
29	2
30	27
31	18
32	24
33	36
34	5
35	26
36	28
37	19
38	31
39	32
40	15
41	22
42	42
43	43
44	44
45	45
46	46
47	47
48	48
--------------------------
Constraints Added : 155
Time in Secs : 33.572
Objective Distaince : 43010.7
Subtour from Atlanta : 36
Full Tour:
1	38
2	1
3	11
4	34
5	29
6	21
7	40
8	9
9	8
10	35
11	13
12	20
13	39
14	23
15	12
16	41
17	6
18	7
19	17
20	33
21	25
22	16
23	3
24	10
25	14
26	4
27	37
28	30
29	2
30	27
31	18
32	24
33	36
34	5
35	26
36	28
37	19
38	31
39	32
40	15
41	22
42	42
43	43
44	44
45	45
46	46
47	47
48	48
--------------------------
Constraints Added : 156
Time in Secs : 33.775
Objective Distaince : 43088.3
Subtour from Atlanta : 36
Full Tour:
1	38
2	1
3	9
4	41
5	29
6	21
7	40
8	22
9	8
10	35
11	13
12	20
13	39
14	23
15	12
16	3
17	6
18	7
19	17
20	33
21	25
22	16
23	11
24	10
25	14
26	4
27	37
28	30
29	2
30	27
31	18
32	24
33	36
34	5
35	26
36	28
37	19
38	31
39	32
40	15
41	34
42	42
43	43
44	44
45	45
46	46
47	47
48	48
--------------------------
Constraints Added : 157
Time in Secs : 33.977
Objective Distaince : 43284
Subtour from Atlanta : 38
Full Tour:
1	9
2	1
3	11
4	34
5	29
6	21
7	40
8	38
9	8
10	35
11	13
12	20
13	39
14	23
15	12
16	41
17	6
18	7
19	17
20	33
21	25
22	16
23	3
24	10
25	14
26	4
27	37
28	30
29	2
30	27
31	18
32	24
33	36
34	5
35	26
36	28
37	19
38	31
39	32
40	15
41	22
42	42
43	43
44	44
45	45
46	46
47	47
48	48
--------------------------
Constraints Added : 158
Time in Secs : 34.196
Objective Distaince : 43286.5
Subtour from Atlanta : 25
Full Tour:
1	9
2	1
3	11
4	34
5	29
6	21
7	40
8	38
9	8
10	35
11	13
12	20
13	39
14	23
15	12
16	3
17	6
18	7
19	17
20	33
21	25
22	16
23	14
24	10
25	5
26	4
27	37
28	30
29	2
30	27
31	18
32	24
33	36
34	41
35	26
36	28
37	19
38	31
39	32
40	15
41	22
42	42
43	43
44	44
45	45
46	46
47	47
48	48
--------------------------
Constraints Added : 159
Time in Secs : 34.399
Objective Distaince : 43444.6
Subtour from Atlanta : 41
Full Tour:
1	9
2	1
3	8
4	41
5	29
6	21
7	40
8	38
9	22
10	35
11	13
12	20
13	39
14	23
15	12
16	3
17	6
18	7
19	17
20	33
21	25
22	16
23	11
24	10
25	14
26	4
27	37
28	30
29	2
30	27
31	18
32	24
33	36
34	5
35	26
36	28
37	19
38	31
39	32
40	15
41	34
42	42
43	43
44	44
45	45
46	46
47	47
48	48
--------------------------
Constraints Added : 160
Time in Secs : 34.617
Objective Distaince : 44360.4
Subtour from Atlanta : 36
Full Tour:
1	9
2	1
3	8
4	34
5	42
6	21
7	40
8	38
9	22
10	35
11	13
12	20
13	11
14	23
15	12
16	3
17	6
18	7
19	17
20	33
21	25
22	16
23	14
24	10
25	5
26	4
27	37
28	30
29	2
30	27
31	18
32	39
33	36
34	41
35	26
36	28
37	19
38	31
39	32
40	15
41	29
42	24
43	43
44	44
45	45
46	46
47	47
48	48
--------------------------
Constraints Added : 161
Time in Secs : 34.835
Objective Distaince : 44458.8
Subtour from Atlanta : 38
Full Tour:
1	9
2	1
3	8
4	34
5	42
6	21
7	40
8	38
9	22
10	35
11	25
12	20
13	11
14	23
15	12
16	3
17	6
18	7
19	17
20	33
21	13
22	16
23	14
24	10
25	5
26	4
27	37
28	30
29	2
30	27
31	18
32	39
33	36
34	41
35	26
36	28
37	19
38	31
39	32
40	15
41	29
42	24
43	43
44	44
45	45
46	46
47	47
48	48
--------------------------
Constraints Added : 162
Time in Secs : 35.038
Objective Distaince : 44804.9
Subtour from Atlanta : 37
Full Tour:
1	9
2	1
3	8
4	34
5	42
6	23
7	40
8	38
9	22
10	35
11	21
12	20
13	11
14	5
15	12
16	3
17	6
18	7
19	17
20	33
21	13
22	16
23	25
24	10
25	14
26	4
27	37
28	30
29	2
30	27
31	18
32	39
33	36
34	41
35	26
36	28
37	19
38	31
39	32
40	15
41	29
42	24
43	43
44	44
45	45
46	46
47	47
48	48
--------------------------
Constraints Added : 163
Time in Secs : 35.241
Objective Distaince : 44935.7
Subtour from Atlanta : 40
Full Tour:
1	9
2	1
3	8
4	34
5	42
6	21
7	40
8	38
9	22
10	35
11	25
12	20
13	11
14	5
15	12
16	3
17	6
18	7
19	17
20	33
21	13
22	16
23	14
24	10
25	23
26	4
27	37
28	30
29	2
30	27
31	18
32	39
33	36
34	41
35	26
36	28
37	19
38	31
39	32
40	15
41	29
42	24
43	43
44	44
45	45
46	46
47	47
48	48
--------------------------
Constraints Added : 164
Time in Secs : 35.444
Objective Distaince : 45361.8
Subtour from Atlanta : 42
Full Tour:
1	9
2	1
3	8
4	41
5	29
6	21
7	40
8	38
9	22
10	35
11	25
12	20
13	39
14	5
15	12
16	3
17	6
18	7
19	17
20	33
21	13
22	16
23	11
24	42
25	14
26	4
27	37
28	30
29	2
30	27
31	18
32	24
33	36
34	23
35	26
36	28
37	19
38	31
39	32
40	15
41	34
42	10
43	43
44	44
45	45
46	46
47	47
48	48
--------------------------
Constraints Added : 165
Time in Secs : 35.647
Objective Distaince : 45674.7
Subtour from Atlanta : 43
Full Tour:
1	9
2	1
3	8
4	41
5	29
6	21
7	40
8	38
9	22
10	35
11	25
12	20
13	39
14	5
15	12
16	3
17	6
18	7
19	17
20	33
21	13
22	16
23	11
24	42
25	14
26	4
27	37
28	30
29	2
30	43
31	18
32	24
33	36
34	23
35	26
36	28
37	19
38	31
39	32
40	15
41	34
42	10
43	27
44	44
45	45
46	46
47	47
48	48
--------------------------
Constraints Added : 166
Time in Secs : 35.865
Objective Distaince : 45675
Subtour from Atlanta : 44
Full Tour:
1	9
2	1
3	8
4	41
5	29
6	21
7	40
8	38
9	22
10	35
11	25
12	20
13	39
14	5
15	12
16	3
17	6
18	7
19	17
20	33
21	13
22	16
23	11
24	42
25	14
26	4
27	37
28	30
29	2
30	43
31	44
32	24
33	36
34	23
35	26
36	28
37	19
38	31
39	32
40	15
41	34
42	10
43	27
44	18
45	45
46	46
47	47
48	48
--------------------------
Constraints Added : 167
Time in Secs : 36.068
Objective Distaince : 46301.3
Subtour from Atlanta : 45
Full Tour:
1	9
2	1
3	8
4	41
5	29
6	21
7	40
8	38
9	22
10	45
11	25
12	20
13	39
14	5
15	12
16	3
17	6
18	7
19	17
20	33
21	13
22	16
23	11
24	42
25	14
26	4
27	37
28	30
29	2
30	43
31	44
32	24
33	36
34	23
35	26
36	28
37	19
38	31
39	32
40	15
41	34
42	10
43	27
44	18
45	35
46	46
47	47
48	48
--------------------------
Constraints Added : 168
Time in Secs : 36.271
Objective Distaince : 46570.9
Subtour from Atlanta : 41
Full Tour:
1	9
2	1
3	8
4	41
5	29
6	21
7	40
8	38
9	22
10	45
11	12
12	23
13	39
14	13
15	46
16	3
17	6
18	7
19	17
20	33
21	25
22	16
23	11
24	42
25	14
26	4
27	37
28	30
29	2
30	43
31	44
32	24
33	20
34	5
35	26
36	28
37	19
38	31
39	32
40	15
41	34
42	10
43	27
44	18
45	35
46	36
47	47
48	48
--------------------------
Constraints Added : 169
Time in Secs : 36.489
Objective Distaince : 46602.7
Subtour from Atlanta : 46
Full Tour:
1	9
2	1
3	8
4	41
5	29
6	21
7	40
8	38
9	22
10	45
11	25
12	20
13	39
14	5
15	12
16	3
17	6
18	7
19	17
20	33
21	13
22	16
23	11
24	42
25	14
26	4
27	37
28	30
29	2
30	43
31	44
32	24
33	46
34	23
35	26
36	28
37	19
38	31
39	32
40	15
41	34
42	10
43	27
44	18
45	35
46	36
47	47
48	48
--------------------------
Constraints Added : 170
Time in Secs : 36.692
Objective Distaince : 46674.3
Subtour from Atlanta : 47
Full Tour:
1	9
2	1
3	8
4	41
5	29
6	23
7	40
8	38
9	22
10	45
11	47
12	20
13	39
14	13
15	12
16	3
17	6
18	7
19	17
20	33
21	25
22	16
23	11
24	42
25	14
26	4
27	37
28	30
29	2
30	43
31	44
32	24
33	46
34	5
35	26
36	28
37	19
38	31
39	32
40	15
41	34
42	10
43	27
44	18
45	35
46	36
47	21
48	48
--------------------------
Constraints Added : 171
Time in Secs : 36.91
Objective Distaince : 46837.9
Subtour from Atlanta : 48
Full Tour:
1	9
2	1
3	8
4	34
5	42
6	23
7	40
8	38
9	22
10	45
11	47
12	20
13	39
14	13
15	12
16	3
17	6
18	7
19	17
20	33
21	25
22	16
23	11
24	10
25	14
26	4
27	37
28	30
29	2
30	43
31	44
32	48
33	46
34	41
35	26
36	28
37	19
38	31
39	32
40	15
41	29
42	24
43	27
44	18
45	35
46	36
47	21
48	5
--------------------------
