Starting at time :0
Constraints Added : 0
Time in Secs : 1.404
Objective Distaince : 31793.6
Subtour from Atlanta : 19
Full Tour:
1	9
2	42
3	22
4	35
5	29
6	37
7	18
8	38
9	8
10	24
11	12
12	15
13	25
14	23
15	40
16	41
17	43
18	36
19	27
20	47
21	13
22	16
23	11
24	32
25	14
26	4
27	17
28	7
29	2
30	6
31	44
32	39
33	20
34	3
35	45
36	28
37	19
38	31
39	48
40	1
41	34
42	26
43	30
44	46
45	10
46	33
47	21
48	5
--------------------------
Constraints Added : 1
Time in Secs : 1.904
Objective Distaince : 31793.6
Subtour from Atlanta : 19
Full Tour:
1	40
2	29
3	22
4	26
5	48
6	37
7	28
8	9
9	1
10	45
11	23
12	11
13	21
14	25
15	12
16	41
17	43
18	7
19	27
20	33
21	47
22	16
23	14
24	10
25	13
26	42
27	17
28	36
29	5
30	6
31	38
32	24
33	46
34	3
35	4
36	18
37	19
38	8
39	32
40	15
41	34
42	2
43	30
44	31
45	35
46	44
47	20
48	39
--------------------------
Constraints Added : 2
Time in Secs : 2.543
Objective Distaince : 31793.6
Subtour from Atlanta : 19
Full Tour:
1	9
2	29
3	34
4	26
5	48
6	37
7	28
8	38
9	8
10	45
11	12
12	15
13	25
14	23
15	40
16	22
17	43
18	7
19	27
20	47
21	13
22	3
23	11
24	10
25	14
26	42
27	17
28	36
29	5
30	6
31	44
32	24
33	20
34	41
35	4
36	18
37	19
38	31
39	32
40	1
41	16
42	2
43	30
44	46
45	35
46	33
47	21
48	39
--------------------------
Constraints Added : 3
Time in Secs : 3.089
Objective Distaince : 31976
Subtour from Atlanta : 19
Full Tour:
1	9
2	26
3	34
4	35
5	29
6	37
7	18
8	38
9	8
10	42
11	12
12	15
13	25
14	23
15	40
16	22
17	43
18	36
19	27
20	47
21	13
22	3
23	11
24	32
25	14
26	4
27	17
28	7
29	2
30	6
31	44
32	39
33	20
34	41
35	45
36	28
37	19
38	31
39	48
40	1
41	16
42	24
43	30
44	46
45	10
46	33
47	21
48	5
--------------------------
Constraints Added : 4
Time in Secs : 3.635
Objective Distaince : 32085.7
Subtour from Atlanta : 24
Full Tour:
1	9
2	26
3	23
4	35
5	29
6	37
7	28
8	38
9	8
10	42
11	12
12	15
13	25
14	34
15	40
16	22
17	43
18	7
19	27
20	47
21	13
22	3
23	11
24	32
25	14
26	4
27	17
28	36
29	2
30	6
31	44
32	39
33	20
34	41
35	45
36	18
37	19
38	31
39	48
40	1
41	16
42	24
43	30
44	46
45	10
46	33
47	21
48	5
--------------------------
Constraints Added : 5
Time in Secs : 4.181
Objective Distaince : 32196.6
Subtour from Atlanta : 24
Full Tour:
1	9
2	4
3	23
4	26
5	29
6	37
7	18
8	38
9	8
10	42
11	12
12	15
13	25
14	34
15	40
16	22
17	43
18	36
19	27
20	47
21	13
22	3
23	11
24	32
25	14
26	35
27	17
28	7
29	2
30	6
31	44
32	39
33	20
34	41
35	45
36	28
37	19
38	31
39	48
40	1
41	16
42	24
43	30
44	46
45	10
46	33
47	21
48	5
--------------------------
Constraints Added : 6
Time in Secs : 4.68
Objective Distaince : 32675.3
Subtour from Atlanta : 23
Full Tour:
1	9
2	48
3	23
4	35
5	29
6	30
7	18
8	38
9	8
10	24
11	12
12	15
13	25
14	34
15	40
16	22
17	27
18	36
19	37
20	47
21	39
22	3
23	11
24	42
25	14
26	4
27	19
28	7
29	2
30	43
31	44
32	21
33	20
34	41
35	45
36	28
37	6
38	31
39	32
40	1
41	16
42	26
43	17
44	46
45	10
46	33
47	13
48	5
--------------------------
Constraints Added : 7
Time in Secs : 5.367
Objective Distaince : 32732.3
Subtour from Atlanta : 23
Full Tour:
1	9
2	5
3	23
4	35
5	48
6	30
7	18
8	38
9	8
10	24
11	12
12	15
13	25
14	34
15	40
16	22
17	27
18	36
19	37
20	47
21	39
22	3
23	11
24	42
25	14
26	4
27	19
28	7
29	2
30	43
31	44
32	21
33	20
34	41
35	45
36	28
37	6
38	31
39	32
40	1
41	16
42	26
43	17
44	46
45	10
46	33
47	13
48	29
--------------------------
Constraints Added : 8
Time in Secs : 5.928
Objective Distaince : 32862.7
Subtour from Atlanta : 23
Full Tour:
1	9
2	5
3	23
4	45
5	48
6	37
7	18
8	38
9	8
10	24
11	12
12	15
13	25
14	34
15	40
16	22
17	43
18	36
19	27
20	47
21	32
22	3
23	11
24	42
25	14
26	4
27	17
28	7
29	2
30	6
31	44
32	39
33	20
34	41
35	26
36	28
37	19
38	31
39	21
40	1
41	16
42	10
43	30
44	46
45	35
46	33
47	13
48	29
--------------------------
Constraints Added : 9
Time in Secs : 6.474
Objective Distaince : 32872.1
Subtour from Atlanta : 27
Full Tour:
1	9
2	41
3	16
4	45
5	29
6	37
7	18
8	38
9	8
10	42
11	12
12	15
13	23
14	25
15	40
16	22
17	43
18	36
19	27
20	47
21	32
22	3
23	11
24	10
25	13
26	4
27	17
28	7
29	2
30	6
31	44
32	39
33	20
34	14
35	26
36	28
37	19
38	31
39	48
40	1
41	34
42	24
43	30
44	46
45	35
46	33
47	21
48	5
--------------------------
Constraints Added : 10
Time in Secs : 7.052
Objective Distaince : 33002.3
Subtour from Atlanta : 27
Full Tour:
1	9
2	34
3	23
4	45
5	29
6	30
7	18
8	38
9	8
10	24
11	12
12	15
13	25
14	13
15	40
16	22
17	27
18	36
19	37
20	47
21	32
22	3
23	11
24	42
25	14
26	4
27	19
28	7
29	2
30	43
31	44
32	39
33	20
34	41
35	26
36	28
37	6
38	31
39	48
40	1
41	16
42	10
43	17
44	46
45	35
46	33
47	21
48	5
--------------------------
Constraints Added : 11
Time in Secs : 7.613
Objective Distaince : 33138.5
Subtour from Atlanta : 27
Full Tour:
1	9
2	34
3	23
4	42
5	29
6	37
7	18
8	38
9	8
10	45
11	12
12	15
13	14
14	25
15	40
16	22
17	43
18	36
19	27
20	47
21	32
22	3
23	11
24	10
25	13
26	4
27	17
28	7
29	2
30	6
31	44
32	39
33	20
34	41
35	26
36	28
37	19
38	31
39	48
40	1
41	16
42	24
43	30
44	46
45	35
46	33
47	21
48	5
--------------------------
Constraints Added : 12
Time in Secs : 8.175
Objective Distaince : 33138.5
Subtour from Atlanta : 27
Full Tour:
1	9
2	34
3	23
4	42
5	29
6	30
7	18
8	38
9	8
10	45
11	12
12	15
13	25
14	13
15	40
16	22
17	27
18	36
19	37
20	47
21	32
22	3
23	11
24	10
25	14
26	4
27	19
28	7
29	2
30	43
31	44
32	39
33	20
34	41
35	26
36	28
37	6
38	31
39	48
40	1
41	16
42	24
43	17
44	46
45	35
46	33
47	21
48	5
--------------------------
Constraints Added : 13
Time in Secs : 8.705
Objective Distaince : 33234.8
Subtour from Atlanta : 27
Full Tour:
1	9
2	34
3	23
4	10
5	29
6	30
7	28
8	38
9	8
10	42
11	12
12	15
13	25
14	13
15	40
16	22
17	27
18	7
19	37
20	47
21	32
22	3
23	11
24	45
25	14
26	4
27	19
28	36
29	2
30	43
31	44
32	39
33	20
34	41
35	26
36	18
37	6
38	31
39	48
40	1
41	16
42	24
43	17
44	46
45	35
46	33
47	21
48	5
--------------------------
Constraints Added : 14
Time in Secs : 9.236
Objective Distaince : 33424.9
Subtour from Atlanta : 27
Full Tour:
1	9
2	34
3	23
4	10
5	29
6	19
7	18
8	38
9	8
10	42
11	12
12	15
13	25
14	13
15	40
16	22
17	43
18	36
19	37
20	47
21	32
22	3
23	11
24	45
25	14
26	4
27	17
28	7
29	2
30	6
31	44
32	39
33	20
34	41
35	26
36	28
37	27
38	31
39	48
40	1
41	16
42	24
43	30
44	46
45	35
46	33
47	21
48	5
--------------------------
Constraints Added : 15
Time in Secs : 9.891
Objective Distaince : 33956.6
Subtour from Atlanta : 34
Full Tour:
1	9
2	34
3	23
4	2
5	29
6	19
7	18
8	38
9	8
10	45
11	12
12	15
13	25
14	13
15	40
16	22
17	43
18	36
19	37
20	47
21	32
22	3
23	11
24	10
25	14
26	4
27	17
28	7
29	42
30	6
31	44
32	39
33	20
34	41
35	26
36	28
37	27
38	31
39	48
40	1
41	16
42	24
43	30
44	46
45	35
46	33
47	21
48	5
--------------------------
Constraints Added : 16
Time in Secs : 10.686
Objective Distaince : 34107.1
Subtour from Atlanta : 34
Full Tour:
1	9
2	34
3	23
4	2
5	29
6	27
7	18
8	38
9	8
10	45
11	12
12	15
13	25
14	13
15	40
16	22
17	43
18	36
19	37
20	47
21	32
22	3
23	11
24	10
25	14
26	4
27	17
28	7
29	42
30	19
31	44
32	39
33	20
34	41
35	26
36	28
37	6
38	31
39	48
40	1
41	16
42	24
43	30
44	46
45	35
46	33
47	21
48	5
--------------------------
Constraints Added : 17
Time in Secs : 11.248
Objective Distaince : 34107.1
Subtour from Atlanta : 34
Full Tour:
1	9
2	34
3	23
4	2
5	29
6	27
7	28
8	38
9	8
10	45
11	12
12	15
13	25
14	13
15	40
16	22
17	43
18	7
19	37
20	47
21	32
22	3
23	11
24	10
25	14
26	4
27	17
28	36
29	42
30	19
31	44
32	39
33	20
34	41
35	26
36	18
37	6
38	31
39	48
40	1
41	16
42	24
43	30
44	46
45	35
46	33
47	21
48	5
--------------------------
Constraints Added : 18
Time in Secs : 11.872
Objective Distaince : 34129.9
Subtour from Atlanta : 34
Full Tour:
1	9
2	34
3	23
4	2
5	29
6	43
7	28
8	38
9	8
10	45
11	12
12	15
13	14
14	25
15	40
16	22
17	27
18	7
19	37
20	47
21	32
22	3
23	11
24	10
25	13
26	4
27	19
28	36
29	42
30	6
31	44
32	39
33	20
34	41
35	26
36	18
37	30
38	31
39	48
40	1
41	16
42	24
43	17
44	46
45	35
46	33
47	21
48	5
--------------------------
Constraints Added : 19
Time in Secs : 12.527
Objective Distaince : 34253.9
Subtour from Atlanta : 34
Full Tour:
1	9
2	34
3	23
4	2
5	29
6	28
7	36
8	38
9	8
10	45
11	12
12	15
13	14
14	25
15	40
16	22
17	27
18	7
19	37
20	47
21	32
22	3
23	11
24	10
25	13
26	4
27	19
28	30
29	42
30	43
31	44
32	39
33	20
34	41
35	26
36	18
37	6
38	31
39	48
40	1
41	16
42	24
43	17
44	46
45	35
46	33
47	21
48	5
--------------------------
Constraints Added : 20
Time in Secs : 13.198
Objective Distaince : 34307.5
Subtour from Atlanta : 34
Full Tour:
1	9
2	34
3	23
4	2
5	29
6	43
7	36
8	38
9	8
10	45
11	12
12	15
13	14
14	25
15	40
16	22
17	27
18	7
19	37
20	47
21	32
22	3
23	11
24	10
25	13
26	4
27	19
28	18
29	42
30	6
31	44
32	39
33	20
34	41
35	26
36	28
37	30
38	31
39	48
40	1
41	16
42	24
43	17
44	46
45	35
46	33
47	21
48	5
--------------------------
Constraints Added : 21
Time in Secs : 13.775
Objective Distaince : 34376.7
Subtour from Atlanta : 33
Full Tour:
1	9
2	34
3	23
4	2
5	29
6	43
7	44
8	38
9	8
10	45
11	12
12	15
13	14
14	25
15	40
16	22
17	27
18	36
19	37
20	47
21	32
22	3
23	11
24	10
25	13
26	4
27	19
28	7
29	42
30	6
31	46
32	39
33	20
34	41
35	26
36	28
37	30
38	31
39	48
40	1
41	16
42	24
43	17
44	18
45	35
46	33
47	21
48	5
--------------------------
Constraints Added : 22
Time in Secs : 14.399
Objective Distaince : 34468.8
Subtour from Atlanta : 33
Full Tour:
1	9
2	34
3	23
4	2
5	29
6	17
7	44
8	38
9	8
10	45
11	12
12	15
13	25
14	13
15	40
16	22
17	43
18	36
19	37
20	47
21	32
22	3
23	11
24	10
25	14
26	4
27	19
28	7
29	42
30	6
31	46
32	39
33	20
34	41
35	26
36	28
37	27
38	31
39	48
40	1
41	16
42	24
43	30
44	18
45	35
46	33
47	21
48	5
--------------------------
Constraints Added : 23
Time in Secs : 14.977
Objective Distaince : 34717.8
Subtour from Atlanta : 38
Full Tour:
1	9
2	34
3	23
4	2
5	29
6	17
7	46
8	38
9	8
10	45
11	12
12	15
13	14
14	25
15	40
16	22
17	43
18	36
19	27
20	47
21	32
22	3
23	11
24	10
25	13
26	4
27	37
28	7
29	42
30	6
31	44
32	39
33	20
34	41
35	26
36	28
37	19
38	31
39	48
40	1
41	16
42	24
43	30
44	18
45	35
46	33
47	21
48	5
--------------------------
Constraints Added : 24
Time in Secs : 15.788
Objective Distaince : 34941.3
Subtour from Atlanta : 34
Full Tour:
1	9
2	34
3	23
4	2
5	29
6	36
7	30
8	38
9	8
10	45
11	12
12	15
13	14
14	25
15	40
16	22
17	27
18	7
19	37
20	47
21	32
22	3
23	11
24	10
25	13
26	4
27	19
28	18
29	42
30	43
31	44
32	39
33	20
34	41
35	26
36	28
37	6
38	31
39	48
40	1
41	16
42	24
43	17
44	46
45	35
46	33
47	21
48	5
--------------------------
Constraints Added : 25
Time in Secs : 16.365
Objective Distaince : 34943.7
Subtour from Atlanta : 36
Full Tour:
1	9
2	34
3	23
4	2
5	29
6	36
7	46
8	38
9	8
10	45
11	12
12	15
13	14
14	25
15	40
16	22
17	27
18	7
19	37
20	47
21	32
22	3
23	11
24	10
25	13
26	4
27	19
28	30
29	42
30	43
31	44
32	39
33	20
34	41
35	26
36	28
37	6
38	31
39	48
40	1
41	16
42	24
43	17
44	18
45	35
46	33
47	21
48	5
--------------------------
Constraints Added : 26
Time in Secs : 16.927
Objective Distaince : 35035.6
Subtour from Atlanta : 45
Full Tour:
1	9
2	34
3	23
4	2
5	29
6	7
7	46
8	38
9	8
10	45
11	12
12	15
13	25
14	13
15	40
16	22
17	27
18	36
19	37
20	47
21	32
22	3
23	11
24	10
25	14
26	4
27	19
28	30
29	42
30	43
31	44
32	39
33	20
34	41
35	26
36	28
37	6
38	31
39	48
40	1
41	16
42	24
43	17
44	18
45	35
46	33
47	21
48	5
--------------------------
Constraints Added : 27
Time in Secs : 17.379
Objective Distaince : 35035.6
Subtour from Atlanta : 45
Full Tour:
1	9
2	34
3	23
4	2
5	29
6	7
7	46
8	38
9	8
10	45
11	12
12	15
13	14
14	25
15	40
16	22
17	27
18	36
19	37
20	47
21	32
22	3
23	11
24	10
25	13
26	4
27	19
28	30
29	42
30	43
31	44
32	39
33	20
34	41
35	26
36	28
37	6
38	31
39	48
40	1
41	16
42	24
43	17
44	18
45	35
46	33
47	21
48	5
--------------------------
Constraints Added : 28
Time in Secs : 17.831
Objective Distaince : 35163.1
Subtour from Atlanta : 37
Full Tour:
1	9
2	10
3	23
4	2
5	29
6	7
7	46
8	38
9	8
10	42
11	12
12	15
13	14
14	34
15	40
16	22
17	27
18	36
19	37
20	47
21	32
22	3
23	11
24	45
25	13
26	4
27	19
28	30
29	48
30	43
31	44
32	39
33	20
34	41
35	26
36	28
37	6
38	31
39	25
40	1
41	16
42	24
43	17
44	18
45	35
46	33
47	21
48	5
--------------------------
Constraints Added : 29
Time in Secs : 18.299
Objective Distaince : 35338.3
Subtour from Atlanta : 37
Full Tour:
1	9
2	24
3	23
4	2
5	29
6	7
7	46
8	38
9	8
10	45
11	12
12	15
13	14
14	34
15	40
16	22
17	27
18	36
19	37
20	47
21	32
22	3
23	11
24	42
25	13
26	4
27	19
28	30
29	48
30	43
31	44
32	39
33	20
34	41
35	26
36	28
37	6
38	31
39	25
40	1
41	16
42	10
43	17
44	18
45	35
46	33
47	21
48	5
--------------------------
Constraints Added : 30
Time in Secs : 18.877
Objective Distaince : 35621.7
Subtour from Atlanta : 37
Full Tour:
1	9
2	41
3	23
4	24
5	29
6	7
7	46
8	38
9	8
10	45
11	12
12	15
13	14
14	34
15	40
16	22
17	27
18	36
19	37
20	47
21	32
22	3
23	11
24	42
25	13
26	4
27	19
28	30
29	2
30	43
31	44
32	39
33	20
34	25
35	26
36	28
37	6
38	31
39	48
40	1
41	16
42	10
43	17
44	18
45	35
46	33
47	21
48	5
--------------------------
Constraints Added : 31
Time in Secs : 19.688
Objective Distaince : 35775.3
Subtour from Atlanta : 37
Full Tour:
1	9
2	41
3	23
4	24
5	29
6	7
7	46
8	38
9	8
10	35
11	12
12	15
13	14
14	34
15	40
16	22
17	27
18	36
19	37
20	47
21	32
22	3
23	11
24	42
25	13
26	4
27	19
28	30
29	2
30	43
31	44
32	39
33	20
34	25
35	45
36	28
37	6
38	31
39	48
40	1
41	16
42	26
43	17
44	18
45	10
46	33
47	21
48	5
--------------------------
Constraints Added : 32
Time in Secs : 20.281
Objective Distaince : 36331.3
Subtour from Atlanta : 37
Full Tour:
1	9
2	24
3	23
4	48
5	29
6	7
7	46
8	38
9	8
10	35
11	12
12	15
13	14
14	34
15	40
16	22
17	27
18	36
19	37
20	47
21	32
22	3
23	11
24	42
25	13
26	4
27	19
28	30
29	2
30	43
31	44
32	39
33	20
34	41
35	45
36	28
37	6
38	31
39	25
40	1
41	16
42	26
43	17
44	18
45	10
46	33
47	21
48	5
--------------------------
Constraints Added : 33
Time in Secs : 20.936
Objective Distaince : 36354.7
Subtour from Atlanta : 37
Full Tour:
1	9
2	4
3	23
4	48
5	29
6	7
7	46
8	38
9	8
10	24
11	12
12	15
13	14
14	34
15	40
16	22
17	27
18	36
19	37
20	47
21	32
22	3
23	11
24	42
25	13
26	35
27	19
28	30
29	2
30	43
31	44
32	39
33	20
34	41
35	45
36	28
37	6
38	31
39	25
40	1
41	16
42	26
43	17
44	18
45	10
46	33
47	21
48	5
--------------------------
Constraints Added : 34
Time in Secs : 21.622
Objective Distaince : 36362.6
Subtour from Atlanta : 44
Full Tour:
1	9
2	41
3	23
4	29
5	42
6	7
7	46
8	38
9	8
10	24
11	12
12	15
13	14
14	34
15	40
16	22
17	27
18	36
19	37
20	47
21	32
22	3
23	11
24	45
25	13
26	4
27	19
28	30
29	2
30	43
31	44
32	39
33	20
34	25
35	26
36	28
37	6
38	31
39	48
40	1
41	16
42	10
43	17
44	18
45	35
46	33
47	21
48	5
--------------------------
Constraints Added : 35
Time in Secs : 22.324
Objective Distaince : 36377.9
Subtour from Atlanta : 45
Full Tour:
1	9
2	41
3	23
4	29
5	42
6	7
7	46
8	38
9	8
10	24
11	12
12	15
13	21
14	34
15	40
16	22
17	27
18	36
19	37
20	47
21	32
22	3
23	11
24	45
25	14
26	4
27	19
28	30
29	2
30	43
31	44
32	39
33	20
34	25
35	26
36	28
37	6
38	31
39	48
40	1
41	16
42	10
43	17
44	18
45	35
46	33
47	13
48	5
--------------------------
Constraints Added : 36
Time in Secs : 22.901
Objective Distaince : 36403.1
Subtour from Atlanta : 25
Full Tour:
1	9
2	34
3	23
4	29
5	42
6	7
7	46
8	38
9	8
10	24
11	12
12	15
13	21
14	13
15	40
16	22
17	27
18	36
19	37
20	47
21	32
22	3
23	25
24	45
25	14
26	4
27	19
28	30
29	2
30	43
31	44
32	39
33	20
34	41
35	26
36	28
37	6
38	31
39	48
40	1
41	16
42	10
43	17
44	18
45	35
46	33
47	11
48	5
--------------------------
Constraints Added : 37
Time in Secs : 23.572
Objective Distaince : 36553.9
Subtour from Atlanta : 15
Full Tour:
1	38
2	41
3	23
4	29
5	42
6	7
7	31
8	9
9	16
10	24
11	12
12	20
13	47
14	13
15	40
16	22
17	27
18	36
19	37
20	33
21	32
22	3
23	11
24	45
25	14
26	4
27	19
28	30
29	2
30	43
31	44
32	39
33	46
34	25
35	26
36	28
37	6
38	8
39	48
40	1
41	34
42	10
43	17
44	18
45	35
46	15
47	21
48	5
--------------------------
Constraints Added : 38
Time in Secs : 24.243
Objective Distaince : 36876.1
Subtour from Atlanta : 15
Full Tour:
1	38
2	41
3	23
4	5
5	48
6	7
7	31
8	9
9	16
10	24
11	12
12	20
13	47
14	13
15	40
16	22
17	27
18	36
19	37
20	33
21	32
22	3
23	11
24	45
25	14
26	4
27	19
28	30
29	2
30	43
31	44
32	39
33	46
34	29
35	26
36	28
37	6
38	8
39	25
40	1
41	34
42	10
43	17
44	18
45	35
46	15
47	21
48	42
--------------------------
Constraints Added : 39
Time in Secs : 24.883
Objective Distaince : 36934.8
Subtour from Atlanta : 17
Full Tour:
1	38
2	4
3	23
4	5
5	48
6	7
7	31
8	9
9	22
10	24
11	12
12	20
13	47
14	13
15	40
16	41
17	27
18	36
19	37
20	33
21	32
22	16
23	11
24	42
25	14
26	35
27	19
28	30
29	2
30	43
31	44
32	39
33	46
34	3
35	45
36	28
37	6
38	8
39	25
40	1
41	34
42	26
43	17
44	18
45	10
46	15
47	21
48	29
--------------------------
Constraints Added : 40
Time in Secs : 25.335
Objective Distaince : 37305.2
Subtour from Atlanta : 24
Full Tour:
1	8
2	4
3	40
4	32
5	29
6	7
7	37
8	9
9	22
10	24
11	23
12	11
13	21
14	13
15	12
16	41
17	43
18	36
19	27
20	33
21	47
22	16
23	25
24	42
25	14
26	35
27	17
28	18
29	2
30	6
31	38
32	39
33	46
34	3
35	45
36	28
37	19
38	1
39	48
40	15
41	34
42	26
43	30
44	31
45	10
46	44
47	20
48	5
--------------------------
Constraints Added : 41
Time in Secs : 25.803
Objective Distaince : 37361.5
Subtour from Atlanta : 24
Full Tour:
1	8
2	35
3	40
4	32
5	29
6	7
7	37
8	9
9	22
10	24
11	23
12	11
13	21
14	13
15	12
16	41
17	43
18	36
19	27
20	33
21	47
22	16
23	25
24	42
25	14
26	4
27	17
28	18
29	2
30	6
31	38
32	39
33	46
34	3
35	45
36	28
37	19
38	1
39	48
40	15
41	34
42	26
43	30
44	31
45	10
46	44
47	20
48	5
--------------------------
Constraints Added : 42
Time in Secs : 26.255
Objective Distaince : 37648.2
Subtour from Atlanta : 24
Full Tour:
1	8
2	35
3	40
4	39
5	29
6	7
7	37
8	9
9	22
10	24
11	23
12	11
13	21
14	13
15	12
16	41
17	43
18	28
19	27
20	33
21	47
22	16
23	25
24	42
25	14
26	4
27	17
28	36
29	2
30	6
31	38
32	48
33	46
34	3
35	45
36	18
37	19
38	1
39	32
40	15
41	34
42	26
43	30
44	31
45	10
46	44
47	20
48	5
--------------------------
Constraints Added : 43
Time in Secs : 26.723
Objective Distaince : 37677.1
Subtour from Atlanta : 24
Full Tour:
1	8
2	45
3	40
4	39
5	29
6	7
7	37
8	9
9	22
10	42
11	23
12	11
13	21
14	13
15	12
16	41
17	43
18	28
19	27
20	33
21	47
22	16
23	25
24	10
25	14
26	4
27	17
28	36
29	2
30	6
31	38
32	48
33	46
34	3
35	26
36	18
37	19
38	1
39	32
40	15
41	34
42	24
43	30
44	31
45	35
46	44
47	20
48	5
--------------------------
Constraints Added : 44
Time in Secs : 27.425
Objective Distaince : 38031.6
Subtour from Atlanta : 25
Full Tour:
1	9
2	45
3	23
4	34
5	29
6	7
7	46
8	38
9	8
10	24
11	12
12	15
13	21
14	13
15	40
16	22
17	27
18	36
19	37
20	47
21	32
22	3
23	25
24	42
25	14
26	4
27	19
28	30
29	2
30	43
31	44
32	39
33	20
34	41
35	26
36	28
37	6
38	31
39	48
40	1
41	16
42	10
43	17
44	18
45	35
46	33
47	11
48	5
--------------------------
Constraints Added : 45
Time in Secs : 27.893
Objective Distaince : 38806.3
Subtour from Atlanta : 44
Full Tour:
1	9
2	25
3	41
4	34
5	42
6	7
7	46
8	38
9	8
10	24
11	12
12	15
13	23
14	13
15	40
16	22
17	27
18	36
19	37
20	47
21	32
22	3
23	11
24	45
25	14
26	4
27	19
28	30
29	2
30	43
31	44
32	39
33	20
34	29
35	26
36	28
37	6
38	31
39	48
40	1
41	16
42	10
43	17
44	18
45	35
46	33
47	21
48	5
--------------------------
Constraints Added : 46
Time in Secs : 28.361
Objective Distaince : 38884.9
Subtour from Atlanta : 31
Full Tour:
1	8
2	32
3	23
4	25
5	42
6	7
7	37
8	9
9	22
10	24
11	12
12	15
13	21
14	13
15	40
16	41
17	43
18	36
19	27
20	33
21	47
22	16
23	11
24	45
25	14
26	4
27	17
28	18
29	2
30	6
31	38
32	39
33	46
34	29
35	26
36	28
37	19
38	1
39	48
40	3
41	34
42	10
43	30
44	31
45	35
46	44
47	20
48	5
--------------------------
Constraints Added : 47
Time in Secs : 28.829
Objective Distaince : 38890.3
Subtour from Atlanta : 31
Full Tour:
1	8
2	32
3	40
4	25
5	42
6	18
7	37
8	9
9	22
10	24
11	23
12	11
13	21
14	13
15	12
16	41
17	43
18	36
19	27
20	33
21	47
22	16
23	3
24	45
25	14
26	4
27	17
28	7
29	2
30	6
31	38
32	39
33	46
34	29
35	26
36	28
37	19
38	1
39	48
40	15
41	34
42	10
43	30
44	31
45	35
46	44
47	20
48	5
--------------------------
Constraints Added : 48
Time in Secs : 29.313
Objective Distaince : 38890.3
Subtour from Atlanta : 31
Full Tour:
1	8
2	32
3	23
4	25
5	42
6	18
7	37
8	9
9	22
10	24
11	12
12	15
13	21
14	13
15	40
16	41
17	43
18	36
19	27
20	33
21	47
22	16
23	11
24	45
25	14
26	4
27	17
28	7
29	2
30	6
31	38
32	39
33	46
34	29
35	26
36	28
37	19
38	1
39	48
40	3
41	34
42	10
43	30
44	31
45	35
46	44
47	20
48	5
--------------------------
Constraints Added : 49
Time in Secs : 29.765
Objective Distaince : 39166.5
Subtour from Atlanta : 30
Full Tour:
1	8
2	32
3	23
4	25
5	42
6	44
7	37
8	9
9	22
10	24
11	12
12	15
13	21
14	13
15	40
16	41
17	43
18	36
19	27
20	33
21	47
22	16
23	11
24	45
25	14
26	4
27	17
28	7
29	2
30	6
31	38
32	39
33	46
34	29
35	26
36	28
37	19
38	1
39	48
40	3
41	34
42	10
43	30
44	18
45	35
46	31
47	20
48	5
--------------------------
Constraints Added : 50
Time in Secs : 30.218
Objective Distaince : 39514.7
Subtour from Atlanta : 29
Full Tour:
1	8
2	32
3	14
4	25
5	42
6	44
7	37
8	9
9	22
10	24
11	12
12	15
13	21
14	23
15	40
16	41
17	43
18	36
19	27
20	33
21	47
22	16
23	11
24	45
25	13
26	4
27	17
28	7
29	2
30	6
31	38
32	39
33	46
34	29
35	26
36	28
37	19
38	1
39	48
40	3
41	34
42	10
43	30
44	18
45	35
46	31
47	20
48	5
--------------------------
Constraints Added : 51
Time in Secs : 30.748
Objective Distaince : 39829.1
Subtour from Atlanta : 48
Full Tour:
1	38
2	32
3	9
4	25
5	42
6	46
7	37
8	1
9	8
10	24
11	23
12	15
13	21
14	13
15	40
16	41
17	43
18	36
19	27
20	12
21	47
22	16
23	3
24	45
25	14
26	4
27	17
28	7
29	2
30	6
31	44
32	39
33	20
34	29
35	26
36	28
37	19
38	31
39	48
40	22
41	34
42	10
43	30
44	18
45	35
46	33
47	11
48	5
--------------------------
